{
  "numFailedTestSuites": 39,
  "numFailedTests": 0,
  "numPassedTestSuites": 0,
  "numPassedTests": 0,
  "numPendingTestSuites": 0,
  "numPendingTests": 0,
  "numRuntimeErrorTestSuites": 39,
  "numTodoTests": 0,
  "numTotalTestSuites": 46,
  "numTotalTests": 0,
  "openHandles": [],
  "snapshot": {
    "added": 0,
    "didUpdate": false,
    "failure": false,
    "filesAdded": 0,
    "filesRemoved": 0,
    "filesRemovedList": [],
    "filesUnmatched": 0,
    "filesUpdated": 0,
    "matched": 0,
    "total": 0,
    "unchecked": 0,
    "uncheckedKeysByFile": [],
    "unmatched": 0,
    "updated": 0
  },
  "startTime": 1750076850072,
  "success": false,
  "testResults": [
    {
      "failureMessage": "  \u001b[1m● \u001b[22mTest suite failed to run\n\n    Your test suite must contain at least one test.\n\n      \u001b[2mat onResult (\u001b[22mnode_modules/@jest/core/build/TestScheduler.js\u001b[2m:133:18)\u001b[22m\n      \u001b[2mat \u001b[22mnode_modules/@jest/core/build/TestScheduler.js\u001b[2m:254:19\u001b[22m\n      \u001b[2mat \u001b[22mnode_modules/emittery/index.js\u001b[2m:363:13\u001b[22m\n          at Array.map (<anonymous>)\n      \u001b[2mat Emittery.emit (\u001b[22mnode_modules/emittery/index.js\u001b[2m:361:23)\u001b[22m\n",
      "leaks": false,
      "numFailingTests": 0,
      "numPassingTests": 0,
      "numPendingTests": 0,
      "numTodoTests": 0,
      "openHandles": [],
      "perfStats": {
        "end": 0,
        "runtime": 0,
        "slow": false,
        "start": 0
      },
      "skipped": false,
      "snapshot": {
        "added": 0,
        "fileDeleted": false,
        "matched": 0,
        "unchecked": 0,
        "uncheckedKeys": [],
        "unmatched": 0,
        "updated": 0
      },
      "testExecError": {
        "message": "Your test suite must contain at least one test.",
        "stack": "Error: Your test suite must contain at least one test.\n    at onResult (C:\\Users\\sande\\Desktop\\cspl\\backend\\node_modules\\@jest\\core\\build\\TestScheduler.js:133:18)\n    at C:\\Users\\sande\\Desktop\\cspl\\backend\\node_modules\\@jest\\core\\build\\TestScheduler.js:254:19\n    at C:\\Users\\sande\\Desktop\\cspl\\backend\\node_modules\\emittery\\index.js:363:13\n    at Array.map (<anonymous>)\n    at Emittery.emit (C:\\Users\\sande\\Desktop\\cspl\\backend\\node_modules\\emittery\\index.js:361:23)\n    at process.processTicksAndRejections (node:internal/process/task_queues:105:5)"
      },
      "testFilePath": "C:\\Users\\sande\\Desktop\\cspl\\backend\\config\\database.test.js",
      "testResults": []
    },
    {
      "failureMessage": "  \u001b[1m● \u001b[22mTest suite failed to run\n\n    \u001b[1m\u001b[31mJest encountered an unexpected token\u001b[39m\u001b[22m\n\n    Jest failed to parse a file. This happens e.g. when your code or its dependencies use non-standard JavaScript syntax, or when Jest is not configured to support such syntax.\n\n    Out of the box Jest supports Babel, which will be used to transform your files into valid JS based on your Babel configuration.\n\n    By default \"node_modules\" folder is ignored by transformers.\n\n    Here's what you can do:\n     • If you are trying to use ECMAScript Modules, see \u001b[4mhttps://jestjs.io/docs/ecmascript-modules\u001b[24m for how to enable it.\n     • If you are trying to use TypeScript, see \u001b[4mhttps://jestjs.io/docs/getting-started#using-typescript\u001b[24m\n     • To have some of your \"node_modules\" files transformed, you can specify a custom \u001b[1m\"transformIgnorePatterns\"\u001b[22m in your config.\n     • If you need a custom transformation specify a \u001b[1m\"transform\"\u001b[22m option in your config.\n     • If you simply want to mock your non-JS modules (e.g. binary assets) you can stub them out with the \u001b[1m\"moduleNameMapper\"\u001b[22m config option.\n\n    You'll find more details and examples of these config options in the docs:\n    \u001b[36mhttps://jestjs.io/docs/configuration\u001b[39m\n    For information about custom transformations, see:\n    \u001b[36mhttps://jestjs.io/docs/code-transformation\u001b[39m\n\n    \u001b[1m\u001b[31mDetails:\u001b[39m\u001b[22m\n\n    SyntaxError: C:\\Users\\sande\\Desktop\\cspl\\backend\\routes\\item_choices_route.js: Unexpected reserved word 'package'. (188:4)\n\n    \u001b[0m \u001b[90m 186 |\u001b[39m     image_url\u001b[33m,\u001b[39m\n     \u001b[90m 187 |\u001b[39m     is_premium\u001b[33m,\u001b[39m\n    \u001b[31m\u001b[1m>\u001b[22m\u001b[39m\u001b[90m 188 |\u001b[39m     \u001b[36mpackage\u001b[39m\u001b[33m,\u001b[39m\n     \u001b[90m     |\u001b[39m     \u001b[31m\u001b[1m^\u001b[22m\u001b[39m\n     \u001b[90m 189 |\u001b[39m     is_default\u001b[33m,\u001b[39m\n     \u001b[90m 190 |\u001b[39m     is_active\n     \u001b[90m 191 |\u001b[39m   } \u001b[33m=\u001b[39m req\u001b[33m.\u001b[39mbody\u001b[33m;\u001b[39m\u001b[0m\n\n    \u001b[0m \u001b[90m  7 |\u001b[39m \u001b[36mconst\u001b[39m projects \u001b[33m=\u001b[39m require(\u001b[32m'../routes/projects_route'\u001b[39m)\u001b[33m;\u001b[39m  \n     \u001b[90m  8 |\u001b[39m \u001b[36mconst\u001b[39m items \u001b[33m=\u001b[39m require(\u001b[32m'../routes/items_route'\u001b[39m)\u001b[33m;\u001b[39m  \n    \u001b[31m\u001b[1m>\u001b[22m\u001b[39m\u001b[90m  9 |\u001b[39m \u001b[36mconst\u001b[39m itemchoices \u001b[33m=\u001b[39m require(\u001b[32m'../routes/item_choices_route'\u001b[39m)\u001b[33m;\u001b[39m  \n     \u001b[90m    |\u001b[39m                     \u001b[31m\u001b[1m^\u001b[22m\u001b[39m\n     \u001b[90m 10 |\u001b[39m \u001b[36mconst\u001b[39m employees \u001b[33m=\u001b[39m require(\u001b[32m'../routes/employees_route'\u001b[39m)\u001b[33m;\u001b[39m  \n     \u001b[90m 11 |\u001b[39m \u001b[36mconst\u001b[39m clients \u001b[33m=\u001b[39m require(\u001b[32m'../routes/clients_route'\u001b[39m)\u001b[33m;\u001b[39m\n     \u001b[90m 12 |\u001b[39m \u001b[36mconst\u001b[39m architect_measurements_structural \u001b[33m=\u001b[39m require(\u001b[32m'../routes/architect_measurements_structural_route'\u001b[39m)\u001b[33m;\u001b[39m\u001b[0m\n\n      \u001b[2mat constructor (\u001b[22mnode_modules/@babel/parser/src/parse-error.ts\u001b[2m:95:45)\u001b[22m\n      \u001b[2mat Parser.toParseError [as raise] (\u001b[22mnode_modules/@babel/parser/src/tokenizer/index.ts\u001b[2m:1503:19)\u001b[22m\n      \u001b[2mat Parser.raise [as checkReservedWord] (\u001b[22mnode_modules/@babel/parser/src/parser/expression.ts\u001b[2m:2831:12)\u001b[22m\n      \u001b[2mat Parser.checkReservedWord [as parseObjectProperty] (\u001b[22mnode_modules/@babel/parser/src/parser/expression.ts\u001b[2m:2299:12)\u001b[22m\n      \u001b[2mat Parser.parseObjectProperty [as parseObjPropValue] (\u001b[22mnode_modules/@babel/parser/src/parser/expression.ts\u001b[2m:2349:12)\u001b[22m\n      \u001b[2mat Parser.parseObjPropValue [as parseBindingProperty] (\u001b[22mnode_modules/@babel/parser/src/parser/lval.ts\u001b[2m:476:17)\u001b[22m\n      \u001b[2mat Parser.parseBindingProperty [as parseObjectLike] (\u001b[22mnode_modules/@babel/parser/src/parser/expression.ts\u001b[2m:2057:21)\u001b[22m\n      \u001b[2mat Parser.parseObjectLike [as parseBindingAtom] (\u001b[22mnode_modules/@babel/parser/src/parser/lval.ts\u001b[2m:387:21)\u001b[22m\n      \u001b[2mat Parser.parseBindingAtom [as parseVarId] (\u001b[22mnode_modules/@babel/parser/src/parser/statement.ts\u001b[2m:1594:21)\u001b[22m\n      \u001b[2mat Parser.parseVarId [as parseVar] (\u001b[22mnode_modules/@babel/parser/src/parser/statement.ts\u001b[2m:1553:12)\u001b[22m\n      \u001b[2mat Parser.parseVar [as parseVarStatement] (\u001b[22mnode_modules/@babel/parser/src/parser/statement.ts\u001b[2m:1222:10)\u001b[22m\n      \u001b[2mat Parser.parseVarStatement [as parseStatementContent] (\u001b[22mnode_modules/@babel/parser/src/parser/statement.ts\u001b[2m:578:21)\u001b[22m\n      \u001b[2mat Parser.parseStatementContent [as parseStatementLike] (\u001b[22mnode_modules/@babel/parser/src/parser/statement.ts\u001b[2m:449:17)\u001b[22m\n      \u001b[2mat Parser.parseStatementLike [as parseStatementListItem] (\u001b[22mnode_modules/@babel/parser/src/parser/statement.ts\u001b[2m:398:17)\u001b[22m\n      \u001b[2mat Parser.parseStatementListItem [as parseBlockOrModuleBlockBody] (\u001b[22mnode_modules/@babel/parser/src/parser/statement.ts\u001b[2m:1415:16)\u001b[22m\n      \u001b[2mat Parser.parseBlockOrModuleBlockBody [as parseBlockBody] (\u001b[22mnode_modules/@babel/parser/src/parser/statement.ts\u001b[2m:1388:10)\u001b[22m\n      \u001b[2mat Parser.parseBlockBody [as parseBlock] (\u001b[22mnode_modules/@babel/parser/src/parser/statement.ts\u001b[2m:1356:10)\u001b[22m\n      \u001b[2mat Parser.parseBlock [as parseFunctionBody] (\u001b[22mnode_modules/@babel/parser/src/parser/expression.ts\u001b[2m:2579:24)\u001b[22m\n      \u001b[2mat Parser.parseFunctionBody [as parseArrowExpression] (\u001b[22mnode_modules/@babel/parser/src/parser/expression.ts\u001b[2m:2520:10)\u001b[22m\n      \u001b[2mat Parser.parseArrowExpression [as parseAsyncArrowFromCallExpression] (\u001b[22mnode_modules/@babel/parser/src/parser/expression.ts\u001b[2m:1045:10)\u001b[22m\n      \u001b[2mat Parser.parseAsyncArrowFromCallExpression [as parseCoverCallAndAsyncArrowHead] (\u001b[22mnode_modules/@babel/parser/src/parser/expression.ts\u001b[2m:924:27)\u001b[22m\n      \u001b[2mat Parser.parseCoverCallAndAsyncArrowHead [as parseSubscript] (\u001b[22mnode_modules/@babel/parser/src/parser/expression.ts\u001b[2m:785:19)\u001b[22m\n      \u001b[2mat Parser.parseSubscript [as parseSubscripts] (\u001b[22mnode_modules/@babel/parser/src/parser/expression.ts\u001b[2m:744:19)\u001b[22m\n      \u001b[2mat Parser.parseSubscripts [as parseExprSubscripts] (\u001b[22mnode_modules/@babel/parser/src/parser/expression.ts\u001b[2m:729:17)\u001b[22m\n      \u001b[2mat Parser.parseExprSubscripts [as parseUpdate] (\u001b[22mnode_modules/@babel/parser/src/parser/expression.ts\u001b[2m:702:21)\u001b[22m\n      \u001b[2mat Parser.parseUpdate [as parseMaybeUnary] (\u001b[22mnode_modules/@babel/parser/src/parser/expression.ts\u001b[2m:664:23)\u001b[22m\n      \u001b[2mat Parser.parseMaybeUnary [as parseMaybeUnaryOrPrivate] (\u001b[22mnode_modules/@babel/parser/src/parser/expression.ts\u001b[2m:398:14)\u001b[22m\n      \u001b[2mat Parser.parseMaybeUnaryOrPrivate [as parseExprOps] (\u001b[22mnode_modules/@babel/parser/src/parser/expression.ts\u001b[2m:410:23)\u001b[22m\n      \u001b[2mat Parser.parseExprOps [as parseMaybeConditional] (\u001b[22mnode_modules/@babel/parser/src/parser/expression.ts\u001b[2m:365:23)\u001b[22m\n      \u001b[2mat Parser.parseMaybeConditional [as parseMaybeAssign] (\u001b[22mnode_modules/@babel/parser/src/parser/expression.ts\u001b[2m:296:21)\u001b[22m\n      \u001b[2mat parseMaybeAssign (\u001b[22mnode_modules/@babel/parser/src/parser/expression.ts\u001b[2m:252:12)\u001b[22m\n      \u001b[2mat Parser.callback [as allowInAnd] (\u001b[22mnode_modules/@babel/parser/src/parser/expression.ts\u001b[2m:3136:12)\u001b[22m\n      \u001b[2mat Parser.allowInAnd [as parseMaybeAssignAllowIn] (\u001b[22mnode_modules/@babel/parser/src/parser/expression.ts\u001b[2m:251:17)\u001b[22m\n      \u001b[2mat Parser.parseMaybeAssignAllowIn [as parseExprListItem] (\u001b[22mnode_modules/@babel/parser/src/parser/expression.ts\u001b[2m:2742:18)\u001b[22m\n      \u001b[2mat Parser.parseExprListItem [as parseCallExpressionArguments] (\u001b[22mnode_modules/@babel/parser/src/parser/expression.ts\u001b[2m:1025:14)\u001b[22m\n      \u001b[2mat Parser.parseCallExpressionArguments [as parseCoverCallAndAsyncArrowHead] (\u001b[22mnode_modules/@babel/parser/src/parser/expression.ts\u001b[2m:903:29)\u001b[22m\n      \u001b[2mat Parser.parseCoverCallAndAsyncArrowHead [as parseSubscript] (\u001b[22mnode_modules/@babel/parser/src/parser/expression.ts\u001b[2m:785:19)\u001b[22m\n      \u001b[2mat Parser.parseSubscript [as parseSubscripts] (\u001b[22mnode_modules/@babel/parser/src/parser/expression.ts\u001b[2m:744:19)\u001b[22m\n      \u001b[2mat Parser.parseSubscripts [as parseExprSubscripts] (\u001b[22mnode_modules/@babel/parser/src/parser/expression.ts\u001b[2m:729:17)\u001b[22m\n      \u001b[2mat Parser.parseExprSubscripts [as parseUpdate] (\u001b[22mnode_modules/@babel/parser/src/parser/expression.ts\u001b[2m:702:21)\u001b[22m\n      \u001b[2mat Parser.parseUpdate [as parseMaybeUnary] (\u001b[22mnode_modules/@babel/parser/src/parser/expression.ts\u001b[2m:664:23)\u001b[22m\n      \u001b[2mat Parser.parseMaybeUnary [as parseMaybeUnaryOrPrivate] (\u001b[22mnode_modules/@babel/parser/src/parser/expression.ts\u001b[2m:398:14)\u001b[22m\n      \u001b[2mat Parser.parseMaybeUnaryOrPrivate [as parseExprOps] (\u001b[22mnode_modules/@babel/parser/src/parser/expression.ts\u001b[2m:410:23)\u001b[22m\n      \u001b[2mat Parser.parseExprOps [as parseMaybeConditional] (\u001b[22mnode_modules/@babel/parser/src/parser/expression.ts\u001b[2m:365:23)\u001b[22m\n      \u001b[2mat Parser.parseMaybeConditional [as parseMaybeAssign] (\u001b[22mnode_modules/@babel/parser/src/parser/expression.ts\u001b[2m:296:21)\u001b[22m\n      \u001b[2mat Parser.parseMaybeAssign [as parseExpressionBase] (\u001b[22mnode_modules/@babel/parser/src/parser/expression.ts\u001b[2m:221:23)\u001b[22m\n      \u001b[2mat parseExpressionBase (\u001b[22mnode_modules/@babel/parser/src/parser/expression.ts\u001b[2m:212:39)\u001b[22m\n      \u001b[2mat Parser.callback [as allowInAnd] (\u001b[22mnode_modules/@babel/parser/src/parser/expression.ts\u001b[2m:3131:16)\u001b[22m\n      \u001b[2mat Parser.allowInAnd [as parseExpression] (\u001b[22mnode_modules/@babel/parser/src/parser/expression.ts\u001b[2m:212:17)\u001b[22m\n      \u001b[2mat Parser.parseExpression [as parseStatementContent] (\u001b[22mnode_modules/@babel/parser/src/parser/statement.ts\u001b[2m:654:23)\u001b[22m\n      \u001b[2mat Parser.parseStatementContent [as parseStatementLike] (\u001b[22mnode_modules/@babel/parser/src/parser/statement.ts\u001b[2m:449:17)\u001b[22m\n      \u001b[2mat Parser.parseStatementLike [as parseModuleItem] (\u001b[22mnode_modules/@babel/parser/src/parser/statement.ts\u001b[2m:386:17)\u001b[22m\n      \u001b[2mat Parser.parseModuleItem [as parseBlockOrModuleBlockBody] (\u001b[22mnode_modules/@babel/parser/src/parser/statement.ts\u001b[2m:1414:16)\u001b[22m\n      \u001b[2mat Parser.parseBlockOrModuleBlockBody [as parseBlockBody] (\u001b[22mnode_modules/@babel/parser/src/parser/statement.ts\u001b[2m:1388:10)\u001b[22m\n      \u001b[2mat Parser.parseBlockBody [as parseProgram] (\u001b[22mnode_modules/@babel/parser/src/parser/statement.ts\u001b[2m:225:10)\u001b[22m\n      \u001b[2mat Parser.parseProgram [as parseTopLevel] (\u001b[22mnode_modules/@babel/parser/src/parser/statement.ts\u001b[2m:203:25)\u001b[22m\n      \u001b[2mat Parser.parseTopLevel [as parse] (\u001b[22mnode_modules/@babel/parser/src/parser/index.ts\u001b[2m:93:10)\u001b[22m\n      \u001b[2mat parse (\u001b[22mnode_modules/@babel/parser/src/index.ts\u001b[2m:92:38)\u001b[22m\n      \u001b[2mat parser (\u001b[22mnode_modules/@babel/core/src/parser/index.ts\u001b[2m:28:19)\u001b[22m\n          at parser.next (<anonymous>)\n      \u001b[2mat normalizeFile (\u001b[22mnode_modules/@babel/core/src/transformation/normalize-file.ts\u001b[2m:49:24)\u001b[22m\n          at normalizeFile.next (<anonymous>)\n      \u001b[2mat run (\u001b[22mnode_modules/@babel/core/src/transformation/index.ts\u001b[2m:40:36)\u001b[22m\n          at run.next (<anonymous>)\n      \u001b[2mat transform (\u001b[22mnode_modules/@babel/core/src/transform.ts\u001b[2m:29:20)\u001b[22m\n          at transform.next (<anonymous>)\n      \u001b[2mat evaluateSync (\u001b[22mnode_modules/gensync/index.js\u001b[2m:251:28)\u001b[22m\n      \u001b[2mat sync (\u001b[22mnode_modules/gensync/index.js\u001b[2m:89:14)\u001b[22m\n      \u001b[2mat fn (\u001b[22mnode_modules/@babel/core/src/errors/rewrite-stack-trace.ts\u001b[2m:99:14)\u001b[22m\n      \u001b[2mat transformSync (\u001b[22mnode_modules/@babel/core/src/transform.ts\u001b[2m:66:52)\u001b[22m\n      \u001b[2mat ScriptTransformer.transformSource (\u001b[22mnode_modules/@jest/transform/build/ScriptTransformer.js\u001b[2m:545:31)\u001b[22m\n      \u001b[2mat ScriptTransformer._transformAndBuildScript (\u001b[22mnode_modules/@jest/transform/build/ScriptTransformer.js\u001b[2m:674:40)\u001b[22m\n      \u001b[2mat ScriptTransformer.transform (\u001b[22mnode_modules/@jest/transform/build/ScriptTransformer.js\u001b[2m:726:19)\u001b[22m\n      \u001b[2mat Object.require (\u001b[22mtests/testApp.js\u001b[2m:9:21)\u001b[22m\n      \u001b[2mat Object.require (\u001b[22m\u001b[0m\u001b[36mtests/room_dimensions.test.js\u001b[39m\u001b[0m\u001b[2m:3:23)\u001b[22m\n",
      "leaks": false,
      "numFailingTests": 0,
      "numPassingTests": 0,
      "numPendingTests": 0,
      "numTodoTests": 0,
      "openHandles": [],
      "perfStats": {
        "end": 0,
        "runtime": 0,
        "slow": false,
        "start": 0
      },
      "skipped": false,
      "snapshot": {
        "added": 0,
        "fileDeleted": false,
        "matched": 0,
        "unchecked": 0,
        "uncheckedKeys": [],
        "unmatched": 0,
        "updated": 0
      },
      "testExecError": "C:\\Users\\sande\\Desktop\\cspl\\backend\\routes\\item_choices_route.js: Unexpected reserved word 'package'. (188:4)\n\n\u001b[0m \u001b[90m 186 |\u001b[39m     image_url\u001b[33m,\u001b[39m\n \u001b[90m 187 |\u001b[39m     is_premium\u001b[33m,\u001b[39m\n\u001b[31m\u001b[1m>\u001b[22m\u001b[39m\u001b[90m 188 |\u001b[39m     \u001b[36mpackage\u001b[39m\u001b[33m,\u001b[39m\n \u001b[90m     |\u001b[39m     \u001b[31m\u001b[1m^\u001b[22m\u001b[39m\n \u001b[90m 189 |\u001b[39m     is_default\u001b[33m,\u001b[39m\n \u001b[90m 190 |\u001b[39m     is_active\n \u001b[90m 191 |\u001b[39m   } \u001b[33m=\u001b[39m req\u001b[33m.\u001b[39mbody\u001b[33m;\u001b[39m\u001b[0m",
      "testFilePath": "C:\\Users\\sande\\Desktop\\cspl\\backend\\tests\\room_dimensions.test.js",
      "testResults": []
    },
    {
      "failureMessage": "  \u001b[1m● \u001b[22mTest suite failed to run\n\n    \u001b[1m\u001b[31mJest encountered an unexpected token\u001b[39m\u001b[22m\n\n    Jest failed to parse a file. This happens e.g. when your code or its dependencies use non-standard JavaScript syntax, or when Jest is not configured to support such syntax.\n\n    Out of the box Jest supports Babel, which will be used to transform your files into valid JS based on your Babel configuration.\n\n    By default \"node_modules\" folder is ignored by transformers.\n\n    Here's what you can do:\n     • If you are trying to use ECMAScript Modules, see \u001b[4mhttps://jestjs.io/docs/ecmascript-modules\u001b[24m for how to enable it.\n     • If you are trying to use TypeScript, see \u001b[4mhttps://jestjs.io/docs/getting-started#using-typescript\u001b[24m\n     • To have some of your \"node_modules\" files transformed, you can specify a custom \u001b[1m\"transformIgnorePatterns\"\u001b[22m in your config.\n     • If you need a custom transformation specify a \u001b[1m\"transform\"\u001b[22m option in your config.\n     • If you simply want to mock your non-JS modules (e.g. binary assets) you can stub them out with the \u001b[1m\"moduleNameMapper\"\u001b[22m config option.\n\n    You'll find more details and examples of these config options in the docs:\n    \u001b[36mhttps://jestjs.io/docs/configuration\u001b[39m\n    For information about custom transformations, see:\n    \u001b[36mhttps://jestjs.io/docs/code-transformation\u001b[39m\n\n    \u001b[1m\u001b[31mDetails:\u001b[39m\u001b[22m\n\n    SyntaxError: C:\\Users\\sande\\Desktop\\cspl\\backend\\routes\\item_choices_route.js: Unexpected reserved word 'package'. (188:4)\n\n    \u001b[0m \u001b[90m 186 |\u001b[39m     image_url\u001b[33m,\u001b[39m\n     \u001b[90m 187 |\u001b[39m     is_premium\u001b[33m,\u001b[39m\n    \u001b[31m\u001b[1m>\u001b[22m\u001b[39m\u001b[90m 188 |\u001b[39m     \u001b[36mpackage\u001b[39m\u001b[33m,\u001b[39m\n     \u001b[90m     |\u001b[39m     \u001b[31m\u001b[1m^\u001b[22m\u001b[39m\n     \u001b[90m 189 |\u001b[39m     is_default\u001b[33m,\u001b[39m\n     \u001b[90m 190 |\u001b[39m     is_active\n     \u001b[90m 191 |\u001b[39m   } \u001b[33m=\u001b[39m req\u001b[33m.\u001b[39mbody\u001b[33m;\u001b[39m\u001b[0m\n\n    \u001b[0m \u001b[90m  7 |\u001b[39m \u001b[36mconst\u001b[39m projects \u001b[33m=\u001b[39m require(\u001b[32m'../routes/projects_route'\u001b[39m)\u001b[33m;\u001b[39m  \n     \u001b[90m  8 |\u001b[39m \u001b[36mconst\u001b[39m items \u001b[33m=\u001b[39m require(\u001b[32m'../routes/items_route'\u001b[39m)\u001b[33m;\u001b[39m  \n    \u001b[31m\u001b[1m>\u001b[22m\u001b[39m\u001b[90m  9 |\u001b[39m \u001b[36mconst\u001b[39m itemchoices \u001b[33m=\u001b[39m require(\u001b[32m'../routes/item_choices_route'\u001b[39m)\u001b[33m;\u001b[39m  \n     \u001b[90m    |\u001b[39m                     \u001b[31m\u001b[1m^\u001b[22m\u001b[39m\n     \u001b[90m 10 |\u001b[39m \u001b[36mconst\u001b[39m employees \u001b[33m=\u001b[39m require(\u001b[32m'../routes/employees_route'\u001b[39m)\u001b[33m;\u001b[39m  \n     \u001b[90m 11 |\u001b[39m \u001b[36mconst\u001b[39m clients \u001b[33m=\u001b[39m require(\u001b[32m'../routes/clients_route'\u001b[39m)\u001b[33m;\u001b[39m\n     \u001b[90m 12 |\u001b[39m \u001b[36mconst\u001b[39m architect_measurements_structural \u001b[33m=\u001b[39m require(\u001b[32m'../routes/architect_measurements_structural_route'\u001b[39m)\u001b[33m;\u001b[39m\u001b[0m\n\n      \u001b[2mat constructor (\u001b[22mnode_modules/@babel/parser/src/parse-error.ts\u001b[2m:95:45)\u001b[22m\n      \u001b[2mat Parser.toParseError [as raise] (\u001b[22mnode_modules/@babel/parser/src/tokenizer/index.ts\u001b[2m:1503:19)\u001b[22m\n      \u001b[2mat Parser.raise [as checkReservedWord] (\u001b[22mnode_modules/@babel/parser/src/parser/expression.ts\u001b[2m:2831:12)\u001b[22m\n      \u001b[2mat Parser.checkReservedWord [as parseObjectProperty] (\u001b[22mnode_modules/@babel/parser/src/parser/expression.ts\u001b[2m:2299:12)\u001b[22m\n      \u001b[2mat Parser.parseObjectProperty [as parseObjPropValue] (\u001b[22mnode_modules/@babel/parser/src/parser/expression.ts\u001b[2m:2349:12)\u001b[22m\n      \u001b[2mat Parser.parseObjPropValue [as parseBindingProperty] (\u001b[22mnode_modules/@babel/parser/src/parser/lval.ts\u001b[2m:476:17)\u001b[22m\n      \u001b[2mat Parser.parseBindingProperty [as parseObjectLike] (\u001b[22mnode_modules/@babel/parser/src/parser/expression.ts\u001b[2m:2057:21)\u001b[22m\n      \u001b[2mat Parser.parseObjectLike [as parseBindingAtom] (\u001b[22mnode_modules/@babel/parser/src/parser/lval.ts\u001b[2m:387:21)\u001b[22m\n      \u001b[2mat Parser.parseBindingAtom [as parseVarId] (\u001b[22mnode_modules/@babel/parser/src/parser/statement.ts\u001b[2m:1594:21)\u001b[22m\n      \u001b[2mat Parser.parseVarId [as parseVar] (\u001b[22mnode_modules/@babel/parser/src/parser/statement.ts\u001b[2m:1553:12)\u001b[22m\n      \u001b[2mat Parser.parseVar [as parseVarStatement] (\u001b[22mnode_modules/@babel/parser/src/parser/statement.ts\u001b[2m:1222:10)\u001b[22m\n      \u001b[2mat Parser.parseVarStatement [as parseStatementContent] (\u001b[22mnode_modules/@babel/parser/src/parser/statement.ts\u001b[2m:578:21)\u001b[22m\n      \u001b[2mat Parser.parseStatementContent [as parseStatementLike] (\u001b[22mnode_modules/@babel/parser/src/parser/statement.ts\u001b[2m:449:17)\u001b[22m\n      \u001b[2mat Parser.parseStatementLike [as parseStatementListItem] (\u001b[22mnode_modules/@babel/parser/src/parser/statement.ts\u001b[2m:398:17)\u001b[22m\n      \u001b[2mat Parser.parseStatementListItem [as parseBlockOrModuleBlockBody] (\u001b[22mnode_modules/@babel/parser/src/parser/statement.ts\u001b[2m:1415:16)\u001b[22m\n      \u001b[2mat Parser.parseBlockOrModuleBlockBody [as parseBlockBody] (\u001b[22mnode_modules/@babel/parser/src/parser/statement.ts\u001b[2m:1388:10)\u001b[22m\n      \u001b[2mat Parser.parseBlockBody [as parseBlock] (\u001b[22mnode_modules/@babel/parser/src/parser/statement.ts\u001b[2m:1356:10)\u001b[22m\n      \u001b[2mat Parser.parseBlock [as parseFunctionBody] (\u001b[22mnode_modules/@babel/parser/src/parser/expression.ts\u001b[2m:2579:24)\u001b[22m\n      \u001b[2mat Parser.parseFunctionBody [as parseArrowExpression] (\u001b[22mnode_modules/@babel/parser/src/parser/expression.ts\u001b[2m:2520:10)\u001b[22m\n      \u001b[2mat Parser.parseArrowExpression [as parseAsyncArrowFromCallExpression] (\u001b[22mnode_modules/@babel/parser/src/parser/expression.ts\u001b[2m:1045:10)\u001b[22m\n      \u001b[2mat Parser.parseAsyncArrowFromCallExpression [as parseCoverCallAndAsyncArrowHead] (\u001b[22mnode_modules/@babel/parser/src/parser/expression.ts\u001b[2m:924:27)\u001b[22m\n      \u001b[2mat Parser.parseCoverCallAndAsyncArrowHead [as parseSubscript] (\u001b[22mnode_modules/@babel/parser/src/parser/expression.ts\u001b[2m:785:19)\u001b[22m\n      \u001b[2mat Parser.parseSubscript [as parseSubscripts] (\u001b[22mnode_modules/@babel/parser/src/parser/expression.ts\u001b[2m:744:19)\u001b[22m\n      \u001b[2mat Parser.parseSubscripts [as parseExprSubscripts] (\u001b[22mnode_modules/@babel/parser/src/parser/expression.ts\u001b[2m:729:17)\u001b[22m\n      \u001b[2mat Parser.parseExprSubscripts [as parseUpdate] (\u001b[22mnode_modules/@babel/parser/src/parser/expression.ts\u001b[2m:702:21)\u001b[22m\n      \u001b[2mat Parser.parseUpdate [as parseMaybeUnary] (\u001b[22mnode_modules/@babel/parser/src/parser/expression.ts\u001b[2m:664:23)\u001b[22m\n      \u001b[2mat Parser.parseMaybeUnary [as parseMaybeUnaryOrPrivate] (\u001b[22mnode_modules/@babel/parser/src/parser/expression.ts\u001b[2m:398:14)\u001b[22m\n      \u001b[2mat Parser.parseMaybeUnaryOrPrivate [as parseExprOps] (\u001b[22mnode_modules/@babel/parser/src/parser/expression.ts\u001b[2m:410:23)\u001b[22m\n      \u001b[2mat Parser.parseExprOps [as parseMaybeConditional] (\u001b[22mnode_modules/@babel/parser/src/parser/expression.ts\u001b[2m:365:23)\u001b[22m\n      \u001b[2mat Parser.parseMaybeConditional [as parseMaybeAssign] (\u001b[22mnode_modules/@babel/parser/src/parser/expression.ts\u001b[2m:296:21)\u001b[22m\n      \u001b[2mat parseMaybeAssign (\u001b[22mnode_modules/@babel/parser/src/parser/expression.ts\u001b[2m:252:12)\u001b[22m\n      \u001b[2mat Parser.callback [as allowInAnd] (\u001b[22mnode_modules/@babel/parser/src/parser/expression.ts\u001b[2m:3136:12)\u001b[22m\n      \u001b[2mat Parser.allowInAnd [as parseMaybeAssignAllowIn] (\u001b[22mnode_modules/@babel/parser/src/parser/expression.ts\u001b[2m:251:17)\u001b[22m\n      \u001b[2mat Parser.parseMaybeAssignAllowIn [as parseExprListItem] (\u001b[22mnode_modules/@babel/parser/src/parser/expression.ts\u001b[2m:2742:18)\u001b[22m\n      \u001b[2mat Parser.parseExprListItem [as parseCallExpressionArguments] (\u001b[22mnode_modules/@babel/parser/src/parser/expression.ts\u001b[2m:1025:14)\u001b[22m\n      \u001b[2mat Parser.parseCallExpressionArguments [as parseCoverCallAndAsyncArrowHead] (\u001b[22mnode_modules/@babel/parser/src/parser/expression.ts\u001b[2m:903:29)\u001b[22m\n      \u001b[2mat Parser.parseCoverCallAndAsyncArrowHead [as parseSubscript] (\u001b[22mnode_modules/@babel/parser/src/parser/expression.ts\u001b[2m:785:19)\u001b[22m\n      \u001b[2mat Parser.parseSubscript [as parseSubscripts] (\u001b[22mnode_modules/@babel/parser/src/parser/expression.ts\u001b[2m:744:19)\u001b[22m\n      \u001b[2mat Parser.parseSubscripts [as parseExprSubscripts] (\u001b[22mnode_modules/@babel/parser/src/parser/expression.ts\u001b[2m:729:17)\u001b[22m\n      \u001b[2mat Parser.parseExprSubscripts [as parseUpdate] (\u001b[22mnode_modules/@babel/parser/src/parser/expression.ts\u001b[2m:702:21)\u001b[22m\n      \u001b[2mat Parser.parseUpdate [as parseMaybeUnary] (\u001b[22mnode_modules/@babel/parser/src/parser/expression.ts\u001b[2m:664:23)\u001b[22m\n      \u001b[2mat Parser.parseMaybeUnary [as parseMaybeUnaryOrPrivate] (\u001b[22mnode_modules/@babel/parser/src/parser/expression.ts\u001b[2m:398:14)\u001b[22m\n      \u001b[2mat Parser.parseMaybeUnaryOrPrivate [as parseExprOps] (\u001b[22mnode_modules/@babel/parser/src/parser/expression.ts\u001b[2m:410:23)\u001b[22m\n      \u001b[2mat Parser.parseExprOps [as parseMaybeConditional] (\u001b[22mnode_modules/@babel/parser/src/parser/expression.ts\u001b[2m:365:23)\u001b[22m\n      \u001b[2mat Parser.parseMaybeConditional [as parseMaybeAssign] (\u001b[22mnode_modules/@babel/parser/src/parser/expression.ts\u001b[2m:296:21)\u001b[22m\n      \u001b[2mat Parser.parseMaybeAssign [as parseExpressionBase] (\u001b[22mnode_modules/@babel/parser/src/parser/expression.ts\u001b[2m:221:23)\u001b[22m\n      \u001b[2mat parseExpressionBase (\u001b[22mnode_modules/@babel/parser/src/parser/expression.ts\u001b[2m:212:39)\u001b[22m\n      \u001b[2mat Parser.callback [as allowInAnd] (\u001b[22mnode_modules/@babel/parser/src/parser/expression.ts\u001b[2m:3131:16)\u001b[22m\n      \u001b[2mat Parser.allowInAnd [as parseExpression] (\u001b[22mnode_modules/@babel/parser/src/parser/expression.ts\u001b[2m:212:17)\u001b[22m\n      \u001b[2mat Parser.parseExpression [as parseStatementContent] (\u001b[22mnode_modules/@babel/parser/src/parser/statement.ts\u001b[2m:654:23)\u001b[22m\n      \u001b[2mat Parser.parseStatementContent [as parseStatementLike] (\u001b[22mnode_modules/@babel/parser/src/parser/statement.ts\u001b[2m:449:17)\u001b[22m\n      \u001b[2mat Parser.parseStatementLike [as parseModuleItem] (\u001b[22mnode_modules/@babel/parser/src/parser/statement.ts\u001b[2m:386:17)\u001b[22m\n      \u001b[2mat Parser.parseModuleItem [as parseBlockOrModuleBlockBody] (\u001b[22mnode_modules/@babel/parser/src/parser/statement.ts\u001b[2m:1414:16)\u001b[22m\n      \u001b[2mat Parser.parseBlockOrModuleBlockBody [as parseBlockBody] (\u001b[22mnode_modules/@babel/parser/src/parser/statement.ts\u001b[2m:1388:10)\u001b[22m\n      \u001b[2mat Parser.parseBlockBody [as parseProgram] (\u001b[22mnode_modules/@babel/parser/src/parser/statement.ts\u001b[2m:225:10)\u001b[22m\n      \u001b[2mat Parser.parseProgram [as parseTopLevel] (\u001b[22mnode_modules/@babel/parser/src/parser/statement.ts\u001b[2m:203:25)\u001b[22m\n      \u001b[2mat Parser.parseTopLevel [as parse] (\u001b[22mnode_modules/@babel/parser/src/parser/index.ts\u001b[2m:93:10)\u001b[22m\n      \u001b[2mat parse (\u001b[22mnode_modules/@babel/parser/src/index.ts\u001b[2m:92:38)\u001b[22m\n      \u001b[2mat parser (\u001b[22mnode_modules/@babel/core/src/parser/index.ts\u001b[2m:28:19)\u001b[22m\n          at parser.next (<anonymous>)\n      \u001b[2mat normalizeFile (\u001b[22mnode_modules/@babel/core/src/transformation/normalize-file.ts\u001b[2m:49:24)\u001b[22m\n          at normalizeFile.next (<anonymous>)\n      \u001b[2mat run (\u001b[22mnode_modules/@babel/core/src/transformation/index.ts\u001b[2m:40:36)\u001b[22m\n          at run.next (<anonymous>)\n      \u001b[2mat transform (\u001b[22mnode_modules/@babel/core/src/transform.ts\u001b[2m:29:20)\u001b[22m\n          at transform.next (<anonymous>)\n      \u001b[2mat evaluateSync (\u001b[22mnode_modules/gensync/index.js\u001b[2m:251:28)\u001b[22m\n      \u001b[2mat sync (\u001b[22mnode_modules/gensync/index.js\u001b[2m:89:14)\u001b[22m\n      \u001b[2mat fn (\u001b[22mnode_modules/@babel/core/src/errors/rewrite-stack-trace.ts\u001b[2m:99:14)\u001b[22m\n      \u001b[2mat transformSync (\u001b[22mnode_modules/@babel/core/src/transform.ts\u001b[2m:66:52)\u001b[22m\n      \u001b[2mat ScriptTransformer.transformSource (\u001b[22mnode_modules/@jest/transform/build/ScriptTransformer.js\u001b[2m:545:31)\u001b[22m\n      \u001b[2mat ScriptTransformer._transformAndBuildScript (\u001b[22mnode_modules/@jest/transform/build/ScriptTransformer.js\u001b[2m:674:40)\u001b[22m\n      \u001b[2mat ScriptTransformer.transform (\u001b[22mnode_modules/@jest/transform/build/ScriptTransformer.js\u001b[2m:726:19)\u001b[22m\n      \u001b[2mat Object.require (\u001b[22mtests/testApp.js\u001b[2m:9:21)\u001b[22m\n      \u001b[2mat Object.require (\u001b[22m\u001b[0m\u001b[36mtests/vendor_type.test.js\u001b[39m\u001b[0m\u001b[2m:3:23)\u001b[22m\n",
      "leaks": false,
      "numFailingTests": 0,
      "numPassingTests": 0,
      "numPendingTests": 0,
      "numTodoTests": 0,
      "openHandles": [],
      "perfStats": {
        "end": 0,
        "runtime": 0,
        "slow": false,
        "start": 0
      },
      "skipped": false,
      "snapshot": {
        "added": 0,
        "fileDeleted": false,
        "matched": 0,
        "unchecked": 0,
        "uncheckedKeys": [],
        "unmatched": 0,
        "updated": 0
      },
      "testExecError": "C:\\Users\\sande\\Desktop\\cspl\\backend\\routes\\item_choices_route.js: Unexpected reserved word 'package'. (188:4)\n\n\u001b[0m \u001b[90m 186 |\u001b[39m     image_url\u001b[33m,\u001b[39m\n \u001b[90m 187 |\u001b[39m     is_premium\u001b[33m,\u001b[39m\n\u001b[31m\u001b[1m>\u001b[22m\u001b[39m\u001b[90m 188 |\u001b[39m     \u001b[36mpackage\u001b[39m\u001b[33m,\u001b[39m\n \u001b[90m     |\u001b[39m     \u001b[31m\u001b[1m^\u001b[22m\u001b[39m\n \u001b[90m 189 |\u001b[39m     is_default\u001b[33m,\u001b[39m\n \u001b[90m 190 |\u001b[39m     is_active\n \u001b[90m 191 |\u001b[39m   } \u001b[33m=\u001b[39m req\u001b[33m.\u001b[39mbody\u001b[33m;\u001b[39m\u001b[0m",
      "testFilePath": "C:\\Users\\sande\\Desktop\\cspl\\backend\\tests\\vendor_type.test.js",
      "testResults": []
    },
    {
      "failureMessage": "  \u001b[1m● \u001b[22mTest suite failed to run\n\n    \u001b[1m\u001b[31mJest encountered an unexpected token\u001b[39m\u001b[22m\n\n    Jest failed to parse a file. This happens e.g. when your code or its dependencies use non-standard JavaScript syntax, or when Jest is not configured to support such syntax.\n\n    Out of the box Jest supports Babel, which will be used to transform your files into valid JS based on your Babel configuration.\n\n    By default \"node_modules\" folder is ignored by transformers.\n\n    Here's what you can do:\n     • If you are trying to use ECMAScript Modules, see \u001b[4mhttps://jestjs.io/docs/ecmascript-modules\u001b[24m for how to enable it.\n     • If you are trying to use TypeScript, see \u001b[4mhttps://jestjs.io/docs/getting-started#using-typescript\u001b[24m\n     • To have some of your \"node_modules\" files transformed, you can specify a custom \u001b[1m\"transformIgnorePatterns\"\u001b[22m in your config.\n     • If you need a custom transformation specify a \u001b[1m\"transform\"\u001b[22m option in your config.\n     • If you simply want to mock your non-JS modules (e.g. binary assets) you can stub them out with the \u001b[1m\"moduleNameMapper\"\u001b[22m config option.\n\n    You'll find more details and examples of these config options in the docs:\n    \u001b[36mhttps://jestjs.io/docs/configuration\u001b[39m\n    For information about custom transformations, see:\n    \u001b[36mhttps://jestjs.io/docs/code-transformation\u001b[39m\n\n    \u001b[1m\u001b[31mDetails:\u001b[39m\u001b[22m\n\n    SyntaxError: C:\\Users\\sande\\Desktop\\cspl\\backend\\routes\\item_choices_route.js: Unexpected reserved word 'package'. (188:4)\n\n    \u001b[0m \u001b[90m 186 |\u001b[39m     image_url\u001b[33m,\u001b[39m\n     \u001b[90m 187 |\u001b[39m     is_premium\u001b[33m,\u001b[39m\n    \u001b[31m\u001b[1m>\u001b[22m\u001b[39m\u001b[90m 188 |\u001b[39m     \u001b[36mpackage\u001b[39m\u001b[33m,\u001b[39m\n     \u001b[90m     |\u001b[39m     \u001b[31m\u001b[1m^\u001b[22m\u001b[39m\n     \u001b[90m 189 |\u001b[39m     is_default\u001b[33m,\u001b[39m\n     \u001b[90m 190 |\u001b[39m     is_active\n     \u001b[90m 191 |\u001b[39m   } \u001b[33m=\u001b[39m req\u001b[33m.\u001b[39mbody\u001b[33m;\u001b[39m\u001b[0m\n\n    \u001b[0m \u001b[90m  7 |\u001b[39m \u001b[36mconst\u001b[39m projects \u001b[33m=\u001b[39m require(\u001b[32m'../routes/projects_route'\u001b[39m)\u001b[33m;\u001b[39m  \n     \u001b[90m  8 |\u001b[39m \u001b[36mconst\u001b[39m items \u001b[33m=\u001b[39m require(\u001b[32m'../routes/items_route'\u001b[39m)\u001b[33m;\u001b[39m  \n    \u001b[31m\u001b[1m>\u001b[22m\u001b[39m\u001b[90m  9 |\u001b[39m \u001b[36mconst\u001b[39m itemchoices \u001b[33m=\u001b[39m require(\u001b[32m'../routes/item_choices_route'\u001b[39m)\u001b[33m;\u001b[39m  \n     \u001b[90m    |\u001b[39m                     \u001b[31m\u001b[1m^\u001b[22m\u001b[39m\n     \u001b[90m 10 |\u001b[39m \u001b[36mconst\u001b[39m employees \u001b[33m=\u001b[39m require(\u001b[32m'../routes/employees_route'\u001b[39m)\u001b[33m;\u001b[39m  \n     \u001b[90m 11 |\u001b[39m \u001b[36mconst\u001b[39m clients \u001b[33m=\u001b[39m require(\u001b[32m'../routes/clients_route'\u001b[39m)\u001b[33m;\u001b[39m\n     \u001b[90m 12 |\u001b[39m \u001b[36mconst\u001b[39m architect_measurements_structural \u001b[33m=\u001b[39m require(\u001b[32m'../routes/architect_measurements_structural_route'\u001b[39m)\u001b[33m;\u001b[39m\u001b[0m\n\n      \u001b[2mat constructor (\u001b[22mnode_modules/@babel/parser/src/parse-error.ts\u001b[2m:95:45)\u001b[22m\n      \u001b[2mat Parser.toParseError [as raise] (\u001b[22mnode_modules/@babel/parser/src/tokenizer/index.ts\u001b[2m:1503:19)\u001b[22m\n      \u001b[2mat Parser.raise [as checkReservedWord] (\u001b[22mnode_modules/@babel/parser/src/parser/expression.ts\u001b[2m:2831:12)\u001b[22m\n      \u001b[2mat Parser.checkReservedWord [as parseObjectProperty] (\u001b[22mnode_modules/@babel/parser/src/parser/expression.ts\u001b[2m:2299:12)\u001b[22m\n      \u001b[2mat Parser.parseObjectProperty [as parseObjPropValue] (\u001b[22mnode_modules/@babel/parser/src/parser/expression.ts\u001b[2m:2349:12)\u001b[22m\n      \u001b[2mat Parser.parseObjPropValue [as parseBindingProperty] (\u001b[22mnode_modules/@babel/parser/src/parser/lval.ts\u001b[2m:476:17)\u001b[22m\n      \u001b[2mat Parser.parseBindingProperty [as parseObjectLike] (\u001b[22mnode_modules/@babel/parser/src/parser/expression.ts\u001b[2m:2057:21)\u001b[22m\n      \u001b[2mat Parser.parseObjectLike [as parseBindingAtom] (\u001b[22mnode_modules/@babel/parser/src/parser/lval.ts\u001b[2m:387:21)\u001b[22m\n      \u001b[2mat Parser.parseBindingAtom [as parseVarId] (\u001b[22mnode_modules/@babel/parser/src/parser/statement.ts\u001b[2m:1594:21)\u001b[22m\n      \u001b[2mat Parser.parseVarId [as parseVar] (\u001b[22mnode_modules/@babel/parser/src/parser/statement.ts\u001b[2m:1553:12)\u001b[22m\n      \u001b[2mat Parser.parseVar [as parseVarStatement] (\u001b[22mnode_modules/@babel/parser/src/parser/statement.ts\u001b[2m:1222:10)\u001b[22m\n      \u001b[2mat Parser.parseVarStatement [as parseStatementContent] (\u001b[22mnode_modules/@babel/parser/src/parser/statement.ts\u001b[2m:578:21)\u001b[22m\n      \u001b[2mat Parser.parseStatementContent [as parseStatementLike] (\u001b[22mnode_modules/@babel/parser/src/parser/statement.ts\u001b[2m:449:17)\u001b[22m\n      \u001b[2mat Parser.parseStatementLike [as parseStatementListItem] (\u001b[22mnode_modules/@babel/parser/src/parser/statement.ts\u001b[2m:398:17)\u001b[22m\n      \u001b[2mat Parser.parseStatementListItem [as parseBlockOrModuleBlockBody] (\u001b[22mnode_modules/@babel/parser/src/parser/statement.ts\u001b[2m:1415:16)\u001b[22m\n      \u001b[2mat Parser.parseBlockOrModuleBlockBody [as parseBlockBody] (\u001b[22mnode_modules/@babel/parser/src/parser/statement.ts\u001b[2m:1388:10)\u001b[22m\n      \u001b[2mat Parser.parseBlockBody [as parseBlock] (\u001b[22mnode_modules/@babel/parser/src/parser/statement.ts\u001b[2m:1356:10)\u001b[22m\n      \u001b[2mat Parser.parseBlock [as parseFunctionBody] (\u001b[22mnode_modules/@babel/parser/src/parser/expression.ts\u001b[2m:2579:24)\u001b[22m\n      \u001b[2mat Parser.parseFunctionBody [as parseArrowExpression] (\u001b[22mnode_modules/@babel/parser/src/parser/expression.ts\u001b[2m:2520:10)\u001b[22m\n      \u001b[2mat Parser.parseArrowExpression [as parseAsyncArrowFromCallExpression] (\u001b[22mnode_modules/@babel/parser/src/parser/expression.ts\u001b[2m:1045:10)\u001b[22m\n      \u001b[2mat Parser.parseAsyncArrowFromCallExpression [as parseCoverCallAndAsyncArrowHead] (\u001b[22mnode_modules/@babel/parser/src/parser/expression.ts\u001b[2m:924:27)\u001b[22m\n      \u001b[2mat Parser.parseCoverCallAndAsyncArrowHead [as parseSubscript] (\u001b[22mnode_modules/@babel/parser/src/parser/expression.ts\u001b[2m:785:19)\u001b[22m\n      \u001b[2mat Parser.parseSubscript [as parseSubscripts] (\u001b[22mnode_modules/@babel/parser/src/parser/expression.ts\u001b[2m:744:19)\u001b[22m\n      \u001b[2mat Parser.parseSubscripts [as parseExprSubscripts] (\u001b[22mnode_modules/@babel/parser/src/parser/expression.ts\u001b[2m:729:17)\u001b[22m\n      \u001b[2mat Parser.parseExprSubscripts [as parseUpdate] (\u001b[22mnode_modules/@babel/parser/src/parser/expression.ts\u001b[2m:702:21)\u001b[22m\n      \u001b[2mat Parser.parseUpdate [as parseMaybeUnary] (\u001b[22mnode_modules/@babel/parser/src/parser/expression.ts\u001b[2m:664:23)\u001b[22m\n      \u001b[2mat Parser.parseMaybeUnary [as parseMaybeUnaryOrPrivate] (\u001b[22mnode_modules/@babel/parser/src/parser/expression.ts\u001b[2m:398:14)\u001b[22m\n      \u001b[2mat Parser.parseMaybeUnaryOrPrivate [as parseExprOps] (\u001b[22mnode_modules/@babel/parser/src/parser/expression.ts\u001b[2m:410:23)\u001b[22m\n      \u001b[2mat Parser.parseExprOps [as parseMaybeConditional] (\u001b[22mnode_modules/@babel/parser/src/parser/expression.ts\u001b[2m:365:23)\u001b[22m\n      \u001b[2mat Parser.parseMaybeConditional [as parseMaybeAssign] (\u001b[22mnode_modules/@babel/parser/src/parser/expression.ts\u001b[2m:296:21)\u001b[22m\n      \u001b[2mat parseMaybeAssign (\u001b[22mnode_modules/@babel/parser/src/parser/expression.ts\u001b[2m:252:12)\u001b[22m\n      \u001b[2mat Parser.callback [as allowInAnd] (\u001b[22mnode_modules/@babel/parser/src/parser/expression.ts\u001b[2m:3136:12)\u001b[22m\n      \u001b[2mat Parser.allowInAnd [as parseMaybeAssignAllowIn] (\u001b[22mnode_modules/@babel/parser/src/parser/expression.ts\u001b[2m:251:17)\u001b[22m\n      \u001b[2mat Parser.parseMaybeAssignAllowIn [as parseExprListItem] (\u001b[22mnode_modules/@babel/parser/src/parser/expression.ts\u001b[2m:2742:18)\u001b[22m\n      \u001b[2mat Parser.parseExprListItem [as parseCallExpressionArguments] (\u001b[22mnode_modules/@babel/parser/src/parser/expression.ts\u001b[2m:1025:14)\u001b[22m\n      \u001b[2mat Parser.parseCallExpressionArguments [as parseCoverCallAndAsyncArrowHead] (\u001b[22mnode_modules/@babel/parser/src/parser/expression.ts\u001b[2m:903:29)\u001b[22m\n      \u001b[2mat Parser.parseCoverCallAndAsyncArrowHead [as parseSubscript] (\u001b[22mnode_modules/@babel/parser/src/parser/expression.ts\u001b[2m:785:19)\u001b[22m\n      \u001b[2mat Parser.parseSubscript [as parseSubscripts] (\u001b[22mnode_modules/@babel/parser/src/parser/expression.ts\u001b[2m:744:19)\u001b[22m\n      \u001b[2mat Parser.parseSubscripts [as parseExprSubscripts] (\u001b[22mnode_modules/@babel/parser/src/parser/expression.ts\u001b[2m:729:17)\u001b[22m\n      \u001b[2mat Parser.parseExprSubscripts [as parseUpdate] (\u001b[22mnode_modules/@babel/parser/src/parser/expression.ts\u001b[2m:702:21)\u001b[22m\n      \u001b[2mat Parser.parseUpdate [as parseMaybeUnary] (\u001b[22mnode_modules/@babel/parser/src/parser/expression.ts\u001b[2m:664:23)\u001b[22m\n      \u001b[2mat Parser.parseMaybeUnary [as parseMaybeUnaryOrPrivate] (\u001b[22mnode_modules/@babel/parser/src/parser/expression.ts\u001b[2m:398:14)\u001b[22m\n      \u001b[2mat Parser.parseMaybeUnaryOrPrivate [as parseExprOps] (\u001b[22mnode_modules/@babel/parser/src/parser/expression.ts\u001b[2m:410:23)\u001b[22m\n      \u001b[2mat Parser.parseExprOps [as parseMaybeConditional] (\u001b[22mnode_modules/@babel/parser/src/parser/expression.ts\u001b[2m:365:23)\u001b[22m\n      \u001b[2mat Parser.parseMaybeConditional [as parseMaybeAssign] (\u001b[22mnode_modules/@babel/parser/src/parser/expression.ts\u001b[2m:296:21)\u001b[22m\n      \u001b[2mat Parser.parseMaybeAssign [as parseExpressionBase] (\u001b[22mnode_modules/@babel/parser/src/parser/expression.ts\u001b[2m:221:23)\u001b[22m\n      \u001b[2mat parseExpressionBase (\u001b[22mnode_modules/@babel/parser/src/parser/expression.ts\u001b[2m:212:39)\u001b[22m\n      \u001b[2mat Parser.callback [as allowInAnd] (\u001b[22mnode_modules/@babel/parser/src/parser/expression.ts\u001b[2m:3131:16)\u001b[22m\n      \u001b[2mat Parser.allowInAnd [as parseExpression] (\u001b[22mnode_modules/@babel/parser/src/parser/expression.ts\u001b[2m:212:17)\u001b[22m\n      \u001b[2mat Parser.parseExpression [as parseStatementContent] (\u001b[22mnode_modules/@babel/parser/src/parser/statement.ts\u001b[2m:654:23)\u001b[22m\n      \u001b[2mat Parser.parseStatementContent [as parseStatementLike] (\u001b[22mnode_modules/@babel/parser/src/parser/statement.ts\u001b[2m:449:17)\u001b[22m\n      \u001b[2mat Parser.parseStatementLike [as parseModuleItem] (\u001b[22mnode_modules/@babel/parser/src/parser/statement.ts\u001b[2m:386:17)\u001b[22m\n      \u001b[2mat Parser.parseModuleItem [as parseBlockOrModuleBlockBody] (\u001b[22mnode_modules/@babel/parser/src/parser/statement.ts\u001b[2m:1414:16)\u001b[22m\n      \u001b[2mat Parser.parseBlockOrModuleBlockBody [as parseBlockBody] (\u001b[22mnode_modules/@babel/parser/src/parser/statement.ts\u001b[2m:1388:10)\u001b[22m\n      \u001b[2mat Parser.parseBlockBody [as parseProgram] (\u001b[22mnode_modules/@babel/parser/src/parser/statement.ts\u001b[2m:225:10)\u001b[22m\n      \u001b[2mat Parser.parseProgram [as parseTopLevel] (\u001b[22mnode_modules/@babel/parser/src/parser/statement.ts\u001b[2m:203:25)\u001b[22m\n      \u001b[2mat Parser.parseTopLevel [as parse] (\u001b[22mnode_modules/@babel/parser/src/parser/index.ts\u001b[2m:93:10)\u001b[22m\n      \u001b[2mat parse (\u001b[22mnode_modules/@babel/parser/src/index.ts\u001b[2m:92:38)\u001b[22m\n      \u001b[2mat parser (\u001b[22mnode_modules/@babel/core/src/parser/index.ts\u001b[2m:28:19)\u001b[22m\n          at parser.next (<anonymous>)\n      \u001b[2mat normalizeFile (\u001b[22mnode_modules/@babel/core/src/transformation/normalize-file.ts\u001b[2m:49:24)\u001b[22m\n          at normalizeFile.next (<anonymous>)\n      \u001b[2mat run (\u001b[22mnode_modules/@babel/core/src/transformation/index.ts\u001b[2m:40:36)\u001b[22m\n          at run.next (<anonymous>)\n      \u001b[2mat transform (\u001b[22mnode_modules/@babel/core/src/transform.ts\u001b[2m:29:20)\u001b[22m\n          at transform.next (<anonymous>)\n      \u001b[2mat evaluateSync (\u001b[22mnode_modules/gensync/index.js\u001b[2m:251:28)\u001b[22m\n      \u001b[2mat sync (\u001b[22mnode_modules/gensync/index.js\u001b[2m:89:14)\u001b[22m\n      \u001b[2mat fn (\u001b[22mnode_modules/@babel/core/src/errors/rewrite-stack-trace.ts\u001b[2m:99:14)\u001b[22m\n      \u001b[2mat transformSync (\u001b[22mnode_modules/@babel/core/src/transform.ts\u001b[2m:66:52)\u001b[22m\n      \u001b[2mat ScriptTransformer.transformSource (\u001b[22mnode_modules/@jest/transform/build/ScriptTransformer.js\u001b[2m:545:31)\u001b[22m\n      \u001b[2mat ScriptTransformer._transformAndBuildScript (\u001b[22mnode_modules/@jest/transform/build/ScriptTransformer.js\u001b[2m:674:40)\u001b[22m\n      \u001b[2mat ScriptTransformer.transform (\u001b[22mnode_modules/@jest/transform/build/ScriptTransformer.js\u001b[2m:726:19)\u001b[22m\n      \u001b[2mat Object.require (\u001b[22mtests/testApp.js\u001b[2m:9:21)\u001b[22m\n      \u001b[2mat Object.require (\u001b[22m\u001b[0m\u001b[36mtests/window_dimensions.test.js\u001b[39m\u001b[0m\u001b[2m:3:23)\u001b[22m\n",
      "leaks": false,
      "numFailingTests": 0,
      "numPassingTests": 0,
      "numPendingTests": 0,
      "numTodoTests": 0,
      "openHandles": [],
      "perfStats": {
        "end": 0,
        "runtime": 0,
        "slow": false,
        "start": 0
      },
      "skipped": false,
      "snapshot": {
        "added": 0,
        "fileDeleted": false,
        "matched": 0,
        "unchecked": 0,
        "uncheckedKeys": [],
        "unmatched": 0,
        "updated": 0
      },
      "testExecError": "C:\\Users\\sande\\Desktop\\cspl\\backend\\routes\\item_choices_route.js: Unexpected reserved word 'package'. (188:4)\n\n\u001b[0m \u001b[90m 186 |\u001b[39m     image_url\u001b[33m,\u001b[39m\n \u001b[90m 187 |\u001b[39m     is_premium\u001b[33m,\u001b[39m\n\u001b[31m\u001b[1m>\u001b[22m\u001b[39m\u001b[90m 188 |\u001b[39m     \u001b[36mpackage\u001b[39m\u001b[33m,\u001b[39m\n \u001b[90m     |\u001b[39m     \u001b[31m\u001b[1m^\u001b[22m\u001b[39m\n \u001b[90m 189 |\u001b[39m     is_default\u001b[33m,\u001b[39m\n \u001b[90m 190 |\u001b[39m     is_active\n \u001b[90m 191 |\u001b[39m   } \u001b[33m=\u001b[39m req\u001b[33m.\u001b[39mbody\u001b[33m;\u001b[39m\u001b[0m",
      "testFilePath": "C:\\Users\\sande\\Desktop\\cspl\\backend\\tests\\window_dimensions.test.js",
      "testResults": []
    },
    {
      "failureMessage": "  \u001b[1m● \u001b[22mTest suite failed to run\n\n    \u001b[1m\u001b[31mJest encountered an unexpected token\u001b[39m\u001b[22m\n\n    Jest failed to parse a file. This happens e.g. when your code or its dependencies use non-standard JavaScript syntax, or when Jest is not configured to support such syntax.\n\n    Out of the box Jest supports Babel, which will be used to transform your files into valid JS based on your Babel configuration.\n\n    By default \"node_modules\" folder is ignored by transformers.\n\n    Here's what you can do:\n     • If you are trying to use ECMAScript Modules, see \u001b[4mhttps://jestjs.io/docs/ecmascript-modules\u001b[24m for how to enable it.\n     • If you are trying to use TypeScript, see \u001b[4mhttps://jestjs.io/docs/getting-started#using-typescript\u001b[24m\n     • To have some of your \"node_modules\" files transformed, you can specify a custom \u001b[1m\"transformIgnorePatterns\"\u001b[22m in your config.\n     • If you need a custom transformation specify a \u001b[1m\"transform\"\u001b[22m option in your config.\n     • If you simply want to mock your non-JS modules (e.g. binary assets) you can stub them out with the \u001b[1m\"moduleNameMapper\"\u001b[22m config option.\n\n    You'll find more details and examples of these config options in the docs:\n    \u001b[36mhttps://jestjs.io/docs/configuration\u001b[39m\n    For information about custom transformations, see:\n    \u001b[36mhttps://jestjs.io/docs/code-transformation\u001b[39m\n\n    \u001b[1m\u001b[31mDetails:\u001b[39m\u001b[22m\n\n    SyntaxError: C:\\Users\\sande\\Desktop\\cspl\\backend\\routes\\item_choices_route.js: Unexpected reserved word 'package'. (188:4)\n\n    \u001b[0m \u001b[90m 186 |\u001b[39m     image_url\u001b[33m,\u001b[39m\n     \u001b[90m 187 |\u001b[39m     is_premium\u001b[33m,\u001b[39m\n    \u001b[31m\u001b[1m>\u001b[22m\u001b[39m\u001b[90m 188 |\u001b[39m     \u001b[36mpackage\u001b[39m\u001b[33m,\u001b[39m\n     \u001b[90m     |\u001b[39m     \u001b[31m\u001b[1m^\u001b[22m\u001b[39m\n     \u001b[90m 189 |\u001b[39m     is_default\u001b[33m,\u001b[39m\n     \u001b[90m 190 |\u001b[39m     is_active\n     \u001b[90m 191 |\u001b[39m   } \u001b[33m=\u001b[39m req\u001b[33m.\u001b[39mbody\u001b[33m;\u001b[39m\u001b[0m\n\n    \u001b[0m \u001b[90m  7 |\u001b[39m \u001b[36mconst\u001b[39m projects \u001b[33m=\u001b[39m require(\u001b[32m'../routes/projects_route'\u001b[39m)\u001b[33m;\u001b[39m  \n     \u001b[90m  8 |\u001b[39m \u001b[36mconst\u001b[39m items \u001b[33m=\u001b[39m require(\u001b[32m'../routes/items_route'\u001b[39m)\u001b[33m;\u001b[39m  \n    \u001b[31m\u001b[1m>\u001b[22m\u001b[39m\u001b[90m  9 |\u001b[39m \u001b[36mconst\u001b[39m itemchoices \u001b[33m=\u001b[39m require(\u001b[32m'../routes/item_choices_route'\u001b[39m)\u001b[33m;\u001b[39m  \n     \u001b[90m    |\u001b[39m                     \u001b[31m\u001b[1m^\u001b[22m\u001b[39m\n     \u001b[90m 10 |\u001b[39m \u001b[36mconst\u001b[39m employees \u001b[33m=\u001b[39m require(\u001b[32m'../routes/employees_route'\u001b[39m)\u001b[33m;\u001b[39m  \n     \u001b[90m 11 |\u001b[39m \u001b[36mconst\u001b[39m clients \u001b[33m=\u001b[39m require(\u001b[32m'../routes/clients_route'\u001b[39m)\u001b[33m;\u001b[39m\n     \u001b[90m 12 |\u001b[39m \u001b[36mconst\u001b[39m architect_measurements_structural \u001b[33m=\u001b[39m require(\u001b[32m'../routes/architect_measurements_structural_route'\u001b[39m)\u001b[33m;\u001b[39m\u001b[0m\n\n      \u001b[2mat constructor (\u001b[22mnode_modules/@babel/parser/src/parse-error.ts\u001b[2m:95:45)\u001b[22m\n      \u001b[2mat Parser.toParseError [as raise] (\u001b[22mnode_modules/@babel/parser/src/tokenizer/index.ts\u001b[2m:1503:19)\u001b[22m\n      \u001b[2mat Parser.raise [as checkReservedWord] (\u001b[22mnode_modules/@babel/parser/src/parser/expression.ts\u001b[2m:2831:12)\u001b[22m\n      \u001b[2mat Parser.checkReservedWord [as parseObjectProperty] (\u001b[22mnode_modules/@babel/parser/src/parser/expression.ts\u001b[2m:2299:12)\u001b[22m\n      \u001b[2mat Parser.parseObjectProperty [as parseObjPropValue] (\u001b[22mnode_modules/@babel/parser/src/parser/expression.ts\u001b[2m:2349:12)\u001b[22m\n      \u001b[2mat Parser.parseObjPropValue [as parseBindingProperty] (\u001b[22mnode_modules/@babel/parser/src/parser/lval.ts\u001b[2m:476:17)\u001b[22m\n      \u001b[2mat Parser.parseBindingProperty [as parseObjectLike] (\u001b[22mnode_modules/@babel/parser/src/parser/expression.ts\u001b[2m:2057:21)\u001b[22m\n      \u001b[2mat Parser.parseObjectLike [as parseBindingAtom] (\u001b[22mnode_modules/@babel/parser/src/parser/lval.ts\u001b[2m:387:21)\u001b[22m\n      \u001b[2mat Parser.parseBindingAtom [as parseVarId] (\u001b[22mnode_modules/@babel/parser/src/parser/statement.ts\u001b[2m:1594:21)\u001b[22m\n      \u001b[2mat Parser.parseVarId [as parseVar] (\u001b[22mnode_modules/@babel/parser/src/parser/statement.ts\u001b[2m:1553:12)\u001b[22m\n      \u001b[2mat Parser.parseVar [as parseVarStatement] (\u001b[22mnode_modules/@babel/parser/src/parser/statement.ts\u001b[2m:1222:10)\u001b[22m\n      \u001b[2mat Parser.parseVarStatement [as parseStatementContent] (\u001b[22mnode_modules/@babel/parser/src/parser/statement.ts\u001b[2m:578:21)\u001b[22m\n      \u001b[2mat Parser.parseStatementContent [as parseStatementLike] (\u001b[22mnode_modules/@babel/parser/src/parser/statement.ts\u001b[2m:449:17)\u001b[22m\n      \u001b[2mat Parser.parseStatementLike [as parseStatementListItem] (\u001b[22mnode_modules/@babel/parser/src/parser/statement.ts\u001b[2m:398:17)\u001b[22m\n      \u001b[2mat Parser.parseStatementListItem [as parseBlockOrModuleBlockBody] (\u001b[22mnode_modules/@babel/parser/src/parser/statement.ts\u001b[2m:1415:16)\u001b[22m\n      \u001b[2mat Parser.parseBlockOrModuleBlockBody [as parseBlockBody] (\u001b[22mnode_modules/@babel/parser/src/parser/statement.ts\u001b[2m:1388:10)\u001b[22m\n      \u001b[2mat Parser.parseBlockBody [as parseBlock] (\u001b[22mnode_modules/@babel/parser/src/parser/statement.ts\u001b[2m:1356:10)\u001b[22m\n      \u001b[2mat Parser.parseBlock [as parseFunctionBody] (\u001b[22mnode_modules/@babel/parser/src/parser/expression.ts\u001b[2m:2579:24)\u001b[22m\n      \u001b[2mat Parser.parseFunctionBody [as parseArrowExpression] (\u001b[22mnode_modules/@babel/parser/src/parser/expression.ts\u001b[2m:2520:10)\u001b[22m\n      \u001b[2mat Parser.parseArrowExpression [as parseAsyncArrowFromCallExpression] (\u001b[22mnode_modules/@babel/parser/src/parser/expression.ts\u001b[2m:1045:10)\u001b[22m\n      \u001b[2mat Parser.parseAsyncArrowFromCallExpression [as parseCoverCallAndAsyncArrowHead] (\u001b[22mnode_modules/@babel/parser/src/parser/expression.ts\u001b[2m:924:27)\u001b[22m\n      \u001b[2mat Parser.parseCoverCallAndAsyncArrowHead [as parseSubscript] (\u001b[22mnode_modules/@babel/parser/src/parser/expression.ts\u001b[2m:785:19)\u001b[22m\n      \u001b[2mat Parser.parseSubscript [as parseSubscripts] (\u001b[22mnode_modules/@babel/parser/src/parser/expression.ts\u001b[2m:744:19)\u001b[22m\n      \u001b[2mat Parser.parseSubscripts [as parseExprSubscripts] (\u001b[22mnode_modules/@babel/parser/src/parser/expression.ts\u001b[2m:729:17)\u001b[22m\n      \u001b[2mat Parser.parseExprSubscripts [as parseUpdate] (\u001b[22mnode_modules/@babel/parser/src/parser/expression.ts\u001b[2m:702:21)\u001b[22m\n      \u001b[2mat Parser.parseUpdate [as parseMaybeUnary] (\u001b[22mnode_modules/@babel/parser/src/parser/expression.ts\u001b[2m:664:23)\u001b[22m\n      \u001b[2mat Parser.parseMaybeUnary [as parseMaybeUnaryOrPrivate] (\u001b[22mnode_modules/@babel/parser/src/parser/expression.ts\u001b[2m:398:14)\u001b[22m\n      \u001b[2mat Parser.parseMaybeUnaryOrPrivate [as parseExprOps] (\u001b[22mnode_modules/@babel/parser/src/parser/expression.ts\u001b[2m:410:23)\u001b[22m\n      \u001b[2mat Parser.parseExprOps [as parseMaybeConditional] (\u001b[22mnode_modules/@babel/parser/src/parser/expression.ts\u001b[2m:365:23)\u001b[22m\n      \u001b[2mat Parser.parseMaybeConditional [as parseMaybeAssign] (\u001b[22mnode_modules/@babel/parser/src/parser/expression.ts\u001b[2m:296:21)\u001b[22m\n      \u001b[2mat parseMaybeAssign (\u001b[22mnode_modules/@babel/parser/src/parser/expression.ts\u001b[2m:252:12)\u001b[22m\n      \u001b[2mat Parser.callback [as allowInAnd] (\u001b[22mnode_modules/@babel/parser/src/parser/expression.ts\u001b[2m:3136:12)\u001b[22m\n      \u001b[2mat Parser.allowInAnd [as parseMaybeAssignAllowIn] (\u001b[22mnode_modules/@babel/parser/src/parser/expression.ts\u001b[2m:251:17)\u001b[22m\n      \u001b[2mat Parser.parseMaybeAssignAllowIn [as parseExprListItem] (\u001b[22mnode_modules/@babel/parser/src/parser/expression.ts\u001b[2m:2742:18)\u001b[22m\n      \u001b[2mat Parser.parseExprListItem [as parseCallExpressionArguments] (\u001b[22mnode_modules/@babel/parser/src/parser/expression.ts\u001b[2m:1025:14)\u001b[22m\n      \u001b[2mat Parser.parseCallExpressionArguments [as parseCoverCallAndAsyncArrowHead] (\u001b[22mnode_modules/@babel/parser/src/parser/expression.ts\u001b[2m:903:29)\u001b[22m\n      \u001b[2mat Parser.parseCoverCallAndAsyncArrowHead [as parseSubscript] (\u001b[22mnode_modules/@babel/parser/src/parser/expression.ts\u001b[2m:785:19)\u001b[22m\n      \u001b[2mat Parser.parseSubscript [as parseSubscripts] (\u001b[22mnode_modules/@babel/parser/src/parser/expression.ts\u001b[2m:744:19)\u001b[22m\n      \u001b[2mat Parser.parseSubscripts [as parseExprSubscripts] (\u001b[22mnode_modules/@babel/parser/src/parser/expression.ts\u001b[2m:729:17)\u001b[22m\n      \u001b[2mat Parser.parseExprSubscripts [as parseUpdate] (\u001b[22mnode_modules/@babel/parser/src/parser/expression.ts\u001b[2m:702:21)\u001b[22m\n      \u001b[2mat Parser.parseUpdate [as parseMaybeUnary] (\u001b[22mnode_modules/@babel/parser/src/parser/expression.ts\u001b[2m:664:23)\u001b[22m\n      \u001b[2mat Parser.parseMaybeUnary [as parseMaybeUnaryOrPrivate] (\u001b[22mnode_modules/@babel/parser/src/parser/expression.ts\u001b[2m:398:14)\u001b[22m\n      \u001b[2mat Parser.parseMaybeUnaryOrPrivate [as parseExprOps] (\u001b[22mnode_modules/@babel/parser/src/parser/expression.ts\u001b[2m:410:23)\u001b[22m\n      \u001b[2mat Parser.parseExprOps [as parseMaybeConditional] (\u001b[22mnode_modules/@babel/parser/src/parser/expression.ts\u001b[2m:365:23)\u001b[22m\n      \u001b[2mat Parser.parseMaybeConditional [as parseMaybeAssign] (\u001b[22mnode_modules/@babel/parser/src/parser/expression.ts\u001b[2m:296:21)\u001b[22m\n      \u001b[2mat Parser.parseMaybeAssign [as parseExpressionBase] (\u001b[22mnode_modules/@babel/parser/src/parser/expression.ts\u001b[2m:221:23)\u001b[22m\n      \u001b[2mat parseExpressionBase (\u001b[22mnode_modules/@babel/parser/src/parser/expression.ts\u001b[2m:212:39)\u001b[22m\n      \u001b[2mat Parser.callback [as allowInAnd] (\u001b[22mnode_modules/@babel/parser/src/parser/expression.ts\u001b[2m:3131:16)\u001b[22m\n      \u001b[2mat Parser.allowInAnd [as parseExpression] (\u001b[22mnode_modules/@babel/parser/src/parser/expression.ts\u001b[2m:212:17)\u001b[22m\n      \u001b[2mat Parser.parseExpression [as parseStatementContent] (\u001b[22mnode_modules/@babel/parser/src/parser/statement.ts\u001b[2m:654:23)\u001b[22m\n      \u001b[2mat Parser.parseStatementContent [as parseStatementLike] (\u001b[22mnode_modules/@babel/parser/src/parser/statement.ts\u001b[2m:449:17)\u001b[22m\n      \u001b[2mat Parser.parseStatementLike [as parseModuleItem] (\u001b[22mnode_modules/@babel/parser/src/parser/statement.ts\u001b[2m:386:17)\u001b[22m\n      \u001b[2mat Parser.parseModuleItem [as parseBlockOrModuleBlockBody] (\u001b[22mnode_modules/@babel/parser/src/parser/statement.ts\u001b[2m:1414:16)\u001b[22m\n      \u001b[2mat Parser.parseBlockOrModuleBlockBody [as parseBlockBody] (\u001b[22mnode_modules/@babel/parser/src/parser/statement.ts\u001b[2m:1388:10)\u001b[22m\n      \u001b[2mat Parser.parseBlockBody [as parseProgram] (\u001b[22mnode_modules/@babel/parser/src/parser/statement.ts\u001b[2m:225:10)\u001b[22m\n      \u001b[2mat Parser.parseProgram [as parseTopLevel] (\u001b[22mnode_modules/@babel/parser/src/parser/statement.ts\u001b[2m:203:25)\u001b[22m\n      \u001b[2mat Parser.parseTopLevel [as parse] (\u001b[22mnode_modules/@babel/parser/src/parser/index.ts\u001b[2m:93:10)\u001b[22m\n      \u001b[2mat parse (\u001b[22mnode_modules/@babel/parser/src/index.ts\u001b[2m:92:38)\u001b[22m\n      \u001b[2mat parser (\u001b[22mnode_modules/@babel/core/src/parser/index.ts\u001b[2m:28:19)\u001b[22m\n          at parser.next (<anonymous>)\n      \u001b[2mat normalizeFile (\u001b[22mnode_modules/@babel/core/src/transformation/normalize-file.ts\u001b[2m:49:24)\u001b[22m\n          at normalizeFile.next (<anonymous>)\n      \u001b[2mat run (\u001b[22mnode_modules/@babel/core/src/transformation/index.ts\u001b[2m:40:36)\u001b[22m\n          at run.next (<anonymous>)\n      \u001b[2mat transform (\u001b[22mnode_modules/@babel/core/src/transform.ts\u001b[2m:29:20)\u001b[22m\n          at transform.next (<anonymous>)\n      \u001b[2mat evaluateSync (\u001b[22mnode_modules/gensync/index.js\u001b[2m:251:28)\u001b[22m\n      \u001b[2mat sync (\u001b[22mnode_modules/gensync/index.js\u001b[2m:89:14)\u001b[22m\n      \u001b[2mat fn (\u001b[22mnode_modules/@babel/core/src/errors/rewrite-stack-trace.ts\u001b[2m:99:14)\u001b[22m\n      \u001b[2mat transformSync (\u001b[22mnode_modules/@babel/core/src/transform.ts\u001b[2m:66:52)\u001b[22m\n      \u001b[2mat ScriptTransformer.transformSource (\u001b[22mnode_modules/@jest/transform/build/ScriptTransformer.js\u001b[2m:545:31)\u001b[22m\n      \u001b[2mat ScriptTransformer._transformAndBuildScript (\u001b[22mnode_modules/@jest/transform/build/ScriptTransformer.js\u001b[2m:674:40)\u001b[22m\n      \u001b[2mat ScriptTransformer.transform (\u001b[22mnode_modules/@jest/transform/build/ScriptTransformer.js\u001b[2m:726:19)\u001b[22m\n      \u001b[2mat Object.require (\u001b[22mtests/testApp.js\u001b[2m:9:21)\u001b[22m\n      \u001b[2mat Object.require (\u001b[22m\u001b[0m\u001b[36mtests/vendors.test.js\u001b[39m\u001b[0m\u001b[2m:3:23)\u001b[22m\n",
      "leaks": false,
      "numFailingTests": 0,
      "numPassingTests": 0,
      "numPendingTests": 0,
      "numTodoTests": 0,
      "openHandles": [],
      "perfStats": {
        "end": 0,
        "runtime": 0,
        "slow": false,
        "start": 0
      },
      "skipped": false,
      "snapshot": {
        "added": 0,
        "fileDeleted": false,
        "matched": 0,
        "unchecked": 0,
        "uncheckedKeys": [],
        "unmatched": 0,
        "updated": 0
      },
      "testExecError": "C:\\Users\\sande\\Desktop\\cspl\\backend\\routes\\item_choices_route.js: Unexpected reserved word 'package'. (188:4)\n\n\u001b[0m \u001b[90m 186 |\u001b[39m     image_url\u001b[33m,\u001b[39m\n \u001b[90m 187 |\u001b[39m     is_premium\u001b[33m,\u001b[39m\n\u001b[31m\u001b[1m>\u001b[22m\u001b[39m\u001b[90m 188 |\u001b[39m     \u001b[36mpackage\u001b[39m\u001b[33m,\u001b[39m\n \u001b[90m     |\u001b[39m     \u001b[31m\u001b[1m^\u001b[22m\u001b[39m\n \u001b[90m 189 |\u001b[39m     is_default\u001b[33m,\u001b[39m\n \u001b[90m 190 |\u001b[39m     is_active\n \u001b[90m 191 |\u001b[39m   } \u001b[33m=\u001b[39m req\u001b[33m.\u001b[39mbody\u001b[33m;\u001b[39m\u001b[0m",
      "testFilePath": "C:\\Users\\sande\\Desktop\\cspl\\backend\\tests\\vendors.test.js",
      "testResults": []
    },
    {
      "failureMessage": "  \u001b[1m● \u001b[22mTest suite failed to run\n\n    \u001b[1m\u001b[31mJest encountered an unexpected token\u001b[39m\u001b[22m\n\n    Jest failed to parse a file. This happens e.g. when your code or its dependencies use non-standard JavaScript syntax, or when Jest is not configured to support such syntax.\n\n    Out of the box Jest supports Babel, which will be used to transform your files into valid JS based on your Babel configuration.\n\n    By default \"node_modules\" folder is ignored by transformers.\n\n    Here's what you can do:\n     • If you are trying to use ECMAScript Modules, see \u001b[4mhttps://jestjs.io/docs/ecmascript-modules\u001b[24m for how to enable it.\n     • If you are trying to use TypeScript, see \u001b[4mhttps://jestjs.io/docs/getting-started#using-typescript\u001b[24m\n     • To have some of your \"node_modules\" files transformed, you can specify a custom \u001b[1m\"transformIgnorePatterns\"\u001b[22m in your config.\n     • If you need a custom transformation specify a \u001b[1m\"transform\"\u001b[22m option in your config.\n     • If you simply want to mock your non-JS modules (e.g. binary assets) you can stub them out with the \u001b[1m\"moduleNameMapper\"\u001b[22m config option.\n\n    You'll find more details and examples of these config options in the docs:\n    \u001b[36mhttps://jestjs.io/docs/configuration\u001b[39m\n    For information about custom transformations, see:\n    \u001b[36mhttps://jestjs.io/docs/code-transformation\u001b[39m\n\n    \u001b[1m\u001b[31mDetails:\u001b[39m\u001b[22m\n\n    SyntaxError: C:\\Users\\sande\\Desktop\\cspl\\backend\\routes\\item_choices_route.js: Unexpected reserved word 'package'. (188:4)\n\n    \u001b[0m \u001b[90m 186 |\u001b[39m     image_url\u001b[33m,\u001b[39m\n     \u001b[90m 187 |\u001b[39m     is_premium\u001b[33m,\u001b[39m\n    \u001b[31m\u001b[1m>\u001b[22m\u001b[39m\u001b[90m 188 |\u001b[39m     \u001b[36mpackage\u001b[39m\u001b[33m,\u001b[39m\n     \u001b[90m     |\u001b[39m     \u001b[31m\u001b[1m^\u001b[22m\u001b[39m\n     \u001b[90m 189 |\u001b[39m     is_default\u001b[33m,\u001b[39m\n     \u001b[90m 190 |\u001b[39m     is_active\n     \u001b[90m 191 |\u001b[39m   } \u001b[33m=\u001b[39m req\u001b[33m.\u001b[39mbody\u001b[33m;\u001b[39m\u001b[0m\n\n    \u001b[0m \u001b[90m  7 |\u001b[39m \u001b[36mconst\u001b[39m projects \u001b[33m=\u001b[39m require(\u001b[32m'../routes/projects_route'\u001b[39m)\u001b[33m;\u001b[39m  \n     \u001b[90m  8 |\u001b[39m \u001b[36mconst\u001b[39m items \u001b[33m=\u001b[39m require(\u001b[32m'../routes/items_route'\u001b[39m)\u001b[33m;\u001b[39m  \n    \u001b[31m\u001b[1m>\u001b[22m\u001b[39m\u001b[90m  9 |\u001b[39m \u001b[36mconst\u001b[39m itemchoices \u001b[33m=\u001b[39m require(\u001b[32m'../routes/item_choices_route'\u001b[39m)\u001b[33m;\u001b[39m  \n     \u001b[90m    |\u001b[39m                     \u001b[31m\u001b[1m^\u001b[22m\u001b[39m\n     \u001b[90m 10 |\u001b[39m \u001b[36mconst\u001b[39m employees \u001b[33m=\u001b[39m require(\u001b[32m'../routes/employees_route'\u001b[39m)\u001b[33m;\u001b[39m  \n     \u001b[90m 11 |\u001b[39m \u001b[36mconst\u001b[39m clients \u001b[33m=\u001b[39m require(\u001b[32m'../routes/clients_route'\u001b[39m)\u001b[33m;\u001b[39m\n     \u001b[90m 12 |\u001b[39m \u001b[36mconst\u001b[39m architect_measurements_structural \u001b[33m=\u001b[39m require(\u001b[32m'../routes/architect_measurements_structural_route'\u001b[39m)\u001b[33m;\u001b[39m\u001b[0m\n\n      \u001b[2mat constructor (\u001b[22mnode_modules/@babel/parser/src/parse-error.ts\u001b[2m:95:45)\u001b[22m\n      \u001b[2mat Parser.toParseError [as raise] (\u001b[22mnode_modules/@babel/parser/src/tokenizer/index.ts\u001b[2m:1503:19)\u001b[22m\n      \u001b[2mat Parser.raise [as checkReservedWord] (\u001b[22mnode_modules/@babel/parser/src/parser/expression.ts\u001b[2m:2831:12)\u001b[22m\n      \u001b[2mat Parser.checkReservedWord [as parseObjectProperty] (\u001b[22mnode_modules/@babel/parser/src/parser/expression.ts\u001b[2m:2299:12)\u001b[22m\n      \u001b[2mat Parser.parseObjectProperty [as parseObjPropValue] (\u001b[22mnode_modules/@babel/parser/src/parser/expression.ts\u001b[2m:2349:12)\u001b[22m\n      \u001b[2mat Parser.parseObjPropValue [as parseBindingProperty] (\u001b[22mnode_modules/@babel/parser/src/parser/lval.ts\u001b[2m:476:17)\u001b[22m\n      \u001b[2mat Parser.parseBindingProperty [as parseObjectLike] (\u001b[22mnode_modules/@babel/parser/src/parser/expression.ts\u001b[2m:2057:21)\u001b[22m\n      \u001b[2mat Parser.parseObjectLike [as parseBindingAtom] (\u001b[22mnode_modules/@babel/parser/src/parser/lval.ts\u001b[2m:387:21)\u001b[22m\n      \u001b[2mat Parser.parseBindingAtom [as parseVarId] (\u001b[22mnode_modules/@babel/parser/src/parser/statement.ts\u001b[2m:1594:21)\u001b[22m\n      \u001b[2mat Parser.parseVarId [as parseVar] (\u001b[22mnode_modules/@babel/parser/src/parser/statement.ts\u001b[2m:1553:12)\u001b[22m\n      \u001b[2mat Parser.parseVar [as parseVarStatement] (\u001b[22mnode_modules/@babel/parser/src/parser/statement.ts\u001b[2m:1222:10)\u001b[22m\n      \u001b[2mat Parser.parseVarStatement [as parseStatementContent] (\u001b[22mnode_modules/@babel/parser/src/parser/statement.ts\u001b[2m:578:21)\u001b[22m\n      \u001b[2mat Parser.parseStatementContent [as parseStatementLike] (\u001b[22mnode_modules/@babel/parser/src/parser/statement.ts\u001b[2m:449:17)\u001b[22m\n      \u001b[2mat Parser.parseStatementLike [as parseStatementListItem] (\u001b[22mnode_modules/@babel/parser/src/parser/statement.ts\u001b[2m:398:17)\u001b[22m\n      \u001b[2mat Parser.parseStatementListItem [as parseBlockOrModuleBlockBody] (\u001b[22mnode_modules/@babel/parser/src/parser/statement.ts\u001b[2m:1415:16)\u001b[22m\n      \u001b[2mat Parser.parseBlockOrModuleBlockBody [as parseBlockBody] (\u001b[22mnode_modules/@babel/parser/src/parser/statement.ts\u001b[2m:1388:10)\u001b[22m\n      \u001b[2mat Parser.parseBlockBody [as parseBlock] (\u001b[22mnode_modules/@babel/parser/src/parser/statement.ts\u001b[2m:1356:10)\u001b[22m\n      \u001b[2mat Parser.parseBlock [as parseFunctionBody] (\u001b[22mnode_modules/@babel/parser/src/parser/expression.ts\u001b[2m:2579:24)\u001b[22m\n      \u001b[2mat Parser.parseFunctionBody [as parseArrowExpression] (\u001b[22mnode_modules/@babel/parser/src/parser/expression.ts\u001b[2m:2520:10)\u001b[22m\n      \u001b[2mat Parser.parseArrowExpression [as parseAsyncArrowFromCallExpression] (\u001b[22mnode_modules/@babel/parser/src/parser/expression.ts\u001b[2m:1045:10)\u001b[22m\n      \u001b[2mat Parser.parseAsyncArrowFromCallExpression [as parseCoverCallAndAsyncArrowHead] (\u001b[22mnode_modules/@babel/parser/src/parser/expression.ts\u001b[2m:924:27)\u001b[22m\n      \u001b[2mat Parser.parseCoverCallAndAsyncArrowHead [as parseSubscript] (\u001b[22mnode_modules/@babel/parser/src/parser/expression.ts\u001b[2m:785:19)\u001b[22m\n      \u001b[2mat Parser.parseSubscript [as parseSubscripts] (\u001b[22mnode_modules/@babel/parser/src/parser/expression.ts\u001b[2m:744:19)\u001b[22m\n      \u001b[2mat Parser.parseSubscripts [as parseExprSubscripts] (\u001b[22mnode_modules/@babel/parser/src/parser/expression.ts\u001b[2m:729:17)\u001b[22m\n      \u001b[2mat Parser.parseExprSubscripts [as parseUpdate] (\u001b[22mnode_modules/@babel/parser/src/parser/expression.ts\u001b[2m:702:21)\u001b[22m\n      \u001b[2mat Parser.parseUpdate [as parseMaybeUnary] (\u001b[22mnode_modules/@babel/parser/src/parser/expression.ts\u001b[2m:664:23)\u001b[22m\n      \u001b[2mat Parser.parseMaybeUnary [as parseMaybeUnaryOrPrivate] (\u001b[22mnode_modules/@babel/parser/src/parser/expression.ts\u001b[2m:398:14)\u001b[22m\n      \u001b[2mat Parser.parseMaybeUnaryOrPrivate [as parseExprOps] (\u001b[22mnode_modules/@babel/parser/src/parser/expression.ts\u001b[2m:410:23)\u001b[22m\n      \u001b[2mat Parser.parseExprOps [as parseMaybeConditional] (\u001b[22mnode_modules/@babel/parser/src/parser/expression.ts\u001b[2m:365:23)\u001b[22m\n      \u001b[2mat Parser.parseMaybeConditional [as parseMaybeAssign] (\u001b[22mnode_modules/@babel/parser/src/parser/expression.ts\u001b[2m:296:21)\u001b[22m\n      \u001b[2mat parseMaybeAssign (\u001b[22mnode_modules/@babel/parser/src/parser/expression.ts\u001b[2m:252:12)\u001b[22m\n      \u001b[2mat Parser.callback [as allowInAnd] (\u001b[22mnode_modules/@babel/parser/src/parser/expression.ts\u001b[2m:3136:12)\u001b[22m\n      \u001b[2mat Parser.allowInAnd [as parseMaybeAssignAllowIn] (\u001b[22mnode_modules/@babel/parser/src/parser/expression.ts\u001b[2m:251:17)\u001b[22m\n      \u001b[2mat Parser.parseMaybeAssignAllowIn [as parseExprListItem] (\u001b[22mnode_modules/@babel/parser/src/parser/expression.ts\u001b[2m:2742:18)\u001b[22m\n      \u001b[2mat Parser.parseExprListItem [as parseCallExpressionArguments] (\u001b[22mnode_modules/@babel/parser/src/parser/expression.ts\u001b[2m:1025:14)\u001b[22m\n      \u001b[2mat Parser.parseCallExpressionArguments [as parseCoverCallAndAsyncArrowHead] (\u001b[22mnode_modules/@babel/parser/src/parser/expression.ts\u001b[2m:903:29)\u001b[22m\n      \u001b[2mat Parser.parseCoverCallAndAsyncArrowHead [as parseSubscript] (\u001b[22mnode_modules/@babel/parser/src/parser/expression.ts\u001b[2m:785:19)\u001b[22m\n      \u001b[2mat Parser.parseSubscript [as parseSubscripts] (\u001b[22mnode_modules/@babel/parser/src/parser/expression.ts\u001b[2m:744:19)\u001b[22m\n      \u001b[2mat Parser.parseSubscripts [as parseExprSubscripts] (\u001b[22mnode_modules/@babel/parser/src/parser/expression.ts\u001b[2m:729:17)\u001b[22m\n      \u001b[2mat Parser.parseExprSubscripts [as parseUpdate] (\u001b[22mnode_modules/@babel/parser/src/parser/expression.ts\u001b[2m:702:21)\u001b[22m\n      \u001b[2mat Parser.parseUpdate [as parseMaybeUnary] (\u001b[22mnode_modules/@babel/parser/src/parser/expression.ts\u001b[2m:664:23)\u001b[22m\n      \u001b[2mat Parser.parseMaybeUnary [as parseMaybeUnaryOrPrivate] (\u001b[22mnode_modules/@babel/parser/src/parser/expression.ts\u001b[2m:398:14)\u001b[22m\n      \u001b[2mat Parser.parseMaybeUnaryOrPrivate [as parseExprOps] (\u001b[22mnode_modules/@babel/parser/src/parser/expression.ts\u001b[2m:410:23)\u001b[22m\n      \u001b[2mat Parser.parseExprOps [as parseMaybeConditional] (\u001b[22mnode_modules/@babel/parser/src/parser/expression.ts\u001b[2m:365:23)\u001b[22m\n      \u001b[2mat Parser.parseMaybeConditional [as parseMaybeAssign] (\u001b[22mnode_modules/@babel/parser/src/parser/expression.ts\u001b[2m:296:21)\u001b[22m\n      \u001b[2mat Parser.parseMaybeAssign [as parseExpressionBase] (\u001b[22mnode_modules/@babel/parser/src/parser/expression.ts\u001b[2m:221:23)\u001b[22m\n      \u001b[2mat parseExpressionBase (\u001b[22mnode_modules/@babel/parser/src/parser/expression.ts\u001b[2m:212:39)\u001b[22m\n      \u001b[2mat Parser.callback [as allowInAnd] (\u001b[22mnode_modules/@babel/parser/src/parser/expression.ts\u001b[2m:3131:16)\u001b[22m\n      \u001b[2mat Parser.allowInAnd [as parseExpression] (\u001b[22mnode_modules/@babel/parser/src/parser/expression.ts\u001b[2m:212:17)\u001b[22m\n      \u001b[2mat Parser.parseExpression [as parseStatementContent] (\u001b[22mnode_modules/@babel/parser/src/parser/statement.ts\u001b[2m:654:23)\u001b[22m\n      \u001b[2mat Parser.parseStatementContent [as parseStatementLike] (\u001b[22mnode_modules/@babel/parser/src/parser/statement.ts\u001b[2m:449:17)\u001b[22m\n      \u001b[2mat Parser.parseStatementLike [as parseModuleItem] (\u001b[22mnode_modules/@babel/parser/src/parser/statement.ts\u001b[2m:386:17)\u001b[22m\n      \u001b[2mat Parser.parseModuleItem [as parseBlockOrModuleBlockBody] (\u001b[22mnode_modules/@babel/parser/src/parser/statement.ts\u001b[2m:1414:16)\u001b[22m\n      \u001b[2mat Parser.parseBlockOrModuleBlockBody [as parseBlockBody] (\u001b[22mnode_modules/@babel/parser/src/parser/statement.ts\u001b[2m:1388:10)\u001b[22m\n      \u001b[2mat Parser.parseBlockBody [as parseProgram] (\u001b[22mnode_modules/@babel/parser/src/parser/statement.ts\u001b[2m:225:10)\u001b[22m\n      \u001b[2mat Parser.parseProgram [as parseTopLevel] (\u001b[22mnode_modules/@babel/parser/src/parser/statement.ts\u001b[2m:203:25)\u001b[22m\n      \u001b[2mat Parser.parseTopLevel [as parse] (\u001b[22mnode_modules/@babel/parser/src/parser/index.ts\u001b[2m:93:10)\u001b[22m\n      \u001b[2mat parse (\u001b[22mnode_modules/@babel/parser/src/index.ts\u001b[2m:92:38)\u001b[22m\n      \u001b[2mat parser (\u001b[22mnode_modules/@babel/core/src/parser/index.ts\u001b[2m:28:19)\u001b[22m\n          at parser.next (<anonymous>)\n      \u001b[2mat normalizeFile (\u001b[22mnode_modules/@babel/core/src/transformation/normalize-file.ts\u001b[2m:49:24)\u001b[22m\n          at normalizeFile.next (<anonymous>)\n      \u001b[2mat run (\u001b[22mnode_modules/@babel/core/src/transformation/index.ts\u001b[2m:40:36)\u001b[22m\n          at run.next (<anonymous>)\n      \u001b[2mat transform (\u001b[22mnode_modules/@babel/core/src/transform.ts\u001b[2m:29:20)\u001b[22m\n          at transform.next (<anonymous>)\n      \u001b[2mat evaluateSync (\u001b[22mnode_modules/gensync/index.js\u001b[2m:251:28)\u001b[22m\n      \u001b[2mat sync (\u001b[22mnode_modules/gensync/index.js\u001b[2m:89:14)\u001b[22m\n      \u001b[2mat fn (\u001b[22mnode_modules/@babel/core/src/errors/rewrite-stack-trace.ts\u001b[2m:99:14)\u001b[22m\n      \u001b[2mat transformSync (\u001b[22mnode_modules/@babel/core/src/transform.ts\u001b[2m:66:52)\u001b[22m\n      \u001b[2mat ScriptTransformer.transformSource (\u001b[22mnode_modules/@jest/transform/build/ScriptTransformer.js\u001b[2m:545:31)\u001b[22m\n      \u001b[2mat ScriptTransformer._transformAndBuildScript (\u001b[22mnode_modules/@jest/transform/build/ScriptTransformer.js\u001b[2m:674:40)\u001b[22m\n      \u001b[2mat ScriptTransformer.transform (\u001b[22mnode_modules/@jest/transform/build/ScriptTransformer.js\u001b[2m:726:19)\u001b[22m\n      \u001b[2mat Object.require (\u001b[22mtests/testApp.js\u001b[2m:9:21)\u001b[22m\n      \u001b[2mat Object.require (\u001b[22m\u001b[0m\u001b[36mtests/vendor_pricing.test.js\u001b[39m\u001b[0m\u001b[2m:3:23)\u001b[22m\n",
      "leaks": false,
      "numFailingTests": 0,
      "numPassingTests": 0,
      "numPendingTests": 0,
      "numTodoTests": 0,
      "openHandles": [],
      "perfStats": {
        "end": 0,
        "runtime": 0,
        "slow": false,
        "start": 0
      },
      "skipped": false,
      "snapshot": {
        "added": 0,
        "fileDeleted": false,
        "matched": 0,
        "unchecked": 0,
        "uncheckedKeys": [],
        "unmatched": 0,
        "updated": 0
      },
      "testExecError": "C:\\Users\\sande\\Desktop\\cspl\\backend\\routes\\item_choices_route.js: Unexpected reserved word 'package'. (188:4)\n\n\u001b[0m \u001b[90m 186 |\u001b[39m     image_url\u001b[33m,\u001b[39m\n \u001b[90m 187 |\u001b[39m     is_premium\u001b[33m,\u001b[39m\n\u001b[31m\u001b[1m>\u001b[22m\u001b[39m\u001b[90m 188 |\u001b[39m     \u001b[36mpackage\u001b[39m\u001b[33m,\u001b[39m\n \u001b[90m     |\u001b[39m     \u001b[31m\u001b[1m^\u001b[22m\u001b[39m\n \u001b[90m 189 |\u001b[39m     is_default\u001b[33m,\u001b[39m\n \u001b[90m 190 |\u001b[39m     is_active\n \u001b[90m 191 |\u001b[39m   } \u001b[33m=\u001b[39m req\u001b[33m.\u001b[39mbody\u001b[33m;\u001b[39m\u001b[0m",
[...]
u001b[22mnode_modules/@babel/parser/src/parser/expression.ts\u001b[2m:212:17)\u001b[22m\n      \u001b[2mat Parser.parseExpression [as parseStatementContent] (\u001b[22mnode_modules/@babel/parser/src/parser/statement.ts\u001b[2m:654:23)\u001b[22m\n      \u001b[2mat Parser.parseStatementContent [as parseStatementLike] (\u001b[22mnode_modules/@babel/parser/src/parser/statement.ts\u001b[2m:449:17)\u001b[22m\n      \u001b[2mat Parser.parseStatementLike [as parseModuleItem] (\u001b[22mnode_modules/@babel/parser/src/parser/statement.ts\u001b[2m:386:17)\u001b[22m\n      \u001b[2mat Parser.parseModuleItem [as parseBlockOrModuleBlockBody] (\u001b[22mnode_modules/@babel/parser/src/parser/statement.ts\u001b[2m:1414:16)\u001b[22m\n      \u001b[2mat Parser.parseBlockOrModuleBlockBody [as parseBlockBody] (\u001b[22mnode_modules/@babel/parser/src/parser/statement.ts\u001b[2m:1388:10)\u001b[22m\n      \u001b[2mat Parser.parseBlockBody [as parseProgram] (\u001b[22mnode_modules/@babel/parser/src/parser/statement.ts\u001b[2m:225:10)\u001b[22m\n      \u001b[2mat Parser.parseProgram [as parseTopLevel] (\u001b[22mnode_modules/@babel/parser/src/parser/statement.ts\u001b[2m:203:25)\u001b[22m\n      \u001b[2mat Parser.parseTopLevel [as parse] (\u001b[22mnode_modules/@babel/parser/src/parser/index.ts\u001b[2m:93:10)\u001b[22m\n      \u001b[2mat parse (\u001b[22mnode_modules/@babel/parser/src/index.ts\u001b[2m:92:38)\u001b[22m\n      \u001b[2mat parser (\u001b[22mnode_modules/@babel/core/src/parser/index.ts\u001b[2m:28:19)\u001b[22m\n          at parser.next (<anonymous>)\n      \u001b[2mat normalizeFile (\u001b[22mnode_modules/@babel/core/src/transformation/normalize-file.ts\u001b[2m:49:24)\u001b[22m\n          at normalizeFile.next (<anonymous>)\n      \u001b[2mat run (\u001b[22mnode_modules/@babel/core/src/transformation/index.ts\u001b[2m:40:36)\u001b[22m\n          at run.next (<anonymous>)\n      \u001b[2mat transform (\u001b[22mnode_modules/@babel/core/src/transform.ts\u001b[2m:29:20)\u001b[22m\n          at transform.next (<anonymous>)\n      \u001b[2mat evaluateSync (\u001b[22mnode_modules/gensync/index.js\u001b[2m:251:28)\u001b[22m\n      \u001b[2mat sync (\u001b[22mnode_modules/gensync/index.js\u001b[2m:89:14)\u001b[22m\n      \u001b[2mat fn (\u001b[22mnode_modules/@babel/core/src/errors/rewrite-stack-trace.ts\u001b[2m:99:14)\u001b[22m\n      \u001b[2mat transformSync (\u001b[22mnode_modules/@babel/core/src/transform.ts\u001b[2m:66:52)\u001b[22m\n      \u001b[2mat ScriptTransformer.transformSource (\u001b[22mnode_modules/@jest/transform/build/ScriptTransformer.js\u001b[2m:545:31)\u001b[22m\n      \u001b[2mat ScriptTransformer._transformAndBuildScript (\u001b[22mnode_modules/@jest/transform/build/ScriptTransformer.js\u001b[2m:674:40)\u001b[22m\n      \u001b[2mat ScriptTransformer.transform (\u001b[22mnode_modules/@jest/transform/build/ScriptTransformer.js\u001b[2m:726:19)\u001b[22m\n      \u001b[2mat Object.require (\u001b[22mtests/testApp.js\u001b[2m:9:21)\u001b[22m\n      \u001b[2mat Object.require (\u001b[22m\u001b[0m\u001b[36mtests/door_dimensions_route.test.js\u001b[39m\u001b[0m\u001b[2m:3:23)\u001b[22m\n",
      "leaks": false,
      "numFailingTests": 0,
      "numPassingTests": 0,
      "numPendingTests": 0,
      "numTodoTests": 0,
      "openHandles": [],
      "perfStats": {
        "end": 0,
        "runtime": 0,
        "slow": false,
        "start": 0
      },
      "skipped": false,
      "snapshot": {
        "added": 0,
        "fileDeleted": false,
        "matched": 0,
        "unchecked": 0,
        "uncheckedKeys": [],
        "unmatched": 0,
        "updated": 0
      },
      "testExecError": "C:\\Users\\sande\\Desktop\\cspl\\backend\\routes\\item_choices_route.js: Unexpected reserved word 'package'. (188:4)\n\n\u001b[0m \u001b[90m 186 |\u001b[39m     image_url\u001b[33m,\u001b[39m\n \u001b[90m 187 |\u001b[39m     is_premium\u001b[33m,\u001b[39m\n\u001b[31m\u001b[1m>\u001b[22m\u001b[39m\u001b[90m 188 |\u001b[39m     \u001b[36mpackage\u001b[39m\u001b[33m,\u001b[39m\n \u001b[90m     |\u001b[39m     \u001b[31m\u001b[1m^\u001b[22m\u001b[39m\n \u001b[90m 189 |\u001b[39m     is_default\u001b[33m,\u001b[39m\n \u001b[90m 190 |\u001b[39m     is_active\n \u001b[90m 191 |\u001b[39m   } \u001b[33m=\u001b[39m req\u001b[33m.\u001b[39mbody\u001b[33m;\u001b[39m\u001b[0m",
      "testFilePath": "C:\\Users\\sande\\Desktop\\cspl\\backend\\tests\\door_dimensions_route.test.js",
      "testResults": []
    },
    {
      "failureMessage": "  \u001b[1m● \u001b[22mTest suite failed to run\n\n    \u001b[1m\u001b[31mJest encountered an unexpected token\u001b[39m\u001b[22m\n\n    Jest failed to parse a file. This happens e.g. when your code or its dependencies use non-standard JavaScript syntax, or when Jest is not configured to support such syntax.\n\n    Out of the box Jest supports Babel, which will be used to transform your files into valid JS based on your Babel configuration.\n\n    By default \"node_modules\" folder is ignored by transformers.\n\n    Here's what you can do:\n     • If you are trying to use ECMAScript Modules, see \u001b[4mhttps://jestjs.io/docs/ecmascript-modules\u001b[24m for how to enable it.\n     • If you are trying to use TypeScript, see \u001b[4mhttps://jestjs.io/docs/getting-started#using-typescript\u001b[24m\n     • To have some of your \"node_modules\" files transformed, you can specify a custom \u001b[1m\"transformIgnorePatterns\"\u001b[22m in your config.\n     • If you need a custom transformation specify a \u001b[1m\"transform\"\u001b[22m option in your config.\n     • If you simply want to mock your non-JS modules (e.g. binary assets) you can stub them out with the \u001b[1m\"moduleNameMapper\"\u001b[22m config option.\n\n    You'll find more details and examples of these config options in the docs:\n    \u001b[36mhttps://jestjs.io/docs/configuration\u001b[39m\n    For information about custom transformations, see:\n    \u001b[36mhttps://jestjs.io/docs/code-transformation\u001b[39m\n\n    \u001b[1m\u001b[31mDetails:\u001b[39m\u001b[22m\n\n    SyntaxError: C:\\Users\\sande\\Desktop\\cspl\\backend\\routes\\item_choices_route.js: Unexpected reserved word 'package'. (188:4)\n\n    \u001b[0m \u001b[90m 186 |\u001b[39m     image_url\u001b[33m,\u001b[39m\n     \u001b[90m 187 |\u001b[39m     is_premium\u001b[33m,\u001b[39m\n    \u001b[31m\u001b[1m>\u001b[22m\u001b[39m\u001b[90m 188 |\u001b[39m     \u001b[36mpackage\u001b[39m\u001b[33m,\u001b[39m\n     \u001b[90m     |\u001b[39m     \u001b[31m\u001b[1m^\u001b[22m\u001b[39m\n     \u001b[90m 189 |\u001b[39m     is_default\u001b[33m,\u001b[39m\n     \u001b[90m 190 |\u001b[39m     is_active\n     \u001b[90m 191 |\u001b[39m   } \u001b[33m=\u001b[39m req\u001b[33m.\u001b[39mbody\u001b[33m;\u001b[39m\u001b[0m\n\n    \u001b[0m \u001b[90m  7 |\u001b[39m \u001b[36mconst\u001b[39m projects \u001b[33m=\u001b[39m require(\u001b[32m'../routes/projects_route'\u001b[39m)\u001b[33m;\u001b[39m  \n     \u001b[90m  8 |\u001b[39m \u001b[36mconst\u001b[39m items \u001b[33m=\u001b[39m require(\u001b[32m'../routes/items_route'\u001b[39m)\u001b[33m;\u001b[39m  \n    \u001b[31m\u001b[1m>\u001b[22m\u001b[39m\u001b[90m  9 |\u001b[39m \u001b[36mconst\u001b[39m itemchoices \u001b[33m=\u001b[39m require(\u001b[32m'../routes/item_choices_route'\u001b[39m)\u001b[33m;\u001b[39m  \n     \u001b[90m    |\u001b[39m                     \u001b[31m\u001b[1m^\u001b[22m\u001b[39m\n     \u001b[90m 10 |\u001b[39m \u001b[36mconst\u001b[39m employees \u001b[33m=\u001b[39m require(\u001b[32m'../routes/employees_route'\u001b[39m)\u001b[33m;\u001b[39m  \n     \u001b[90m 11 |\u001b[39m \u001b[36mconst\u001b[39m clients \u001b[33m=\u001b[39m require(\u001b[32m'../routes/clients_route'\u001b[39m)\u001b[33m;\u001b[39m\n     \u001b[90m 12 |\u001b[39m \u001b[36mconst\u001b[39m architect_measurements_structural \u001b[33m=\u001b[39m require(\u001b[32m'../routes/architect_measurements_structural_route'\u001b[39m)\u001b[33m;\u001b[39m\u001b[0m\n\n      \u001b[2mat constructor (\u001b[22mnode_modules/@babel/parser/src/parse-error.ts\u001b[2m:95:45)\u001b[22m\n      \u001b[2mat Parser.toParseError [as raise] (\u001b[22mnode_modules/@babel/parser/src/tokenizer/index.ts\u001b[2m:1503:19)\u001b[22m\n      \u001b[2mat Parser.raise [as checkReservedWord] (\u001b[22mnode_modules/@babel/parser/src/parser/expression.ts\u001b[2m:2831:12)\u001b[22m\n      \u001b[2mat Parser.checkReservedWord [as parseObjectProperty] (\u001b[22mnode_modules/@babel/parser/src/parser/expression.ts\u001b[2m:2299:12)\u001b[22m\n      \u001b[2mat Parser.parseObjectProperty [as parseObjPropValue] (\u001b[22mnode_modules/@babel/parser/src/parser/expression.ts\u001b[2m:2349:12)\u001b[22m\n      \u001b[2mat Parser.parseObjPropValue [as parseBindingProperty] (\u001b[22mnode_modules/@babel/parser/src/parser/lval.ts\u001b[2m:476:17)\u001b[22m\n      \u001b[2mat Parser.parseBindingProperty [as parseObjectLike] (\u001b[22mnode_modules/@babel/parser/src/parser/expression.ts\u001b[2m:2057:21)\u001b[22m\n      \u001b[2mat Parser.parseObjectLike [as parseBindingAtom] (\u001b[22mnode_modules/@babel/parser/src/parser/lval.ts\u001b[2m:387:21)\u001b[22m\n      \u001b[2mat Parser.parseBindingAtom [as parseVarId] (\u001b[22mnode_modules/@babel/parser/src/parser/statement.ts\u001b[2m:1594:21)\u001b[22m\n      \u001b[2mat Parser.parseVarId [as parseVar] (\u001b[22mnode_modules/@babel/parser/src/parser/statement.ts\u001b[2m:1553:12)\u001b[22m\n      \u001b[2mat Parser.parseVar [as parseVarStatement] (\u001b[22mnode_modules/@babel/parser/src/parser/statement.ts\u001b[2m:1222:10)\u001b[22m\n      \u001b[2mat Parser.parseVarStatement [as parseStatementContent] (\u001b[22mnode_modules/@babel/parser/src/parser/statement.ts\u001b[2m:578:21)\u001b[22m\n      \u001b[2mat Parser.parseStatementContent [as parseStatementLike] (\u001b[22mnode_modules/@babel/parser/src/parser/statement.ts\u001b[2m:449:17)\u001b[22m\n      \u001b[2mat Parser.parseStatementLike [as parseStatementListItem] (\u001b[22mnode_modules/@babel/parser/src/parser/statement.ts\u001b[2m:398:17)\u001b[22m\n      \u001b[2mat Parser.parseStatementListItem [as parseBlockOrModuleBlockBody] (\u001b[22mnode_modules/@babel/parser/src/parser/statement.ts\u001b[2m:1415:16)\u001b[22m\n      \u001b[2mat Parser.parseBlockOrModuleBlockBody [as parseBlockBody] (\u001b[22mnode_modules/@babel/parser/src/parser/statement.ts\u001b[2m:1388:10)\u001b[22m\n      \u001b[2mat Parser.parseBlockBody [as parseBlock] (\u001b[22mnode_modules/@babel/parser/src/parser/statement.ts\u001b[2m:1356:10)\u001b[22m\n      \u001b[2mat Parser.parseBlock [as parseFunctionBody] (\u001b[22mnode_modules/@babel/parser/src/parser/expression.ts\u001b[2m:2579:24)\u001b[22m\n      \u001b[2mat Parser.parseFunctionBody [as parseArrowExpression] (\u001b[22mnode_modules/@babel/parser/src/parser/expression.ts\u001b[2m:2520:10)\u001b[22m\n      \u001b[2mat Parser.parseArrowExpression [as parseAsyncArrowFromCallExpression] (\u001b[22mnode_modules/@babel/parser/src/parser/expression.ts\u001b[2m:1045:10)\u001b[22m\n      \u001b[2mat Parser.parseAsyncArrowFromCallExpression [as parseCoverCallAndAsyncArrowHead] (\u001b[22mnode_modules/@babel/parser/src/parser/expression.ts\u001b[2m:924:27)\u001b[22m\n      \u001b[2mat Parser.parseCoverCallAndAsyncArrowHead [as parseSubscript] (\u001b[22mnode_modules/@babel/parser/src/parser/expression.ts\u001b[2m:785:19)\u001b[22m\n      \u001b[2mat Parser.parseSubscript [as parseSubscripts] (\u001b[22mnode_modules/@babel/parser/src/parser/expression.ts\u001b[2m:744:19)\u001b[22m\n      \u001b[2mat Parser.parseSubscripts [as parseExprSubscripts] (\u001b[22mnode_modules/@babel/parser/src/parser/expression.ts\u001b[2m:729:17)\u001b[22m\n      \u001b[2mat Parser.parseExprSubscripts [as parseUpdate] (\u001b[22mnode_modules/@babel/parser/src/parser/expression.ts\u001b[2m:702:21)\u001b[22m\n      \u001b[2mat Parser.parseUpdate [as parseMaybeUnary] (\u001b[22mnode_modules/@babel/parser/src/parser/expression.ts\u001b[2m:664:23)\u001b[22m\n      \u001b[2mat Parser.parseMaybeUnary [as parseMaybeUnaryOrPrivate] (\u001b[22mnode_modules/@babel/parser/src/parser/expression.ts\u001b[2m:398:14)\u001b[22m\n      \u001b[2mat Parser.parseMaybeUnaryOrPrivate [as parseExprOps] (\u001b[22mnode_modules/@babel/parser/src/parser/expression.ts\u001b[2m:410:23)\u001b[22m\n      \u001b[2mat Parser.parseExprOps [as parseMaybeConditional] (\u001b[22mnode_modules/@babel/parser/src/parser/expression.ts\u001b[2m:365:23)\u001b[22m\n      \u001b[2mat Parser.parseMaybeConditional [as parseMaybeAssign] (\u001b[22mnode_modules/@babel/parser/src/parser/expression.ts\u001b[2m:296:21)\u001b[22m\n      \u001b[2mat parseMaybeAssign (\u001b[22mnode_modules/@babel/parser/src/parser/expression.ts\u001b[2m:252:12)\u001b[22m\n      \u001b[2mat Parser.callback [as allowInAnd] (\u001b[22mnode_modules/@babel/parser/src/parser/expression.ts\u001b[2m:3136:12)\u001b[22m\n      \u001b[2mat Parser.allowInAnd [as parseMaybeAssignAllowIn] (\u001b[22mnode_modules/@babel/parser/src/parser/expression.ts\u001b[2m:251:17)\u001b[22m\n      \u001b[2mat Parser.parseMaybeAssignAllowIn [as parseExprListItem] (\u001b[22mnode_modules/@babel/parser/src/parser/expression.ts\u001b[2m:2742:18)\u001b[22m\n      \u001b[2mat Parser.parseExprListItem [as parseCallExpressionArguments] (\u001b[22mnode_modules/@babel/parser/src/parser/expression.ts\u001b[2m:1025:14)\u001b[22m\n      \u001b[2mat Parser.parseCallExpressionArguments [as parseCoverCallAndAsyncArrowHead] (\u001b[22mnode_modules/@babel/parser/src/parser/expression.ts\u001b[2m:903:29)\u001b[22m\n      \u001b[2mat Parser.parseCoverCallAndAsyncArrowHead [as parseSubscript] (\u001b[22mnode_modules/@babel/parser/src/parser/expression.ts\u001b[2m:785:19)\u001b[22m\n      \u001b[2mat Parser.parseSubscript [as parseSubscripts] (\u001b[22mnode_modules/@babel/parser/src/parser/expression.ts\u001b[2m:744:19)\u001b[22m\n      \u001b[2mat Parser.parseSubscripts [as parseExprSubscripts] (\u001b[22mnode_modules/@babel/parser/src/parser/expression.ts\u001b[2m:729:17)\u001b[22m\n      \u001b[2mat Parser.parseExprSubscripts [as parseUpdate] (\u001b[22mnode_modules/@babel/parser/src/parser/expression.ts\u001b[2m:702:21)\u001b[22m\n      \u001b[2mat Parser.parseUpdate [as parseMaybeUnary] (\u001b[22mnode_modules/@babel/parser/src/parser/expression.ts\u001b[2m:664:23)\u001b[22m\n      \u001b[2mat Parser.parseMaybeUnary [as parseMaybeUnaryOrPrivate] (\u001b[22mnode_modules/@babel/parser/src/parser/expression.ts\u001b[2m:398:14)\u001b[22m\n      \u001b[2mat Parser.parseMaybeUnaryOrPrivate [as parseExprOps] (\u001b[22mnode_modules/@babel/parser/src/parser/expression.ts\u001b[2m:410:23)\u001b[22m\n      \u001b[2mat Parser.parseExprOps [as parseMaybeConditional] (\u001b[22mnode_modules/@babel/parser/src/parser/expression.ts\u001b[2m:365:23)\u001b[22m\n      \u001b[2mat Parser.parseMaybeConditional [as parseMaybeAssign] (\u001b[22mnode_modules/@babel/parser/src/parser/expression.ts\u001b[2m:296:21)\u001b[22m\n      \u001b[2mat Parser.parseMaybeAssign [as parseExpressionBase] (\u001b[22mnode_modules/@babel/parser/src/parser/expression.ts\u001b[2m:221:23)\u001b[22m\n      \u001b[2mat parseExpressionBase (\u001b[22mnode_modules/@babel/parser/src/parser/expression.ts\u001b[2m:212:39)\u001b[22m\n      \u001b[2mat Parser.callback [as allowInAnd] (\u001b[22mnode_modules/@babel/parser/src/parser/expression.ts\u001b[2m:3131:16)\u001b[22m\n      \u001b[2mat Parser.allowInAnd [as parseExpression] (\u001b[22mnode_modules/@babel/parser/src/parser/expression.ts\u001b[2m:212:17)\u001b[22m\n      \u001b[2mat Parser.parseExpression [as parseStatementContent] (\u001b[22mnode_modules/@babel/parser/src/parser/statement.ts\u001b[2m:654:23)\u001b[22m\n      \u001b[2mat Parser.parseStatementContent [as parseStatementLike] (\u001b[22mnode_modules/@babel/parser/src/parser/statement.ts\u001b[2m:449:17)\u001b[22m\n      \u001b[2mat Parser.parseStatementLike [as parseModuleItem] (\u001b[22mnode_modules/@babel/parser/src/parser/statement.ts\u001b[2m:386:17)\u001b[22m\n      \u001b[2mat Parser.parseModuleItem [as parseBlockOrModuleBlockBody] (\u001b[22mnode_modules/@babel/parser/src/parser/statement.ts\u001b[2m:1414:16)\u001b[22m\n      \u001b[2mat Parser.parseBlockOrModuleBlockBody [as parseBlockBody] (\u001b[22mnode_modules/@babel/parser/src/parser/statement.ts\u001b[2m:1388:10)\u001b[22m\n      \u001b[2mat Parser.parseBlockBody [as parseProgram] (\u001b[22mnode_modules/@babel/parser/src/parser/statement.ts\u001b[2m:225:10)\u001b[22m\n      \u001b[2mat Parser.parseProgram [as parseTopLevel] (\u001b[22mnode_modules/@babel/parser/src/parser/statement.ts\u001b[2m:203:25)\u001b[22m\n      \u001b[2mat Parser.parseTopLevel [as parse] (\u001b[22mnode_modules/@babel/parser/src/parser/index.ts\u001b[2m:93:10)\u001b[22m\n      \u001b[2mat parse (\u001b[22mnode_modules/@babel/parser/src/index.ts\u001b[2m:92:38)\u001b[22m\n      \u001b[2mat parser (\u001b[22mnode_modules/@babel/core/src/parser/index.ts\u001b[2m:28:19)\u001b[22m\n          at parser.next (<anonymous>)\n      \u001b[2mat normalizeFile (\u001b[22mnode_modules/@babel/core/src/transformation/normalize-file.ts\u001b[2m:49:24)\u001b[22m\n          at normalizeFile.next (<anonymous>)\n      \u001b[2mat run (\u001b[22mnode_modules/@babel/core/src/transformation/index.ts\u001b[2m:40:36)\u001b[22m\n          at run.next (<anonymous>)\n      \u001b[2mat transform (\u001b[22mnode_modules/@babel/core/src/transform.ts\u001b[2m:29:20)\u001b[22m\n          at transform.next (<anonymous>)\n      \u001b[2mat evaluateSync (\u001b[22mnode_modules/gensync/index.js\u001b[2m:251:28)\u001b[22m\n      \u001b[2mat sync (\u001b[22mnode_modules/gensync/index.js\u001b[2m:89:14)\u001b[22m\n      \u001b[2mat fn (\u001b[22mnode_modules/@babel/core/src/errors/rewrite-stack-trace.ts\u001b[2m:99:14)\u001b[22m\n      \u001b[2mat transformSync (\u001b[22mnode_modules/@babel/core/src/transform.ts\u001b[2m:66:52)\u001b[22m\n      \u001b[2mat ScriptTransformer.transformSource (\u001b[22mnode_modules/@jest/transform/build/ScriptTransformer.js\u001b[2m:545:31)\u001b[22m\n      \u001b[2mat ScriptTransformer._transformAndBuildScript (\u001b[22mnode_modules/@jest/transform/build/ScriptTransformer.js\u001b[2m:674:40)\u001b[22m\n      \u001b[2mat ScriptTransformer.transform (\u001b[22mnode_modules/@jest/transform/build/ScriptTransformer.js\u001b[2m:726:19)\u001b[22m\n      \u001b[2mat Object.require (\u001b[22mtests/testApp.js\u001b[2m:9:21)\u001b[22m\n      \u001b[2mat Object.require (\u001b[22m\u001b[0m\u001b[36mtests/elements.test.js\u001b[39m\u001b[0m\u001b[2m:3:23)\u001b[22m\n",
      "leaks": false,
      "numFailingTests": 0,
      "numPassingTests": 0,
      "numPendingTests": 0,
      "numTodoTests": 0,
      "openHandles": [],
      "perfStats": {
        "end": 0,
        "runtime": 0,
        "slow": false,
        "start": 0
      },
      "skipped": false,
      "snapshot": {
        "added": 0,
        "fileDeleted": false,
        "matched": 0,
        "unchecked": 0,
        "uncheckedKeys": [],
        "unmatched": 0,
        "updated": 0
      },
      "testExecError": "C:\\Users\\sande\\Desktop\\cspl\\backend\\routes\\item_choices_route.js: Unexpected reserved word 'package'. (188:4)\n\n\u001b[0m \u001b[90m 186 |\u001b[39m     image_url\u001b[33m,\u001b[39m\n \u001b[90m 187 |\u001b[39m     is_premium\u001b[33m,\u001b[39m\n\u001b[31m\u001b[1m>\u001b[22m\u001b[39m\u001b[90m 188 |\u001b[39m     \u001b[36mpackage\u001b[39m\u001b[33m,\u001b[39m\n \u001b[90m     |\u001b[39m     \u001b[31m\u001b[1m^\u001b[22m\u001b[39m\n \u001b[90m 189 |\u001b[39m     is_default\u001b[33m,\u001b[39m\n \u001b[90m 190 |\u001b[39m     is_active\n \u001b[90m 191 |\u001b[39m   } \u001b[33m=\u001b[39m req\u001b[33m.\u001b[39mbody\u001b[33m;\u001b[39m\u001b[0m",
      "testFilePath": "C:\\Users\\sande\\Desktop\\cspl\\backend\\tests\\elements.test.js",
      "testResults": []
    }
  ],
  "wasInterrupted": false
}