<?xml version="1.0" encoding="UTF-8"?>
<coverage generated="1753442547002" clover="3.2.0">
  <project timestamp="1753442547002" name="All files">
    <metrics statements="1140" coveredstatements="765" conditionals="489" coveredconditionals="346" methods="97" coveredmethods="66" elements="1726" coveredelements="1177" complexity="0" loc="1140" ncloc="1140" packages="1" files="8" classes="8"/>
    <file name="client_requirements_route.js" path="C:\Users\sande\Desktop\cspl\ado-repos\Construction\Source\constructions-be\routes\client_requirements_route.js">
      <metrics statements="174" coveredstatements="121" conditionals="60" coveredconditionals="50" methods="16" coveredmethods="12"/>
      <line num="1" count="1" type="stmt"/>
      <line num="2" count="1" type="stmt"/>
      <line num="59" count="1" type="stmt"/>
      <line num="60" count="2" type="stmt"/>
      <line num="61" count="2" type="stmt"/>
      <line num="62" count="2" type="stmt"/>
      <line num="63" count="1" type="stmt"/>
      <line num="64" count="1" type="stmt"/>
      <line num="66" count="1" type="stmt"/>
      <line num="67" count="1" type="stmt"/>
      <line num="94" count="1" type="stmt"/>
      <line num="95" count="8" type="stmt"/>
      <line num="96" count="8" type="stmt"/>
      <line num="97" count="8" type="stmt"/>
      <line num="98" count="8" type="stmt"/>
      <line num="99" count="8" type="stmt"/>
      <line num="101" count="8" type="cond" truecount="2" falsecount="0"/>
      <line num="102" count="1" type="stmt"/>
      <line num="104" count="7" type="stmt"/>
      <line num="106" count="0" type="stmt"/>
      <line num="107" count="0" type="stmt"/>
      <line num="248" count="1" type="stmt"/>
      <line num="249" count="2" type="stmt"/>
      <line num="304" count="2" type="stmt"/>
      <line num="306" count="2" type="cond" truecount="4" falsecount="0"/>
      <line num="307" count="1" type="stmt"/>
      <line num="310" count="1" type="stmt"/>
      <line num="311" count="1" type="stmt"/>
      <line num="336" count="1" type="stmt"/>
      <line num="392" count="1" type="stmt"/>
      <line num="394" count="1" type="stmt"/>
      <line num="396" count="0" type="stmt"/>
      <line num="397" count="0" type="stmt"/>
      <line num="561" count="1" type="stmt"/>
      <line num="562" count="3" type="stmt"/>
      <line num="563" count="3" type="stmt"/>
      <line num="624" count="3" type="stmt"/>
      <line num="626" count="3" type="cond" truecount="4" falsecount="0"/>
      <line num="627" count="1" type="stmt"/>
      <line num="630" count="2" type="stmt"/>
      <line num="631" count="2" type="stmt"/>
      <line num="698" count="2" type="stmt"/>
      <line num="761" count="2" type="stmt"/>
      <line num="763" count="2" type="cond" truecount="2" falsecount="0"/>
      <line num="764" count="1" type="stmt"/>
      <line num="767" count="1" type="stmt"/>
      <line num="769" count="0" type="stmt"/>
      <line num="770" count="0" type="stmt"/>
      <line num="795" count="1" type="stmt"/>
      <line num="796" count="2" type="stmt"/>
      <line num="797" count="2" type="stmt"/>
      <line num="799" count="2" type="stmt"/>
      <line num="800" count="2" type="stmt"/>
      <line num="805" count="2" type="cond" truecount="2" falsecount="0"/>
      <line num="806" count="1" type="stmt"/>
      <line num="809" count="1" type="stmt"/>
      <line num="811" count="0" type="stmt"/>
      <line num="812" count="0" type="stmt"/>
      <line num="835" count="1" type="stmt"/>
      <line num="836" count="1" type="stmt"/>
      <line num="837" count="1" type="stmt"/>
      <line num="839" count="1" type="stmt"/>
      <line num="840" count="1" type="stmt"/>
      <line num="844" count="1" type="stmt"/>
      <line num="846" count="0" type="stmt"/>
      <line num="847" count="0" type="stmt"/>
      <line num="871" count="1" type="stmt"/>
      <line num="872" count="1" type="stmt"/>
      <line num="873" count="1" type="stmt"/>
      <line num="875" count="1" type="stmt"/>
      <line num="876" count="1" type="stmt"/>
      <line num="880" count="1" type="stmt"/>
      <line num="882" count="0" type="stmt"/>
      <line num="883" count="0" type="stmt"/>
      <line num="907" count="1" type="stmt"/>
      <line num="908" count="0" type="stmt"/>
      <line num="909" count="0" type="stmt"/>
      <line num="911" count="0" type="cond" truecount="0" falsecount="2"/>
      <line num="912" count="0" type="stmt"/>
      <line num="915" count="0" type="stmt"/>
      <line num="916" count="0" type="stmt"/>
      <line num="924" count="0" type="stmt"/>
      <line num="926" count="0" type="stmt"/>
      <line num="927" count="0" type="stmt"/>
      <line num="962" count="1" type="stmt"/>
      <line num="963" count="2" type="stmt"/>
      <line num="964" count="2" type="stmt"/>
      <line num="965" count="2" type="stmt"/>
      <line num="967" count="2" type="stmt"/>
      <line num="968" count="2" type="stmt"/>
      <line num="980" count="2" type="stmt"/>
      <line num="982" count="2" type="cond" truecount="2" falsecount="0"/>
      <line num="983" count="1" type="stmt"/>
      <line num="986" count="1" type="stmt"/>
      <line num="991" count="0" type="stmt"/>
      <line num="992" count="0" type="stmt"/>
      <line num="1029" count="1" type="stmt"/>
      <line num="1030" count="3" type="stmt"/>
      <line num="1031" count="3" type="stmt"/>
      <line num="1032" count="3" type="stmt"/>
      <line num="1034" count="3" type="stmt"/>
      <line num="1036" count="3" type="stmt"/>
      <line num="1041" count="3" type="cond" truecount="2" falsecount="0"/>
      <line num="1042" count="1" type="stmt"/>
      <line num="1045" count="2" type="cond" truecount="2" falsecount="0"/>
      <line num="1046" count="1" type="stmt"/>
      <line num="1049" count="1" type="stmt"/>
      <line num="1062" count="1" type="stmt"/>
      <line num="1064" count="1" type="stmt"/>
      <line num="1069" count="0" type="stmt"/>
      <line num="1070" count="0" type="stmt"/>
      <line num="1111" count="1" type="stmt"/>
      <line num="1112" count="3" type="stmt"/>
      <line num="1113" count="3" type="stmt"/>
      <line num="1114" count="3" type="stmt"/>
      <line num="1116" count="3" type="stmt"/>
      <line num="1118" count="3" type="stmt"/>
      <line num="1123" count="3" type="cond" truecount="1" falsecount="1"/>
      <line num="1124" count="0" type="stmt"/>
      <line num="1127" count="3" type="cond" truecount="2" falsecount="0"/>
      <line num="1128" count="1" type="stmt"/>
      <line num="1131" count="2" type="stmt"/>
      <line num="1134" count="2" type="cond" truecount="2" falsecount="0"/>
      <line num="1135" count="1" type="stmt"/>
      <line num="1145" count="1" type="stmt"/>
      <line num="1147" count="1" type="stmt"/>
      <line num="1157" count="1" type="stmt"/>
      <line num="1160" count="2" type="stmt"/>
      <line num="1162" count="2" type="stmt"/>
      <line num="1167" count="0" type="stmt"/>
      <line num="1168" count="0" type="stmt"/>
      <line num="1191" count="1" type="stmt"/>
      <line num="1192" count="1" type="stmt"/>
      <line num="1193" count="1" type="stmt"/>
      <line num="1195" count="1" type="stmt"/>
      <line num="1196" count="1" type="stmt"/>
      <line num="1200" count="1" type="stmt"/>
      <line num="1202" count="0" type="stmt"/>
      <line num="1203" count="0" type="stmt"/>
      <line num="1232" count="1" type="stmt"/>
      <line num="1233" count="0" type="stmt"/>
      <line num="1234" count="0" type="stmt"/>
      <line num="1236" count="0" type="cond" truecount="0" falsecount="4"/>
      <line num="1237" count="0" type="stmt"/>
      <line num="1240" count="0" type="stmt"/>
      <line num="1241" count="0" type="stmt"/>
      <line num="1247" count="0" type="stmt"/>
      <line num="1249" count="0" type="stmt"/>
      <line num="1250" count="0" type="stmt"/>
      <line num="1266" count="1" type="stmt"/>
      <line num="1267" count="0" type="stmt"/>
      <line num="1269" count="0" type="stmt"/>
      <line num="1270" count="0" type="stmt"/>
      <line num="1273" count="0" type="stmt"/>
      <line num="1275" count="0" type="stmt"/>
      <line num="1276" count="0" type="stmt"/>
      <line num="1292" count="1" type="stmt"/>
      <line num="1293" count="0" type="stmt"/>
      <line num="1295" count="0" type="stmt"/>
      <line num="1296" count="0" type="stmt"/>
      <line num="1309" count="0" type="stmt"/>
      <line num="1311" count="0" type="stmt"/>
      <line num="1312" count="0" type="stmt"/>
      <line num="1337" count="1" type="stmt"/>
      <line num="1338" count="2" type="stmt"/>
      <line num="1339" count="2" type="stmt"/>
      <line num="1341" count="2" type="stmt"/>
      <line num="1342" count="2" type="stmt"/>
      <line num="1357" count="2" type="cond" truecount="2" falsecount="0"/>
      <line num="1358" count="1" type="stmt"/>
      <line num="1361" count="1" type="stmt"/>
      <line num="1363" count="0" type="stmt"/>
      <line num="1364" count="0" type="stmt"/>
      <line num="1368" count="1" type="stmt"/>
    </file>
    <file name="clients_route.js" path="C:\Users\sande\Desktop\cspl\ado-repos\Construction\Source\constructions-be\routes\clients_route.js">
      <metrics statements="92" coveredstatements="52" conditionals="20" coveredconditionals="13" methods="9" coveredmethods="5"/>
      <line num="1" count="2" type="stmt"/>
      <line num="2" count="2" type="stmt"/>
      <line num="51" count="2" type="stmt"/>
      <line num="52" count="2" type="stmt"/>
      <line num="53" count="2" type="stmt"/>
      <line num="55" count="2" type="stmt"/>
      <line num="56" count="2" type="stmt"/>
      <line num="58" count="2" type="stmt"/>
      <line num="60" count="0" type="stmt"/>
      <line num="61" count="0" type="stmt"/>
      <line num="88" count="2" type="stmt"/>
      <line num="89" count="5" type="stmt"/>
      <line num="90" count="5" type="stmt"/>
      <line num="91" count="5" type="stmt"/>
      <line num="92" count="5" type="stmt"/>
      <line num="93" count="3" type="stmt"/>
      <line num="95" count="3" type="cond" truecount="2" falsecount="0"/>
      <line num="96" count="1" type="stmt"/>
      <line num="98" count="2" type="stmt"/>
      <line num="100" count="2" type="stmt"/>
      <line num="101" count="2" type="stmt"/>
      <line num="183" count="2" type="stmt"/>
      <line num="184" count="4" type="stmt"/>
      <line num="213" count="4" type="stmt"/>
      <line num="215" count="4" type="cond" truecount="2" falsecount="0"/>
      <line num="216" count="1" type="stmt"/>
      <line num="219" count="3" type="stmt"/>
      <line num="220" count="3" type="stmt"/>
      <line num="236" count="3" type="stmt"/>
      <line num="266" count="3" type="stmt"/>
      <line num="268" count="3" type="stmt"/>
      <line num="270" count="0" type="stmt"/>
      <line num="271" count="0" type="stmt"/>
      <line num="362" count="2" type="stmt"/>
      <line num="363" count="1" type="stmt"/>
      <line num="364" count="1" type="stmt"/>
      <line num="393" count="1" type="stmt"/>
      <line num="395" count="1" type="cond" truecount="1" falsecount="1"/>
      <line num="396" count="0" type="stmt"/>
      <line num="399" count="1" type="stmt"/>
      <line num="400" count="1" type="stmt"/>
      <line num="435" count="1" type="stmt"/>
      <line num="466" count="1" type="stmt"/>
      <line num="468" count="1" type="cond" truecount="1" falsecount="1"/>
      <line num="469" count="0" type="stmt"/>
      <line num="472" count="1" type="stmt"/>
      <line num="474" count="0" type="stmt"/>
      <line num="475" count="0" type="stmt"/>
      <line num="500" count="2" type="stmt"/>
      <line num="501" count="1" type="stmt"/>
      <line num="502" count="1" type="stmt"/>
      <line num="504" count="1" type="stmt"/>
      <line num="505" count="1" type="stmt"/>
      <line num="510" count="1" type="cond" truecount="1" falsecount="1"/>
      <line num="511" count="0" type="stmt"/>
      <line num="514" count="1" type="stmt"/>
      <line num="516" count="0" type="stmt"/>
      <line num="517" count="0" type="stmt"/>
      <line num="541" count="2" type="stmt"/>
      <line num="542" count="0" type="stmt"/>
      <line num="543" count="0" type="stmt"/>
      <line num="545" count="0" type="stmt"/>
      <line num="546" count="0" type="stmt"/>
      <line num="550" count="0" type="stmt"/>
      <line num="552" count="0" type="stmt"/>
      <line num="553" count="0" type="stmt"/>
      <line num="575" count="2" type="stmt"/>
      <line num="576" count="0" type="stmt"/>
      <line num="577" count="0" type="stmt"/>
      <line num="579" count="0" type="cond" truecount="0" falsecount="2"/>
      <line num="580" count="0" type="stmt"/>
      <line num="583" count="0" type="stmt"/>
      <line num="584" count="0" type="stmt"/>
      <line num="591" count="0" type="stmt"/>
      <line num="593" count="0" type="stmt"/>
      <line num="594" count="0" type="stmt"/>
      <line num="610" count="2" type="stmt"/>
      <line num="611" count="0" type="stmt"/>
      <line num="613" count="0" type="stmt"/>
      <line num="614" count="0" type="stmt"/>
      <line num="615" count="0" type="stmt"/>
      <line num="617" count="0" type="stmt"/>
      <line num="618" count="0" type="stmt"/>
      <line num="641" count="2" type="stmt"/>
      <line num="642" count="0" type="stmt"/>
      <line num="643" count="0" type="stmt"/>
      <line num="645" count="0" type="stmt"/>
      <line num="646" count="0" type="stmt"/>
      <line num="650" count="0" type="stmt"/>
      <line num="652" count="0" type="stmt"/>
      <line num="653" count="0" type="stmt"/>
      <line num="657" count="2" type="stmt"/>
    </file>
    <file name="items_route.js" path="C:\Users\sande\Desktop\cspl\ado-repos\Construction\Source\constructions-be\routes\items_route.js">
      <metrics statements="75" coveredstatements="45" conditionals="28" coveredconditionals="21" methods="8" coveredmethods="5"/>
      <line num="1" count="2" type="stmt"/>
      <line num="2" count="2" type="stmt"/>
      <line num="26" count="2" type="stmt"/>
      <line num="27" count="0" type="stmt"/>
      <line num="29" count="0" type="stmt"/>
      <line num="30" count="0" type="stmt"/>
      <line num="31" count="0" type="stmt"/>
      <line num="33" count="0" type="stmt"/>
      <line num="57" count="2" type="stmt"/>
      <line num="58" count="0" type="stmt"/>
      <line num="59" count="0" type="stmt"/>
      <line num="61" count="0" type="stmt"/>
      <line num="62" count="0" type="stmt"/>
      <line num="66" count="0" type="stmt"/>
      <line num="68" count="0" type="stmt"/>
      <line num="93" count="2" type="stmt"/>
      <line num="94" count="0" type="stmt"/>
      <line num="95" count="0" type="stmt"/>
      <line num="97" count="0" type="cond" truecount="0" falsecount="2"/>
      <line num="98" count="0" type="stmt"/>
      <line num="101" count="0" type="stmt"/>
      <line num="102" count="0" type="stmt"/>
      <line num="108" count="0" type="stmt"/>
      <line num="110" count="0" type="stmt"/>
      <line num="144" count="2" type="stmt"/>
      <line num="145" count="2" type="stmt"/>
      <line num="146" count="2" type="stmt"/>
      <line num="147" count="2" type="stmt"/>
      <line num="148" count="2" type="stmt"/>
      <line num="150" count="0" type="stmt"/>
      <line num="151" count="0" type="stmt"/>
      <line num="177" count="2" type="stmt"/>
      <line num="178" count="4" type="stmt"/>
      <line num="179" count="4" type="stmt"/>
      <line num="180" count="4" type="stmt"/>
      <line num="181" count="4" type="stmt"/>
      <line num="183" count="4" type="cond" truecount="2" falsecount="0"/>
      <line num="184" count="2" type="stmt"/>
      <line num="186" count="2" type="stmt"/>
      <line num="188" count="0" type="stmt"/>
      <line num="189" count="0" type="stmt"/>
      <line num="224" count="2" type="stmt"/>
      <line num="225" count="4" type="stmt"/>
      <line num="226" count="4" type="stmt"/>
      <line num="228" count="4" type="cond" truecount="2" falsecount="0"/>
      <line num="229" count="2" type="stmt"/>
      <line num="232" count="2" type="stmt"/>
      <line num="233" count="2" type="stmt"/>
      <line num="246" count="2" type="stmt"/>
      <line num="248" count="0" type="stmt"/>
      <line num="249" count="0" type="stmt"/>
      <line num="293" count="2" type="stmt"/>
      <line num="294" count="4" type="stmt"/>
      <line num="295" count="4" type="stmt"/>
      <line num="296" count="4" type="stmt"/>
      <line num="298" count="4" type="cond" truecount="1" falsecount="1"/>
      <line num="299" count="0" type="stmt"/>
      <line num="302" count="4" type="stmt"/>
      <line num="303" count="4" type="stmt"/>
      <line num="319" count="4" type="cond" truecount="2" falsecount="0"/>
      <line num="320" count="2" type="stmt"/>
      <line num="323" count="2" type="stmt"/>
      <line num="325" count="0" type="stmt"/>
      <line num="326" count="0" type="stmt"/>
      <line num="351" count="2" type="stmt"/>
      <line num="352" count="3" type="stmt"/>
      <line num="353" count="3" type="stmt"/>
      <line num="355" count="3" type="stmt"/>
      <line num="356" count="3" type="stmt"/>
      <line num="361" count="3" type="cond" truecount="2" falsecount="0"/>
      <line num="362" count="1" type="stmt"/>
      <line num="365" count="2" type="stmt"/>
      <line num="367" count="0" type="stmt"/>
      <line num="368" count="0" type="stmt"/>
      <line num="372" count="2" type="stmt"/>
    </file>
    <file name="lead_requirements_route.js" path="C:\Users\sande\Desktop\cspl\ado-repos\Construction\Source\constructions-be\routes\lead_requirements_route.js">
      <metrics statements="85" coveredstatements="70" conditionals="22" coveredconditionals="20" methods="8" coveredmethods="7"/>
      <line num="1" count="1" type="stmt"/>
      <line num="2" count="1" type="stmt"/>
      <line num="23" count="1" type="stmt"/>
      <line num="24" count="2" type="stmt"/>
      <line num="25" count="2" type="stmt"/>
      <line num="26" count="2" type="stmt"/>
      <line num="27" count="1" type="stmt"/>
      <line num="28" count="1" type="stmt"/>
      <line num="30" count="1" type="stmt"/>
      <line num="31" count="1" type="stmt"/>
      <line num="58" count="1" type="stmt"/>
      <line num="59" count="7" type="stmt"/>
      <line num="60" count="7" type="stmt"/>
      <line num="61" count="7" type="stmt"/>
      <line num="62" count="7" type="stmt"/>
      <line num="63" count="5" type="stmt"/>
      <line num="65" count="5" type="cond" truecount="2" falsecount="0"/>
      <line num="66" count="2" type="stmt"/>
      <line num="68" count="3" type="stmt"/>
      <line num="70" count="2" type="stmt"/>
      <line num="71" count="2" type="stmt"/>
      <line num="129" count="1" type="stmt"/>
      <line num="130" count="4" type="stmt"/>
      <line num="151" count="4" type="stmt"/>
      <line num="153" count="4" type="cond" truecount="4" falsecount="0"/>
      <line num="154" count="1" type="stmt"/>
      <line num="157" count="3" type="stmt"/>
      <line num="158" count="3" type="stmt"/>
      <line num="172" count="3" type="stmt"/>
      <line num="194" count="3" type="stmt"/>
      <line num="196" count="2" type="stmt"/>
      <line num="198" count="1" type="stmt"/>
      <line num="199" count="1" type="stmt"/>
      <line num="260" count="1" type="stmt"/>
      <line num="261" count="4" type="stmt"/>
      <line num="262" count="4" type="stmt"/>
      <line num="280" count="4" type="stmt"/>
      <line num="282" count="4" type="cond" truecount="4" falsecount="0"/>
      <line num="283" count="1" type="stmt"/>
      <line num="286" count="3" type="stmt"/>
      <line num="287" count="3" type="stmt"/>
      <line num="311" count="3" type="stmt"/>
      <line num="331" count="3" type="stmt"/>
      <line num="333" count="3" type="cond" truecount="2" falsecount="0"/>
      <line num="334" count="1" type="stmt"/>
      <line num="337" count="2" type="stmt"/>
      <line num="339" count="0" type="stmt"/>
      <line num="340" count="0" type="stmt"/>
      <line num="365" count="1" type="stmt"/>
      <line num="366" count="3" type="stmt"/>
      <line num="367" count="3" type="stmt"/>
      <line num="369" count="3" type="stmt"/>
      <line num="370" count="3" type="stmt"/>
      <line num="375" count="2" type="cond" truecount="2" falsecount="0"/>
      <line num="376" count="1" type="stmt"/>
      <line num="379" count="1" type="stmt"/>
      <line num="381" count="1" type="stmt"/>
      <line num="382" count="1" type="stmt"/>
      <line num="405" count="1" type="stmt"/>
      <line num="406" count="2" type="stmt"/>
      <line num="407" count="2" type="stmt"/>
      <line num="409" count="2" type="stmt"/>
      <line num="410" count="2" type="stmt"/>
      <line num="414" count="2" type="stmt"/>
      <line num="416" count="0" type="stmt"/>
      <line num="417" count="0" type="stmt"/>
      <line num="440" count="1" type="stmt"/>
      <line num="441" count="2" type="stmt"/>
      <line num="442" count="2" type="stmt"/>
      <line num="444" count="2" type="stmt"/>
      <line num="445" count="2" type="stmt"/>
      <line num="449" count="2" type="stmt"/>
      <line num="451" count="0" type="stmt"/>
      <line num="452" count="0" type="stmt"/>
      <line num="474" count="1" type="stmt"/>
      <line num="475" count="0" type="stmt"/>
      <line num="476" count="0" type="stmt"/>
      <line num="478" count="0" type="cond" truecount="0" falsecount="2"/>
      <line num="479" count="0" type="stmt"/>
      <line num="482" count="0" type="stmt"/>
      <line num="483" count="0" type="stmt"/>
      <line num="490" count="0" type="stmt"/>
      <line num="492" count="0" type="stmt"/>
      <line num="493" count="0" type="stmt"/>
      <line num="497" count="1" type="stmt"/>
    </file>
    <file name="project_boq_route.js" path="C:\Users\sande\Desktop\cspl\ado-repos\Construction\Source\constructions-be\routes\project_boq_route.js">
      <metrics statements="303" coveredstatements="260" conditionals="197" coveredconditionals="168" methods="23" coveredmethods="23"/>
      <line num="1" count="1" type="stmt"/>
      <line num="2" count="1" type="stmt"/>
      <line num="66" count="1" type="stmt"/>
      <line num="67" count="3" type="stmt"/>
      <line num="68" count="3" type="cond" truecount="2" falsecount="0"/>
      <line num="69" count="3" type="cond" truecount="2" falsecount="0"/>
      <line num="71" count="3" type="stmt"/>
      <line num="73" count="3" type="stmt"/>
      <line num="74" count="2" type="stmt"/>
      <line num="77" count="2" type="stmt"/>
      <line num="82" count="2" type="stmt"/>
      <line num="87" count="1" type="stmt"/>
      <line num="88" count="1" type="stmt"/>
      <line num="115" count="1" type="stmt"/>
      <line num="116" count="2" type="stmt"/>
      <line num="117" count="2" type="stmt"/>
      <line num="118" count="2" type="stmt"/>
      <line num="119" count="2" type="stmt"/>
      <line num="120" count="2" type="stmt"/>
      <line num="122" count="2" type="cond" truecount="2" falsecount="0"/>
      <line num="123" count="1" type="stmt"/>
      <line num="125" count="1" type="stmt"/>
      <line num="127" count="0" type="stmt"/>
      <line num="128" count="0" type="stmt"/>
      <line num="194" count="1" type="stmt"/>
      <line num="195" count="4" type="stmt"/>
      <line num="215" count="4" type="stmt"/>
      <line num="218" count="4" type="cond" truecount="6" falsecount="0"/>
      <line num="219" count="1" type="stmt"/>
      <line num="222" count="3" type="stmt"/>
      <line num="224" count="3" type="stmt"/>
      <line num="225" count="3" type="cond" truecount="2" falsecount="0"/>
      <line num="226" count="1" type="stmt"/>
      <line num="229" count="2" type="stmt"/>
      <line num="230" count="2" type="cond" truecount="1" falsecount="1"/>
      <line num="231" count="0" type="stmt"/>
      <line num="234" count="2" type="stmt"/>
      <line num="235" count="2" type="cond" truecount="1" falsecount="1"/>
      <line num="236" count="0" type="stmt"/>
      <line num="239" count="2" type="stmt"/>
      <line num="289" count="1" type="stmt"/>
      <line num="293" count="1" type="cond" truecount="1" falsecount="1"/>
      <line num="294" count="1" type="stmt"/>
      <line num="298" count="0" type="stmt"/>
      <line num="346" count="1" type="stmt"/>
      <line num="347" count="3" type="stmt"/>
      <line num="348" count="3" type="stmt"/>
      <line num="367" count="3" type="stmt"/>
      <line num="370" count="3" type="cond" truecount="5" falsecount="1"/>
      <line num="371" count="0" type="stmt"/>
      <line num="374" count="3" type="stmt"/>
      <line num="376" count="3" type="stmt"/>
      <line num="377" count="3" type="cond" truecount="2" falsecount="0"/>
      <line num="378" count="1" type="stmt"/>
      <line num="382" count="2" type="cond" truecount="2" falsecount="0"/>
      <line num="383" count="1" type="stmt"/>
      <line num="388" count="1" type="stmt"/>
      <line num="431" count="1" type="stmt"/>
      <line num="434" count="0" type="cond" truecount="0" falsecount="2"/>
      <line num="435" count="0" type="stmt"/>
      <line num="439" count="0" type="stmt"/>
      <line num="466" count="1" type="stmt"/>
      <line num="467" count="3" type="stmt"/>
      <line num="468" count="3" type="stmt"/>
      <line num="470" count="3" type="stmt"/>
      <line num="472" count="3" type="stmt"/>
      <line num="473" count="3" type="cond" truecount="2" falsecount="0"/>
      <line num="474" count="1" type="stmt"/>
      <line num="478" count="2" type="cond" truecount="2" falsecount="0"/>
      <line num="479" count="1" type="stmt"/>
      <line num="484" count="1" type="stmt"/>
      <line num="486" count="1" type="stmt"/>
      <line num="488" count="0" type="stmt"/>
      <line num="518" count="1" type="stmt"/>
      <line num="519" count="2" type="stmt"/>
      <line num="520" count="2" type="stmt"/>
      <line num="521" count="2" type="stmt"/>
      <line num="523" count="2" type="stmt"/>
      <line num="524" count="2" type="stmt"/>
      <line num="525" count="2" type="stmt"/>
      <line num="527" count="2" type="cond" truecount="2" falsecount="0"/>
      <line num="528" count="1" type="stmt"/>
      <line num="529" count="1" type="stmt"/>
      <line num="532" count="2" type="stmt"/>
      <line num="534" count="2" type="stmt"/>
      <line num="535" count="2" type="stmt"/>
      <line num="537" count="0" type="stmt"/>
      <line num="562" count="1" type="stmt"/>
      <line num="563" count="1" type="stmt"/>
      <line num="564" count="1" type="stmt"/>
      <line num="566" count="1" type="stmt"/>
      <line num="567" count="1" type="stmt"/>
      <line num="571" count="1" type="stmt"/>
      <line num="573" count="0" type="stmt"/>
      <line num="598" count="1" type="stmt"/>
      <line num="599" count="1" type="stmt"/>
      <line num="600" count="1" type="stmt"/>
      <line num="602" count="1" type="stmt"/>
      <line num="603" count="1" type="stmt"/>
      <line num="607" count="1" type="stmt"/>
      <line num="609" count="0" type="stmt"/>
      <line num="634" count="1" type="stmt"/>
      <line num="635" count="1" type="stmt"/>
      <line num="636" count="1" type="stmt"/>
      <line num="638" count="1" type="stmt"/>
      <line num="639" count="1" type="stmt"/>
      <line num="643" count="1" type="stmt"/>
      <line num="645" count="0" type="stmt"/>
      <line num="683" count="1" type="stmt"/>
      <line num="684" count="4" type="stmt"/>
      <line num="685" count="4" type="stmt"/>
      <line num="686" count="4" type="stmt"/>
      <line num="688" count="4" type="cond" truecount="2" falsecount="0"/>
      <line num="689" count="1" type="stmt"/>
      <line num="692" count="3" type="stmt"/>
      <line num="694" count="3" type="stmt"/>
      <line num="695" count="3" type="cond" truecount="2" falsecount="0"/>
      <line num="696" count="1" type="stmt"/>
      <line num="700" count="2" type="stmt"/>
      <line num="701" count="2" type="cond" truecount="2" falsecount="0"/>
      <line num="702" count="1" type="stmt"/>
      <line num="705" count="1" type="stmt"/>
      <line num="715" count="1" type="stmt"/>
      <line num="717" count="0" type="cond" truecount="0" falsecount="2"/>
      <line num="718" count="0" type="stmt"/>
      <line num="722" count="0" type="stmt"/>
      <line num="766" count="1" type="stmt"/>
      <line num="767" count="4" type="stmt"/>
      <line num="768" count="4" type="stmt"/>
      <line num="769" count="4" type="stmt"/>
      <line num="771" count="4" type="cond" truecount="2" falsecount="0"/>
      <line num="772" count="1" type="stmt"/>
      <line num="775" count="3" type="stmt"/>
      <line num="777" count="3" type="stmt"/>
      <line num="780" count="3" type="stmt"/>
      <line num="785" count="3" type="cond" truecount="2" falsecount="0"/>
      <line num="786" count="1" type="stmt"/>
      <line num="787" count="1" type="stmt"/>
      <line num="790" count="2" type="stmt"/>
      <line num="791" count="2" type="cond" truecount="2" falsecount="0"/>
      <line num="792" count="2" type="stmt"/>
      <line num="795" count="2" type="stmt"/>
      <line num="846" count="1" type="stmt"/>
      <line num="848" count="1" type="stmt"/>
      <line num="851" count="1" type="stmt"/>
      <line num="853" count="1" type="cond" truecount="1" falsecount="1"/>
      <line num="854" count="1" type="stmt"/>
      <line num="858" count="0" type="stmt"/>
      <line num="885" count="1" type="stmt"/>
      <line num="886" count="2" type="stmt"/>
      <line num="887" count="2" type="stmt"/>
      <line num="889" count="2" type="stmt"/>
      <line num="890" count="2" type="stmt"/>
      <line num="907" count="2" type="cond" truecount="2" falsecount="0"/>
      <line num="908" count="1" type="stmt"/>
      <line num="911" count="1" type="stmt"/>
      <line num="913" count="0" type="stmt"/>
      <line num="938" count="1" type="stmt"/>
      <line num="939" count="3" type="stmt"/>
      <line num="940" count="3" type="stmt"/>
      <line num="942" count="3" type="stmt"/>
      <line num="944" count="3" type="stmt"/>
      <line num="945" count="3" type="cond" truecount="2" falsecount="0"/>
      <line num="946" count="1" type="stmt"/>
      <line num="949" count="2" type="stmt"/>
      <line num="951" count="2" type="stmt"/>
      <line num="967" count="2" type="cond" truecount="2" falsecount="0"/>
      <line num="968" count="1" type="stmt"/>
      <line num="981" count="1" type="stmt"/>
      <line num="986" count="1" type="stmt"/>
      <line num="988" count="0" type="stmt"/>
      <line num="1013" count="1" type="stmt"/>
      <line num="1014" count="1" type="stmt"/>
      <line num="1015" count="1" type="stmt"/>
      <line num="1017" count="1" type="stmt"/>
      <line num="1018" count="1" type="stmt"/>
      <line num="1032" count="1" type="stmt"/>
      <line num="1034" count="0" type="stmt"/>
      <line num="1059" count="1" type="stmt"/>
      <line num="1060" count="1" type="stmt"/>
      <line num="1061" count="1" type="stmt"/>
      <line num="1063" count="1" type="stmt"/>
      <line num="1064" count="1" type="stmt"/>
      <line num="1079" count="1" type="stmt"/>
      <line num="1081" count="0" type="stmt"/>
      <line num="1130" count="1" type="stmt"/>
      <line num="1131" count="4" type="stmt"/>
      <line num="1132" count="4" type="stmt"/>
      <line num="1134" count="4" type="cond" truecount="5" falsecount="0"/>
      <line num="1135" count="1" type="stmt"/>
      <line num="1139" count="3" type="stmt"/>
      <line num="1140" count="4" type="stmt"/>
      <line num="1141" count="4" type="cond" truecount="6" falsecount="0"/>
      <line num="1142" count="1" type="stmt"/>
      <line num="1148" count="2" type="stmt"/>
      <line num="1150" count="2" type="stmt"/>
      <line num="1152" count="2" type="stmt"/>
      <line num="1155" count="2" type="stmt"/>
      <line num="1156" count="3" type="stmt"/>
      <line num="1184" count="2" type="stmt"/>
      <line num="1188" count="1" type="stmt"/>
      <line num="1190" count="1" type="stmt"/>
      <line num="1193" count="1" type="stmt"/>
      <line num="1195" count="1" type="cond" truecount="1" falsecount="1"/>
      <line num="1196" count="1" type="stmt"/>
      <line num="1200" count="0" type="stmt"/>
      <line num="1242" count="1" type="stmt"/>
      <line num="1243" count="3" type="stmt"/>
      <line num="1244" count="3" type="stmt"/>
      <line num="1246" count="3" type="cond" truecount="7" falsecount="0"/>
      <line num="1247" count="1" type="stmt"/>
      <line num="1252" count="2" type="stmt"/>
      <line num="1254" count="2" type="stmt"/>
      <line num="1256" count="2" type="stmt"/>
      <line num="1259" count="2" type="stmt"/>
      <line num="1260" count="2" type="cond" truecount="1" falsecount="1"/>
      <line num="1261" count="0" type="stmt"/>
      <line num="1262" count="0" type="stmt"/>
      <line num="1266" count="2" type="stmt"/>
      <line num="1267" count="2" type="cond" truecount="1" falsecount="1"/>
      <line num="1268" count="0" type="stmt"/>
      <line num="1269" count="0" type="stmt"/>
      <line num="1273" count="2" type="stmt"/>
      <line num="1275" count="2" type="stmt"/>
      <line num="1280" count="2" type="cond" truecount="1" falsecount="1"/>
      <line num="1281" count="0" type="stmt"/>
      <line num="1284" count="2" type="stmt"/>
      <line num="1288" count="2" type="cond" truecount="2" falsecount="0"/>
      <line num="1291" count="2" type="cond" truecount="2" falsecount="0"/>
      <line num="1292" count="1" type="stmt"/>
      <line num="1296" count="1" type="stmt"/>
      <line num="1334" count="1" type="stmt"/>
      <line num="1338" count="2" type="stmt"/>
      <line num="1340" count="2" type="stmt"/>
      <line num="1343" count="0" type="stmt"/>
      <line num="1345" count="0" type="cond" truecount="0" falsecount="2"/>
      <line num="1346" count="0" type="stmt"/>
      <line num="1350" count="0" type="stmt"/>
      <line num="1392" count="1" type="stmt"/>
      <line num="1393" count="2" type="stmt"/>
      <line num="1394" count="2" type="stmt"/>
      <line num="1396" count="2" type="cond" truecount="6" falsecount="1"/>
      <line num="1397" count="0" type="stmt"/>
      <line num="1402" count="2" type="stmt"/>
      <line num="1404" count="2" type="stmt"/>
      <line num="1406" count="2" type="stmt"/>
      <line num="1409" count="2" type="stmt"/>
      <line num="1410" count="2" type="cond" truecount="1" falsecount="1"/>
      <line num="1411" count="0" type="stmt"/>
      <line num="1412" count="0" type="stmt"/>
      <line num="1416" count="2" type="stmt"/>
      <line num="1417" count="2" type="cond" truecount="1" falsecount="1"/>
      <line num="1418" count="0" type="stmt"/>
      <line num="1419" count="0" type="stmt"/>
      <line num="1423" count="2" type="stmt"/>
      <line num="1425" count="2" type="stmt"/>
      <line num="1430" count="2" type="cond" truecount="1" falsecount="1"/>
      <line num="1431" count="0" type="stmt"/>
      <line num="1434" count="2" type="stmt"/>
      <line num="1437" count="2" type="cond" truecount="4" falsecount="0"/>
      <line num="1438" count="1" type="stmt"/>
      <line num="1442" count="1" type="stmt"/>
      <line num="1482" count="1" type="stmt"/>
      <line num="1486" count="2" type="stmt"/>
      <line num="1488" count="2" type="stmt"/>
      <line num="1491" count="0" type="stmt"/>
      <line num="1493" count="0" type="cond" truecount="0" falsecount="2"/>
      <line num="1494" count="0" type="stmt"/>
      <line num="1498" count="0" type="stmt"/>
      <line num="1530" count="1" type="stmt"/>
      <line num="1531" count="3" type="stmt"/>
      <line num="1532" count="3" type="stmt"/>
      <line num="1533" count="3" type="stmt"/>
      <line num="1535" count="3" type="stmt"/>
      <line num="1537" count="3" type="stmt"/>
      <line num="1542" count="3" type="cond" truecount="2" falsecount="0"/>
      <line num="1543" count="1" type="stmt"/>
      <line num="1546" count="2" type="stmt"/>
      <line num="1549" count="2" type="stmt"/>
      <line num="1576" count="2" type="stmt"/>
      <line num="1578" count="2" type="cond" truecount="2" falsecount="0"/>
      <line num="1579" count="1" type="stmt"/>
      <line num="1580" count="1" type="stmt"/>
      <line num="1583" count="2" type="stmt"/>
      <line num="1585" count="2" type="stmt"/>
      <line num="1588" count="2" type="stmt"/>
      <line num="1589" count="2" type="stmt"/>
      <line num="1591" count="2" type="stmt"/>
      <line num="1592" count="2" type="stmt"/>
      <line num="1594" count="2" type="cond" truecount="2" falsecount="0"/>
      <line num="1595" count="1" type="stmt"/>
      <line num="1603" count="2" type="stmt"/>
      <line num="1621" count="2" type="cond" truecount="1" falsecount="1"/>
      <line num="1622" count="2" type="stmt"/>
      <line num="1623" count="2" type="stmt"/>
      <line num="1628" count="2" type="stmt"/>
      <line num="1631" count="2" type="stmt"/>
      <line num="1643" count="2" type="stmt"/>
      <line num="1644" count="2" type="stmt"/>
      <line num="1645" count="2" type="stmt"/>
      <line num="1650" count="2" type="stmt"/>
      <line num="1652" count="0" type="stmt"/>
      <line num="1656" count="1" type="stmt"/>
    </file>
    <file name="project_material_costing_route.js" path="C:\Users\sande\Desktop\cspl\ado-repos\Construction\Source\constructions-be\routes\project_material_costing_route.js">
      <metrics statements="142" coveredstatements="130" conditionals="54" coveredconditionals="52" methods="8" coveredmethods="8"/>
      <line num="1" count="1" type="stmt"/>
      <line num="2" count="1" type="stmt"/>
      <line num="68" count="1" type="stmt"/>
      <line num="69" count="4" type="stmt"/>
      <line num="70" count="4" type="stmt"/>
      <line num="72" count="4" type="stmt"/>
      <line num="73" count="4" type="stmt"/>
      <line num="90" count="4" type="stmt"/>
      <line num="91" count="4" type="stmt"/>
      <line num="93" count="4" type="cond" truecount="2" falsecount="0"/>
      <line num="94" count="1" type="stmt"/>
      <line num="95" count="1" type="stmt"/>
      <line num="98" count="4" type="cond" truecount="2" falsecount="0"/>
      <line num="99" count="1" type="stmt"/>
      <line num="100" count="1" type="stmt"/>
      <line num="103" count="4" type="cond" truecount="2" falsecount="0"/>
      <line num="104" count="1" type="stmt"/>
      <line num="105" count="1" type="stmt"/>
      <line num="108" count="4" type="cond" truecount="2" falsecount="0"/>
      <line num="109" count="2" type="stmt"/>
      <line num="112" count="4" type="stmt"/>
      <line num="114" count="4" type="stmt"/>
      <line num="115" count="3" type="stmt"/>
      <line num="117" count="1" type="stmt"/>
      <line num="118" count="1" type="stmt"/>
      <line num="145" count="1" type="stmt"/>
      <line num="146" count="2" type="stmt"/>
      <line num="147" count="2" type="stmt"/>
      <line num="148" count="2" type="stmt"/>
      <line num="149" count="2" type="stmt"/>
      <line num="167" count="2" type="cond" truecount="2" falsecount="0"/>
      <line num="168" count="1" type="stmt"/>
      <line num="170" count="1" type="stmt"/>
      <line num="172" count="0" type="stmt"/>
      <line num="173" count="0" type="stmt"/>
      <line num="200" count="1" type="stmt"/>
      <line num="201" count="3" type="stmt"/>
      <line num="202" count="3" type="stmt"/>
      <line num="204" count="3" type="stmt"/>
      <line num="206" count="3" type="stmt"/>
      <line num="208" count="3" type="cond" truecount="2" falsecount="0"/>
      <line num="209" count="1" type="stmt"/>
      <line num="212" count="2" type="stmt"/>
      <line num="224" count="2" type="stmt"/>
      <line num="226" count="0" type="stmt"/>
      <line num="227" count="0" type="stmt"/>
      <line num="299" count="1" type="stmt"/>
      <line num="300" count="12" type="stmt"/>
      <line num="306" count="12" type="stmt"/>
      <line num="309" count="12" type="cond" truecount="2" falsecount="0"/>
      <line num="310" count="1" type="stmt"/>
      <line num="312" count="11" type="cond" truecount="2" falsecount="0"/>
      <line num="313" count="1" type="stmt"/>
      <line num="315" count="10" type="cond" truecount="2" falsecount="0"/>
      <line num="316" count="1" type="stmt"/>
      <line num="318" count="9" type="cond" truecount="2" falsecount="0"/>
      <line num="319" count="1" type="stmt"/>
      <line num="321" count="8" type="cond" truecount="2" falsecount="0"/>
      <line num="322" count="1" type="stmt"/>
      <line num="324" count="7" type="cond" truecount="2" falsecount="0"/>
      <line num="325" count="1" type="stmt"/>
      <line num="327" count="6" type="cond" truecount="2" falsecount="0"/>
      <line num="328" count="1" type="stmt"/>
      <line num="331" count="5" type="stmt"/>
      <line num="333" count="5" type="stmt"/>
      <line num="334" count="5" type="cond" truecount="2" falsecount="0"/>
      <line num="335" count="1" type="stmt"/>
      <line num="339" count="4" type="stmt"/>
      <line num="340" count="4" type="cond" truecount="2" falsecount="0"/>
      <line num="341" count="1" type="stmt"/>
      <line num="345" count="3" type="stmt"/>
      <line num="346" count="3" type="cond" truecount="2" falsecount="0"/>
      <line num="347" count="1" type="stmt"/>
      <line num="351" count="2" type="stmt"/>
      <line num="352" count="2" type="stmt"/>
      <line num="353" count="2" type="stmt"/>
      <line num="354" count="2" type="stmt"/>
      <line num="355" count="2" type="stmt"/>
      <line num="357" count="2" type="stmt"/>
      <line num="375" count="2" type="stmt"/>
      <line num="377" count="0" type="stmt"/>
      <line num="378" count="0" type="stmt"/>
      <line num="431" count="1" type="stmt"/>
      <line num="432" count="3" type="stmt"/>
      <line num="433" count="3" type="stmt"/>
      <line num="437" count="3" type="stmt"/>
      <line num="439" count="3" type="stmt"/>
      <line num="441" count="3" type="stmt"/>
      <line num="443" count="3" type="cond" truecount="2" falsecount="0"/>
      <line num="444" count="1" type="stmt"/>
      <line num="447" count="2" type="stmt"/>
      <line num="450" count="2" type="cond" truecount="2" falsecount="0"/>
      <line num="451" count="2" type="cond" truecount="1" falsecount="1"/>
      <line num="452" count="2" type="cond" truecount="2" falsecount="0"/>
      <line num="453" count="2" type="cond" truecount="1" falsecount="1"/>
      <line num="456" count="2" type="stmt"/>
      <line num="457" count="2" type="stmt"/>
      <line num="458" count="2" type="stmt"/>
      <line num="459" count="2" type="stmt"/>
      <line num="460" count="2" type="stmt"/>
      <line num="462" count="2" type="stmt"/>
      <line num="478" count="2" type="stmt"/>
      <line num="480" count="0" type="stmt"/>
      <line num="481" count="0" type="stmt"/>
      <line num="519" count="1" type="stmt"/>
      <line num="520" count="3" type="stmt"/>
      <line num="521" count="3" type="stmt"/>
      <line num="522" count="3" type="stmt"/>
      <line num="524" count="3" type="cond" truecount="2" falsecount="0"/>
      <line num="525" count="1" type="stmt"/>
      <line num="528" count="2" type="stmt"/>
      <line num="529" count="2" type="stmt"/>
      <line num="538" count="2" type="cond" truecount="2" falsecount="0"/>
      <line num="539" count="1" type="stmt"/>
      <line num="542" count="1" type="stmt"/>
      <line num="544" count="0" type="stmt"/>
      <line num="545" count="0" type="stmt"/>
      <line num="572" count="1" type="stmt"/>
      <line num="573" count="3" type="stmt"/>
      <line num="574" count="3" type="stmt"/>
      <line num="576" count="3" type="stmt"/>
      <line num="578" count="3" type="stmt"/>
      <line num="583" count="3" type="cond" truecount="2" falsecount="0"/>
      <line num="584" count="1" type="stmt"/>
      <line num="587" count="2" type="cond" truecount="2" falsecount="0"/>
      <line num="588" count="1" type="stmt"/>
      <line num="593" count="1" type="stmt"/>
      <line num="595" count="1" type="stmt"/>
      <line num="597" count="0" type="stmt"/>
      <line num="598" count="0" type="stmt"/>
      <line num="623" count="1" type="stmt"/>
      <line num="624" count="4" type="stmt"/>
      <line num="625" count="4" type="stmt"/>
      <line num="627" count="4" type="stmt"/>
      <line num="628" count="4" type="stmt"/>
      <line num="630" count="4" type="cond" truecount="2" falsecount="0"/>
      <line num="631" count="1" type="stmt"/>
      <line num="634" count="3" type="stmt"/>
      <line num="651" count="2" type="stmt"/>
      <line num="653" count="1" type="stmt"/>
      <line num="654" count="1" type="stmt"/>
      <line num="658" count="1" type="stmt"/>
    </file>
    <file name="room_dimensions_route.js" path="C:\Users\sande\Desktop\cspl\ado-repos\Construction\Source\constructions-be\routes\room_dimensions_route.js">
      <metrics statements="196" coveredstatements="14" conditionals="86" coveredconditionals="0" methods="19" coveredmethods="0"/>
      <line num="1" count="1" type="stmt"/>
      <line num="2" count="1" type="stmt"/>
      <line num="6" count="0" type="stmt"/>
      <line num="7" count="0" type="stmt"/>
      <line num="14" count="0" type="stmt"/>
      <line num="16" count="0" type="stmt"/>
      <line num="17" count="0" type="stmt"/>
      <line num="23" count="0" type="stmt"/>
      <line num="25" count="0" type="stmt"/>
      <line num="26" count="0" type="stmt"/>
      <line num="28" count="0" type="cond" truecount="0" falsecount="2"/>
      <line num="30" count="0" type="stmt"/>
      <line num="43" count="0" type="stmt"/>
      <line num="118" count="0" type="stmt"/>
      <line num="124" count="0" type="stmt"/>
      <line num="127" count="0" type="stmt"/>
      <line num="129" count="0" type="stmt"/>
      <line num="130" count="0" type="stmt"/>
      <line num="138" count="1" type="stmt"/>
      <line num="163" count="1" type="stmt"/>
      <line num="164" count="0" type="stmt"/>
      <line num="165" count="0" type="stmt"/>
      <line num="166" count="0" type="stmt"/>
      <line num="169" count="0" type="stmt"/>
      <line num="171" count="0" type="cond" truecount="0" falsecount="4"/>
      <line num="172" count="0" type="stmt"/>
      <line num="174" count="0" type="stmt"/>
      <line num="177" count="0" type="stmt"/>
      <line num="179" count="0" type="cond" truecount="0" falsecount="2"/>
      <line num="180" count="0" type="stmt"/>
      <line num="182" count="0" type="stmt"/>
      <line num="185" count="0" type="stmt"/>
      <line num="187" count="0" type="stmt"/>
      <line num="188" count="0" type="stmt"/>
      <line num="218" count="1" type="stmt"/>
      <line num="219" count="0" type="stmt"/>
      <line num="220" count="0" type="stmt"/>
      <line num="221" count="0" type="stmt"/>
      <line num="222" count="0" type="stmt"/>
      <line num="223" count="0" type="cond" truecount="0" falsecount="2"/>
      <line num="224" count="0" type="stmt"/>
      <line num="228" count="0" type="stmt"/>
      <line num="229" count="0" type="cond" truecount="0" falsecount="4"/>
      <line num="230" count="0" type="stmt"/>
      <line num="231" count="0" type="stmt"/>
      <line num="233" count="0" type="stmt"/>
      <line num="235" count="0" type="cond" truecount="0" falsecount="2"/>
      <line num="236" count="0" type="stmt"/>
      <line num="239" count="0" type="stmt"/>
      <line num="241" count="0" type="stmt"/>
      <line num="242" count="0" type="stmt"/>
      <line num="271" count="1" type="stmt"/>
      <line num="272" count="0" type="stmt"/>
      <line num="283" count="0" type="stmt"/>
      <line num="285" count="0" type="stmt"/>
      <line num="287" count="0" type="stmt"/>
      <line num="288" count="0" type="cond" truecount="0" falsecount="4"/>
      <line num="289" count="0" type="stmt"/>
      <line num="292" count="0" type="stmt"/>
      <line num="317" count="0" type="stmt"/>
      <line num="319" count="0" type="stmt"/>
      <line num="320" count="0" type="cond" truecount="0" falsecount="2"/>
      <line num="321" count="0" type="stmt"/>
      <line num="323" count="0" type="cond" truecount="0" falsecount="2"/>
      <line num="324" count="0" type="stmt"/>
      <line num="326" count="0" type="cond" truecount="0" falsecount="2"/>
      <line num="327" count="0" type="stmt"/>
      <line num="329" count="0" type="stmt"/>
      <line num="367" count="1" type="stmt"/>
      <line num="368" count="0" type="stmt"/>
      <line num="369" count="0" type="stmt"/>
      <line num="380" count="0" type="stmt"/>
      <line num="382" count="0" type="stmt"/>
      <line num="384" count="0" type="stmt"/>
      <line num="385" count="0" type="cond" truecount="0" falsecount="4"/>
      <line num="386" count="0" type="stmt"/>
      <line num="389" count="0" type="stmt"/>
      <line num="417" count="0" type="cond" truecount="0" falsecount="2"/>
      <line num="418" count="0" type="stmt"/>
      <line num="421" count="0" type="stmt"/>
      <line num="423" count="0" type="stmt"/>
      <line num="424" count="0" type="cond" truecount="0" falsecount="2"/>
      <line num="425" count="0" type="stmt"/>
      <line num="427" count="0" type="cond" truecount="0" falsecount="2"/>
      <line num="428" count="0" type="stmt"/>
      <line num="430" count="0" type="cond" truecount="0" falsecount="2"/>
      <line num="431" count="0" type="stmt"/>
      <line num="433" count="0" type="stmt"/>
      <line num="461" count="1" type="stmt"/>
      <line num="462" count="0" type="stmt"/>
      <line num="463" count="0" type="stmt"/>
      <line num="465" count="0" type="stmt"/>
      <line num="466" count="0" type="stmt"/>
      <line num="471" count="0" type="cond" truecount="0" falsecount="2"/>
      <line num="472" count="0" type="stmt"/>
      <line num="475" count="0" type="stmt"/>
      <line num="477" count="0" type="stmt"/>
      <line num="478" count="0" type="cond" truecount="0" falsecount="2"/>
      <line num="479" count="0" type="stmt"/>
      <line num="481" count="0" type="stmt"/>
      <line num="511" count="1" type="stmt"/>
      <line num="512" count="0" type="stmt"/>
      <line num="513" count="0" type="stmt"/>
      <line num="515" count="0" type="stmt"/>
      <line num="516" count="0" type="stmt"/>
      <line num="522" count="0" type="stmt"/>
      <line num="523" count="0" type="cond" truecount="0" falsecount="4"/>
      <line num="524" count="0" type="stmt"/>
      <line num="525" count="0" type="stmt"/>
      <line num="527" count="0" type="stmt"/>
      <line num="529" count="0" type="cond" truecount="0" falsecount="2"/>
      <line num="530" count="0" type="stmt"/>
      <line num="532" count="0" type="stmt"/>
      <line num="535" count="0" type="stmt"/>
      <line num="537" count="0" type="stmt"/>
      <line num="538" count="0" type="stmt"/>
      <line num="574" count="1" type="stmt"/>
      <line num="575" count="0" type="stmt"/>
      <line num="576" count="0" type="stmt"/>
      <line num="578" count="0" type="cond" truecount="0" falsecount="4"/>
      <line num="579" count="0" type="stmt"/>
      <line num="582" count="0" type="stmt"/>
      <line num="583" count="0" type="stmt"/>
      <line num="589" count="0" type="stmt"/>
      <line num="590" count="0" type="cond" truecount="0" falsecount="4"/>
      <line num="591" count="0" type="stmt"/>
      <line num="592" count="0" type="stmt"/>
      <line num="594" count="0" type="stmt"/>
      <line num="596" count="0" type="cond" truecount="0" falsecount="2"/>
      <line num="597" count="0" type="stmt"/>
      <line num="599" count="0" type="stmt"/>
      <line num="602" count="0" type="stmt"/>
      <line num="604" count="0" type="stmt"/>
      <line num="605" count="0" type="stmt"/>
      <line num="640" count="1" type="stmt"/>
      <line num="641" count="0" type="stmt"/>
      <line num="642" count="0" type="stmt"/>
      <line num="643" count="0" type="stmt"/>
      <line num="645" count="0" type="stmt"/>
      <line num="646" count="0" type="stmt"/>
      <line num="647" count="0" type="stmt"/>
      <line num="649" count="0" type="cond" truecount="0" falsecount="2"/>
      <line num="650" count="0" type="stmt"/>
      <line num="651" count="0" type="stmt"/>
      <line num="654" count="0" type="stmt"/>
      <line num="657" count="0" type="stmt"/>
      <line num="658" count="0" type="cond" truecount="0" falsecount="4"/>
      <line num="659" count="0" type="stmt"/>
      <line num="660" count="0" type="stmt"/>
      <line num="662" count="0" type="stmt"/>
      <line num="664" count="0" type="cond" truecount="0" falsecount="2"/>
      <line num="665" count="0" type="stmt"/>
      <line num="667" count="0" type="stmt"/>
      <line num="670" count="0" type="stmt"/>
      <line num="672" count="0" type="stmt"/>
      <line num="673" count="0" type="cond" truecount="0" falsecount="2"/>
      <line num="674" count="0" type="stmt"/>
      <line num="676" count="0" type="stmt"/>
      <line num="705" count="1" type="stmt"/>
      <line num="706" count="0" type="stmt"/>
      <line num="707" count="0" type="stmt"/>
      <line num="709" count="0" type="stmt"/>
      <line num="710" count="0" type="stmt"/>
      <line num="711" count="0" type="stmt"/>
      <line num="713" count="0" type="cond" truecount="0" falsecount="2"/>
      <line num="714" count="0" type="stmt"/>
      <line num="715" count="0" type="stmt"/>
      <line num="718" count="0" type="stmt"/>
      <line num="721" count="0" type="stmt"/>
      <line num="722" count="0" type="cond" truecount="0" falsecount="4"/>
      <line num="723" count="0" type="stmt"/>
      <line num="724" count="0" type="stmt"/>
      <line num="726" count="0" type="stmt"/>
      <line num="728" count="0" type="cond" truecount="0" falsecount="2"/>
      <line num="729" count="0" type="stmt"/>
      <line num="731" count="0" type="stmt"/>
      <line num="734" count="0" type="stmt"/>
      <line num="736" count="0" type="stmt"/>
      <line num="737" count="0" type="stmt"/>
      <line num="776" count="1" type="stmt"/>
      <line num="777" count="0" type="stmt"/>
      <line num="778" count="0" type="stmt"/>
      <line num="780" count="0" type="stmt"/>
      <line num="782" count="0" type="stmt"/>
      <line num="793" count="0" type="stmt"/>
      <line num="805" count="0" type="stmt"/>
      <line num="817" count="0" type="stmt"/>
      <line num="818" count="0" type="stmt"/>
      <line num="819" count="0" type="stmt"/>
      <line num="825" count="0" type="stmt"/>
      <line num="826" count="0" type="stmt"/>
      <line num="827" count="0" type="stmt"/>
      <line num="833" count="0" type="stmt"/>
      <line num="841" count="0" type="stmt"/>
      <line num="842" count="0" type="stmt"/>
      <line num="849" count="1" type="stmt"/>
    </file>
    <file name="vendors_route.js" path="C:\Users\sande\Desktop\cspl\ado-repos\Construction\Source\constructions-be\routes\vendors_route.js">
      <metrics statements="73" coveredstatements="73" conditionals="22" coveredconditionals="22" methods="6" coveredmethods="6"/>
      <line num="1" count="1" type="stmt"/>
      <line num="2" count="1" type="stmt"/>
      <line num="25" count="1" type="stmt"/>
      <line num="26" count="2" type="stmt"/>
      <line num="27" count="2" type="stmt"/>
      <line num="28" count="2" type="stmt"/>
      <line num="29" count="1" type="stmt"/>
      <line num="31" count="1" type="stmt"/>
      <line num="32" count="1" type="stmt"/>
      <line num="59" count="1" type="stmt"/>
      <line num="60" count="3" type="stmt"/>
      <line num="61" count="3" type="stmt"/>
      <line num="62" count="3" type="stmt"/>
      <line num="63" count="3" type="stmt"/>
      <line num="64" count="2" type="cond" truecount="2" falsecount="0"/>
      <line num="65" count="1" type="stmt"/>
      <line num="67" count="1" type="stmt"/>
      <line num="69" count="1" type="stmt"/>
      <line num="70" count="1" type="stmt"/>
      <line num="97" count="1" type="stmt"/>
      <line num="98" count="3" type="stmt"/>
      <line num="99" count="3" type="stmt"/>
      <line num="101" count="3" type="stmt"/>
      <line num="102" count="3" type="stmt"/>
      <line num="107" count="2" type="stmt"/>
      <line num="109" count="1" type="stmt"/>
      <line num="110" count="1" type="stmt"/>
      <line num="157" count="1" type="stmt"/>
      <line num="158" count="7" type="stmt"/>
      <line num="162" count="7" type="stmt"/>
      <line num="164" count="7" type="cond" truecount="2" falsecount="0"/>
      <line num="165" count="1" type="stmt"/>
      <line num="168" count="6" type="stmt"/>
      <line num="169" count="6" type="stmt"/>
      <line num="178" count="2" type="stmt"/>
      <line num="180" count="4" type="stmt"/>
      <line num="181" count="4" type="cond" truecount="2" falsecount="0"/>
      <line num="182" count="1" type="stmt"/>
      <line num="184" count="3" type="cond" truecount="2" falsecount="0"/>
      <line num="185" count="1" type="stmt"/>
      <line num="187" count="2" type="cond" truecount="2" falsecount="0"/>
      <line num="188" count="1" type="stmt"/>
      <line num="190" count="1" type="stmt"/>
      <line num="244" count="1" type="stmt"/>
      <line num="245" count="7" type="stmt"/>
      <line num="246" count="7" type="stmt"/>
      <line num="250" count="7" type="stmt"/>
      <line num="252" count="7" type="cond" truecount="2" falsecount="0"/>
      <line num="253" count="1" type="stmt"/>
      <line num="256" count="6" type="stmt"/>
      <line num="257" count="6" type="stmt"/>
      <line num="271" count="3" type="cond" truecount="2" falsecount="0"/>
      <line num="272" count="1" type="stmt"/>
      <line num="275" count="2" type="stmt"/>
      <line num="277" count="3" type="stmt"/>
      <line num="278" count="3" type="cond" truecount="2" falsecount="0"/>
      <line num="279" count="1" type="stmt"/>
      <line num="281" count="2" type="cond" truecount="2" falsecount="0"/>
      <line num="282" count="1" type="stmt"/>
      <line num="284" count="1" type="stmt"/>
      <line num="309" count="1" type="stmt"/>
      <line num="310" count="4" type="stmt"/>
      <line num="311" count="4" type="stmt"/>
      <line num="313" count="4" type="stmt"/>
      <line num="314" count="4" type="stmt"/>
      <line num="319" count="2" type="cond" truecount="2" falsecount="0"/>
      <line num="320" count="1" type="stmt"/>
      <line num="323" count="1" type="stmt"/>
      <line num="325" count="2" type="stmt"/>
      <line num="326" count="2" type="cond" truecount="2" falsecount="0"/>
      <line num="327" count="1" type="stmt"/>
      <line num="329" count="1" type="stmt"/>
      <line num="333" count="1" type="stmt"/>
    </file>
  </project>
</coverage>
