{"C:\\Users\\sande\\Desktop\\cspl\\ado-repos\\Construction\\Source\\constructions-be\\routes\\client_requirements_route.js": {"path":"C:\\Users\\sande\\Desktop\\cspl\\ado-repos\\Construction\\Source\\constructions-be\\routes\\client_requirements_route.js","statementMap":{"0":{"start":{"line":1,"column":16},"end":{"line":1,"column":34}},"1":{"start":{"line":2,"column":15},"end":{"line":2,"column":31}},"2":{"start":{"line":59,"column":0},"end":{"line":69,"column":3}},"3":{"start":{"line":60,"column":13},"end":{"line":60,"column":19}},"4":{"start":{"line":61,"column":2},"end":{"line":68,"column":3}},"5":{"start":{"line":62,"column":19},"end":{"line":62,"column":95}},"6":{"start":{"line":63,"column":17},"end":{"line":63,"column":28}},"7":{"start":{"line":64,"column":4},"end":{"line":64,"column":19}},"8":{"start":{"line":66,"column":4},"end":{"line":66,"column":61}},"9":{"start":{"line":67,"column":4},"end":{"line":67,"column":54}},"10":{"start":{"line":94,"column":0},"end":{"line":109,"column":3}},"11":{"start":{"line":95,"column":13},"end":{"line":95,"column":19}},"12":{"start":{"line":96,"column":17},"end":{"line":96,"column":27}},"13":{"start":{"line":97,"column":2},"end":{"line":108,"column":3}},"14":{"start":{"line":98,"column":19},"end":{"line":98,"column":109}},"15":{"start":{"line":99,"column":17},"end":{"line":99,"column":28}},"16":{"start":{"line":101,"column":4},"end":{"line":103,"column":5}},"17":{"start":{"line":102,"column":6},"end":{"line":102,"column":77}},"18":{"start":{"line":104,"column":4},"end":{"line":104,"column":22}},"19":{"start":{"line":106,"column":4},"end":{"line":106,"column":56}},"20":{"start":{"line":107,"column":4},"end":{"line":107,"column":49}},"21":{"start":{"line":248,"column":0},"end":{"line":399,"column":3}},"22":{"start":{"line":249,"column":13},"end":{"line":249,"column":19}},"23":{"start":{"line":304,"column":6},"end":{"line":304,"column":14}},"24":{"start":{"line":306,"column":2},"end":{"line":308,"column":3}},"25":{"start":{"line":307,"column":4},"end":{"line":307,"column":91}},"26":{"start":{"line":310,"column":2},"end":{"line":398,"column":3}},"27":{"start":{"line":311,"column":18},"end":{"line":334,"column":5}},"28":{"start":{"line":336,"column":19},"end":{"line":390,"column":5}},"29":{"start":{"line":392,"column":19},"end":{"line":392,"column":48}},"30":{"start":{"line":394,"column":4},"end":{"line":394,"column":41}},"31":{"start":{"line":396,"column":4},"end":{"line":396,"column":50}},"32":{"start":{"line":397,"column":4},"end":{"line":397,"column":49}},"33":{"start":{"line":561,"column":0},"end":{"line":772,"column":3}},"34":{"start":{"line":562,"column":13},"end":{"line":562,"column":19}},"35":{"start":{"line":563,"column":17},"end":{"line":563,"column":27}},"36":{"start":{"line":624,"column":6},"end":{"line":624,"column":14}},"37":{"start":{"line":626,"column":2},"end":{"line":628,"column":3}},"38":{"start":{"line":627,"column":4},"end":{"line":627,"column":91}},"39":{"start":{"line":630,"column":2},"end":{"line":771,"column":3}},"40":{"start":{"line":631,"column":18},"end":{"line":696,"column":5}},"41":{"start":{"line":698,"column":19},"end":{"line":759,"column":5}},"42":{"start":{"line":761,"column":19},"end":{"line":761,"column":48}},"43":{"start":{"line":763,"column":4},"end":{"line":765,"column":5}},"44":{"start":{"line":764,"column":6},"end":{"line":764,"column":77}},"45":{"start":{"line":767,"column":4},"end":{"line":767,"column":29}},"46":{"start":{"line":769,"column":4},"end":{"line":769,"column":50}},"47":{"start":{"line":770,"column":4},"end":{"line":770,"column":49}},"48":{"start":{"line":795,"column":0},"end":{"line":814,"column":3}},"49":{"start":{"line":796,"column":13},"end":{"line":796,"column":19}},"50":{"start":{"line":797,"column":17},"end":{"line":797,"column":27}},"51":{"start":{"line":799,"column":2},"end":{"line":813,"column":3}},"52":{"start":{"line":800,"column":19},"end":{"line":803,"column":5}},"53":{"start":{"line":805,"column":4},"end":{"line":807,"column":5}},"54":{"start":{"line":806,"column":6},"end":{"line":806,"column":77}},"55":{"start":{"line":809,"column":4},"end":{"line":809,"column":69}},"56":{"start":{"line":811,"column":4},"end":{"line":811,"column":50}},"57":{"start":{"line":812,"column":4},"end":{"line":812,"column":49}},"58":{"start":{"line":835,"column":0},"end":{"line":849,"column":3}},"59":{"start":{"line":836,"column":13},"end":{"line":836,"column":19}},"60":{"start":{"line":837,"column":23},"end":{"line":837,"column":33}},"61":{"start":{"line":839,"column":2},"end":{"line":848,"column":3}},"62":{"start":{"line":840,"column":19},"end":{"line":843,"column":5}},"63":{"start":{"line":844,"column":4},"end":{"line":844,"column":26}},"64":{"start":{"line":846,"column":4},"end":{"line":846,"column":61}},"65":{"start":{"line":847,"column":4},"end":{"line":847,"column":54}},"66":{"start":{"line":871,"column":0},"end":{"line":885,"column":3}},"67":{"start":{"line":872,"column":13},"end":{"line":872,"column":19}},"68":{"start":{"line":873,"column":21},"end":{"line":873,"column":31}},"69":{"start":{"line":875,"column":2},"end":{"line":884,"column":3}},"70":{"start":{"line":876,"column":19},"end":{"line":879,"column":5}},"71":{"start":{"line":880,"column":4},"end":{"line":880,"column":26}},"72":{"start":{"line":882,"column":4},"end":{"line":882,"column":61}},"73":{"start":{"line":883,"column":4},"end":{"line":883,"column":54}},"74":{"start":{"line":907,"column":0},"end":{"line":929,"column":3}},"75":{"start":{"line":908,"column":13},"end":{"line":908,"column":19}},"76":{"start":{"line":909,"column":20},"end":{"line":909,"column":29}},"77":{"start":{"line":911,"column":2},"end":{"line":913,"column":3}},"78":{"start":{"line":912,"column":4},"end":{"line":912,"column":71}},"79":{"start":{"line":915,"column":2},"end":{"line":928,"column":3}},"80":{"start":{"line":916,"column":19},"end":{"line":923,"column":5}},"81":{"start":{"line":924,"column":4},"end":{"line":924,"column":26}},"82":{"start":{"line":926,"column":4},"end":{"line":926,"column":61}},"83":{"start":{"line":927,"column":4},"end":{"line":927,"column":54}},"84":{"start":{"line":962,"column":0},"end":{"line":994,"column":3}},"85":{"start":{"line":963,"column":13},"end":{"line":963,"column":19}},"86":{"start":{"line":964,"column":17},"end":{"line":964,"column":27}},"87":{"start":{"line":965,"column":26},"end":{"line":965,"column":34}},"88":{"start":{"line":967,"column":2},"end":{"line":993,"column":3}},"89":{"start":{"line":968,"column":18},"end":{"line":978,"column":5}},"90":{"start":{"line":980,"column":19},"end":{"line":980,"column":59}},"91":{"start":{"line":982,"column":4},"end":{"line":984,"column":5}},"92":{"start":{"line":983,"column":6},"end":{"line":983,"column":77}},"93":{"start":{"line":986,"column":4},"end":{"line":989,"column":7}},"94":{"start":{"line":991,"column":4},"end":{"line":991,"column":50}},"95":{"start":{"line":992,"column":4},"end":{"line":992,"column":49}},"96":{"start":{"line":1029,"column":0},"end":{"line":1072,"column":3}},"97":{"start":{"line":1030,"column":13},"end":{"line":1030,"column":19}},"98":{"start":{"line":1031,"column":17},"end":{"line":1031,"column":27}},"99":{"start":{"line":1032,"column":24},"end":{"line":1032,"column":32}},"100":{"start":{"line":1034,"column":2},"end":{"line":1071,"column":3}},"101":{"start":{"line":1036,"column":24},"end":{"line":1039,"column":5}},"102":{"start":{"line":1041,"column":4},"end":{"line":1043,"column":5}},"103":{"start":{"line":1042,"column":6},"end":{"line":1042,"column":77}},"104":{"start":{"line":1045,"column":4},"end":{"line":1047,"column":5}},"105":{"start":{"line":1046,"column":6},"end":{"line":1046,"column":92}},"106":{"start":{"line":1049,"column":18},"end":{"line":1060,"column":5}},"107":{"start":{"line":1062,"column":19},"end":{"line":1062,"column":57}},"108":{"start":{"line":1064,"column":4},"end":{"line":1067,"column":7}},"109":{"start":{"line":1069,"column":4},"end":{"line":1069,"column":50}},"110":{"start":{"line":1070,"column":4},"end":{"line":1070,"column":49}},"111":{"start":{"line":1111,"column":0},"end":{"line":1170,"column":3}},"112":{"start":{"line":1112,"column":13},"end":{"line":1112,"column":19}},"113":{"start":{"line":1113,"column":17},"end":{"line":1113,"column":27}},"114":{"start":{"line":1114,"column":40},"end":{"line":1114,"column":48}},"115":{"start":{"line":1116,"column":2},"end":{"line":1169,"column":3}},"116":{"start":{"line":1118,"column":24},"end":{"line":1121,"column":5}},"117":{"start":{"line":1123,"column":4},"end":{"line":1125,"column":5}},"118":{"start":{"line":1124,"column":6},"end":{"line":1124,"column":77}},"119":{"start":{"line":1127,"column":4},"end":{"line":1129,"column":5}},"120":{"start":{"line":1128,"column":6},"end":{"line":1128,"column":101}},"121":{"start":{"line":1131,"column":24},"end":{"line":1131,"column":43}},"122":{"start":{"line":1134,"column":4},"end":{"line":1158,"column":5}},"123":{"start":{"line":1135,"column":6},"end":{"line":1144,"column":8}},"124":{"start":{"line":1145,"column":6},"end":{"line":1145,"column":77}},"125":{"start":{"line":1147,"column":6},"end":{"line":1156,"column":8}},"126":{"start":{"line":1157,"column":6},"end":{"line":1157,"column":77}},"127":{"start":{"line":1160,"column":19},"end":{"line":1160,"column":60}},"128":{"start":{"line":1162,"column":4},"end":{"line":1165,"column":7}},"129":{"start":{"line":1167,"column":4},"end":{"line":1167,"column":50}},"130":{"start":{"line":1168,"column":4},"end":{"line":1168,"column":49}},"131":{"start":{"line":1191,"column":0},"end":{"line":1205,"column":3}},"132":{"start":{"line":1192,"column":13},"end":{"line":1192,"column":19}},"133":{"start":{"line":1193,"column":26},"end":{"line":1193,"column":36}},"134":{"start":{"line":1195,"column":2},"end":{"line":1204,"column":3}},"135":{"start":{"line":1196,"column":19},"end":{"line":1199,"column":5}},"136":{"start":{"line":1200,"column":4},"end":{"line":1200,"column":26}},"137":{"start":{"line":1202,"column":4},"end":{"line":1202,"column":61}},"138":{"start":{"line":1203,"column":4},"end":{"line":1203,"column":54}},"139":{"start":{"line":1232,"column":0},"end":{"line":1252,"column":3}},"140":{"start":{"line":1233,"column":13},"end":{"line":1233,"column":19}},"141":{"start":{"line":1234,"column":37},"end":{"line":1234,"column":46}},"142":{"start":{"line":1236,"column":2},"end":{"line":1238,"column":3}},"143":{"start":{"line":1237,"column":4},"end":{"line":1237,"column":90}},"144":{"start":{"line":1240,"column":2},"end":{"line":1251,"column":3}},"145":{"start":{"line":1241,"column":19},"end":{"line":1246,"column":5}},"146":{"start":{"line":1247,"column":4},"end":{"line":1247,"column":26}},"147":{"start":{"line":1249,"column":4},"end":{"line":1249,"column":61}},"148":{"start":{"line":1250,"column":4},"end":{"line":1250,"column":54}},"149":{"start":{"line":1266,"column":0},"end":{"line":1278,"column":3}},"150":{"start":{"line":1267,"column":13},"end":{"line":1267,"column":19}},"151":{"start":{"line":1269,"column":2},"end":{"line":1277,"column":3}},"152":{"start":{"line":1270,"column":19},"end":{"line":1272,"column":5}},"153":{"start":{"line":1273,"column":4},"end":{"line":1273,"column":26}},"154":{"start":{"line":1275,"column":4},"end":{"line":1275,"column":61}},"155":{"start":{"line":1276,"column":4},"end":{"line":1276,"column":54}},"156":{"start":{"line":1292,"column":0},"end":{"line":1314,"column":3}},"157":{"start":{"line":1293,"column":13},"end":{"line":1293,"column":19}},"158":{"start":{"line":1295,"column":2},"end":{"line":1313,"column":3}},"159":{"start":{"line":1296,"column":19},"end":{"line":1308,"column":6}},"160":{"start":{"line":1309,"column":4},"end":{"line":1309,"column":26}},"161":{"start":{"line":1311,"column":4},"end":{"line":1311,"column":61}},"162":{"start":{"line":1312,"column":4},"end":{"line":1312,"column":54}},"163":{"start":{"line":1337,"column":0},"end":{"line":1366,"column":3}},"164":{"start":{"line":1338,"column":13},"end":{"line":1338,"column":19}},"165":{"start":{"line":1339,"column":17},"end":{"line":1339,"column":27}},"166":{"start":{"line":1341,"column":2},"end":{"line":1365,"column":3}},"167":{"start":{"line":1342,"column":19},"end":{"line":1355,"column":12}},"168":{"start":{"line":1357,"column":4},"end":{"line":1359,"column":5}},"169":{"start":{"line":1358,"column":6},"end":{"line":1358,"column":77}},"170":{"start":{"line":1361,"column":4},"end":{"line":1361,"column":29}},"171":{"start":{"line":1363,"column":4},"end":{"line":1363,"column":61}},"172":{"start":{"line":1364,"column":4},"end":{"line":1364,"column":54}},"173":{"start":{"line":1368,"column":0},"end":{"line":1368,"column":24}}},"fnMap":{"0":{"name":"(anonymous_0)","decl":{"start":{"line":59,"column":35},"end":{"line":59,"column":36}},"loc":{"start":{"line":59,"column":55},"end":{"line":69,"column":1}},"line":59},"1":{"name":"(anonymous_1)","decl":{"start":{"line":94,"column":39},"end":{"line":94,"column":40}},"loc":{"start":{"line":94,"column":59},"end":{"line":109,"column":1}},"line":94},"2":{"name":"(anonymous_2)","decl":{"start":{"line":248,"column":36},"end":{"line":248,"column":37}},"loc":{"start":{"line":248,"column":56},"end":{"line":399,"column":1}},"line":248},"3":{"name":"(anonymous_3)","decl":{"start":{"line":561,"column":39},"end":{"line":561,"column":40}},"loc":{"start":{"line":561,"column":59},"end":{"line":772,"column":1}},"line":561},"4":{"name":"(anonymous_4)","decl":{"start":{"line":795,"column":42},"end":{"line":795,"column":43}},"loc":{"start":{"line":795,"column":62},"end":{"line":814,"column":1}},"line":795},"5":{"name":"(anonymous_5)","decl":{"start":{"line":835,"column":52},"end":{"line":835,"column":53}},"loc":{"start":{"line":835,"column":72},"end":{"line":849,"column":1}},"line":835},"6":{"name":"(anonymous_6)","decl":{"start":{"line":871,"column":50},"end":{"line":871,"column":51}},"loc":{"start":{"line":871,"column":70},"end":{"line":885,"column":1}},"line":871},"7":{"name":"(anonymous_7)","decl":{"start":{"line":907,"column":42},"end":{"line":907,"column":43}},"loc":{"start":{"line":907,"column":62},"end":{"line":929,"column":1}},"line":907},"8":{"name":"(anonymous_8)","decl":{"start":{"line":962,"column":49},"end":{"line":962,"column":50}},"loc":{"start":{"line":962,"column":69},"end":{"line":994,"column":1}},"line":962},"9":{"name":"(anonymous_9)","decl":{"start":{"line":1029,"column":46},"end":{"line":1029,"column":47}},"loc":{"start":{"line":1029,"column":66},"end":{"line":1072,"column":1}},"line":1029},"10":{"name":"(anonymous_10)","decl":{"start":{"line":1111,"column":56},"end":{"line":1111,"column":57}},"loc":{"start":{"line":1111,"column":76},"end":{"line":1170,"column":1}},"line":1111},"11":{"name":"(anonymous_11)","decl":{"start":{"line":1191,"column":61},"end":{"line":1191,"column":62}},"loc":{"start":{"line":1191,"column":81},"end":{"line":1205,"column":1}},"line":1191},"12":{"name":"(anonymous_12)","decl":{"start":{"line":1232,"column":48},"end":{"line":1232,"column":49}},"loc":{"start":{"line":1232,"column":68},"end":{"line":1252,"column":1}},"line":1232},"13":{"name":"(anonymous_13)","decl":{"start":{"line":1266,"column":52},"end":{"line":1266,"column":53}},"loc":{"start":{"line":1266,"column":72},"end":{"line":1278,"column":1}},"line":1266},"14":{"name":"(anonymous_14)","decl":{"start":{"line":1292,"column":55},"end":{"line":1292,"column":56}},"loc":{"start":{"line":1292,"column":75},"end":{"line":1314,"column":1}},"line":1292},"15":{"name":"(anonymous_15)","decl":{"start":{"line":1337,"column":59},"end":{"line":1337,"column":60}},"loc":{"start":{"line":1337,"column":79},"end":{"line":1366,"column":1}},"line":1337}},"branchMap":{"0":{"loc":{"start":{"line":101,"column":4},"end":{"line":103,"column":5}},"type":"if","locations":[{"start":{"line":101,"column":4},"end":{"line":103,"column":5}},{"start":{},"end":{}}],"line":101},"1":{"loc":{"start":{"line":306,"column":2},"end":{"line":308,"column":3}},"type":"if","locations":[{"start":{"line":306,"column":2},"end":{"line":308,"column":3}},{"start":{},"end":{}}],"line":306},"2":{"loc":{"start":{"line":306,"column":6},"end":{"line":306,"column":38}},"type":"binary-expr","locations":[{"start":{"line":306,"column":6},"end":{"line":306,"column":16}},{"start":{"line":306,"column":20},"end":{"line":306,"column":38}}],"line":306},"3":{"loc":{"start":{"line":352,"column":6},"end":{"line":352,"column":29}},"type":"binary-expr","locations":[{"start":{"line":352,"column":6},"end":{"line":352,"column":20}},{"start":{"line":352,"column":24},"end":{"line":352,"column":29}}],"line":352},"4":{"loc":{"start":{"line":368,"column":6},"end":{"line":368,"column":32}},"type":"binary-expr","locations":[{"start":{"line":368,"column":6},"end":{"line":368,"column":23}},{"start":{"line":368,"column":27},"end":{"line":368,"column":32}}],"line":368},"5":{"loc":{"start":{"line":369,"column":6},"end":{"line":369,"column":37}},"type":"binary-expr","locations":[{"start":{"line":369,"column":6},"end":{"line":369,"column":28}},{"start":{"line":369,"column":32},"end":{"line":369,"column":37}}],"line":369},"6":{"loc":{"start":{"line":370,"column":6},"end":{"line":370,"column":31}},"type":"binary-expr","locations":[{"start":{"line":370,"column":6},"end":{"line":370,"column":22}},{"start":{"line":370,"column":26},"end":{"line":370,"column":31}}],"line":370},"7":{"loc":{"start":{"line":371,"column":6},"end":{"line":371,"column":27}},"type":"binary-expr","locations":[{"start":{"line":371,"column":6},"end":{"line":371,"column":18}},{"start":{"line":371,"column":22},"end":{"line":371,"column":27}}],"line":371},"8":{"loc":{"start":{"line":381,"column":6},"end":{"line":381,"column":23}},"type":"binary-expr","locations":[{"start":{"line":381,"column":6},"end":{"line":381,"column":12}},{"start":{"line":381,"column":16},"end":{"line":381,"column":23}}],"line":381},"9":{"loc":{"start":{"line":626,"column":2},"end":{"line":628,"column":3}},"type":"if","locations":[{"start":{"line":626,"column":2},"end":{"line":628,"column":3}},{"start":{},"end":{}}],"line":626},"10":{"loc":{"start":{"line":626,"column":6},"end":{"line":626,"column":38}},"type":"binary-expr","locations":[{"start":{"line":626,"column":6},"end":{"line":626,"column":16}},{"start":{"line":626,"column":20},"end":{"line":626,"column":38}}],"line":626},"11":{"loc":{"start":{"line":714,"column":6},"end":{"line":714,"column":29}},"type":"binary-expr","locations":[{"start":{"line":714,"column":6},"end":{"line":714,"column":20}},{"start":{"line":714,"column":24},"end":{"line":714,"column":29}}],"line":714},"12":{"loc":{"start":{"line":730,"column":6},"end":{"line":730,"column":32}},"type":"binary-expr","locations":[{"start":{"line":730,"column":6},"end":{"line":730,"column":23}},{"start":{"line":730,"column":27},"end":{"line":730,"column":32}}],"line":730},"13":{"loc":{"start":{"line":731,"column":6},"end":{"line":731,"column":37}},"type":"binary-expr","locations":[{"start":{"line":731,"column":6},"end":{"line":731,"column":28}},{"start":{"line":731,"column":32},"end":{"line":731,"column":37}}],"line":731},"14":{"loc":{"start":{"line":732,"column":6},"end":{"line":732,"column":31}},"type":"binary-expr","locations":[{"start":{"line":732,"column":6},"end":{"line":732,"column":22}},{"start":{"line":732,"column":26},"end":{"line":732,"column":31}}],"line":732},"15":{"loc":{"start":{"line":733,"column":6},"end":{"line":733,"column":27}},"type":"binary-expr","locations":[{"start":{"line":733,"column":6},"end":{"line":733,"column":18}},{"start":{"line":733,"column":22},"end":{"line":733,"column":27}}],"line":733},"16":{"loc":{"start":{"line":747,"column":6},"end":{"line":747,"column":30}},"type":"binary-expr","locations":[{"start":{"line":747,"column":6},"end":{"line":747,"column":25}},{"start":{"line":747,"column":29},"end":{"line":747,"column":30}}],"line":747},"17":{"loc":{"start":{"line":748,"column":6},"end":{"line":748,"column":30}},"type":"binary-expr","locations":[{"start":{"line":748,"column":6},"end":{"line":748,"column":25}},{"start":{"line":748,"column":29},"end":{"line":748,"column":30}}],"line":748},"18":{"loc":{"start":{"line":763,"column":4},"end":{"line":765,"column":5}},"type":"if","locations":[{"start":{"line":763,"column":4},"end":{"line":765,"column":5}},{"start":{},"end":{}}],"line":763},"19":{"loc":{"start":{"line":805,"column":4},"end":{"line":807,"column":5}},"type":"if","locations":[{"start":{"line":805,"column":4},"end":{"line":807,"column":5}},{"start":{},"end":{}}],"line":805},"20":{"loc":{"start":{"line":911,"column":2},"end":{"line":913,"column":3}},"type":"if","locations":[{"start":{"line":911,"column":2},"end":{"line":913,"column":3}},{"start":{},"end":{}}],"line":911},"21":{"loc":{"start":{"line":982,"column":4},"end":{"line":984,"column":5}},"type":"if","locations":[{"start":{"line":982,"column":4},"end":{"line":984,"column":5}},{"start":{},"end":{}}],"line":982},"22":{"loc":{"start":{"line":1041,"column":4},"end":{"line":1043,"column":5}},"type":"if","locations":[{"start":{"line":1041,"column":4},"end":{"line":1043,"column":5}},{"start":{},"end":{}}],"line":1041},"23":{"loc":{"start":{"line":1045,"column":4},"end":{"line":1047,"column":5}},"type":"if","locations":[{"start":{"line":1045,"column":4},"end":{"line":1047,"column":5}},{"start":{},"end":{}}],"line":1045},"24":{"loc":{"start":{"line":1123,"column":4},"end":{"line":1125,"column":5}},"type":"if","locations":[{"start":{"line":1123,"column":4},"end":{"line":1125,"column":5}},{"start":{},"end":{}}],"line":1123},"25":{"loc":{"start":{"line":1127,"column":4},"end":{"line":1129,"column":5}},"type":"if","locations":[{"start":{"line":1127,"column":4},"end":{"line":1129,"column":5}},{"start":{},"end":{}}],"line":1127},"26":{"loc":{"start":{"line":1134,"column":4},"end":{"line":1158,"column":5}},"type":"if","locations":[{"start":{"line":1134,"column":4},"end":{"line":1158,"column":5}},{"start":{"line":1146,"column":11},"end":{"line":1158,"column":5}}],"line":1134},"27":{"loc":{"start":{"line":1236,"column":2},"end":{"line":1238,"column":3}},"type":"if","locations":[{"start":{"line":1236,"column":2},"end":{"line":1238,"column":3}},{"start":{},"end":{}}],"line":1236},"28":{"loc":{"start":{"line":1236,"column":6},"end":{"line":1236,"column":32}},"type":"binary-expr","locations":[{"start":{"line":1236,"column":6},"end":{"line":1236,"column":17}},{"start":{"line":1236,"column":21},"end":{"line":1236,"column":32}}],"line":1236},"29":{"loc":{"start":{"line":1357,"column":4},"end":{"line":1359,"column":5}},"type":"if","locations":[{"start":{"line":1357,"column":4},"end":{"line":1359,"column":5}},{"start":{},"end":{}}],"line":1357}},"s":{"0":1,"1":1,"2":1,"3":2,"4":2,"5":2,"6":1,"7":1,"8":1,"9":1,"10":1,"11":8,"12":8,"13":8,"14":8,"15":8,"16":8,"17":1,"18":7,"19":0,"20":0,"21":1,"22":2,"23":2,"24":2,"25":1,"26":1,"27":1,"28":1,"29":1,"30":1,"31":0,"32":0,"33":1,"34":3,"35":3,"36":3,"37":3,"38":1,"39":2,"40":2,"41":2,"42":2,"43":2,"44":1,"45":1,"46":0,"47":0,"48":1,"49":2,"50":2,"51":2,"52":2,"53":2,"54":1,"55":1,"56":0,"57":0,"58":1,"59":1,"60":1,"61":1,"62":1,"63":1,"64":0,"65":0,"66":1,"67":1,"68":1,"69":1,"70":1,"71":1,"72":0,"73":0,"74":1,"75":0,"76":0,"77":0,"78":0,"79":0,"80":0,"81":0,"82":0,"83":0,"84":1,"85":2,"86":2,"87":2,"88":2,"89":2,"90":2,"91":2,"92":1,"93":1,"94":0,"95":0,"96":1,"97":3,"98":3,"99":3,"100":3,"101":3,"102":3,"103":1,"104":2,"105":1,"106":1,"107":1,"108":1,"109":0,"110":0,"111":1,"112":3,"113":3,"114":3,"115":3,"116":3,"117":3,"118":0,"119":3,"120":1,"121":2,"122":2,"123":1,"124":1,"125":1,"126":1,"127":2,"128":2,"129":0,"130":0,"131":1,"132":1,"133":1,"134":1,"135":1,"136":1,"137":0,"138":0,"139":1,"140":0,"141":0,"142":0,"143":0,"144":0,"145":0,"146":0,"147":0,"148":0,"149":1,"150":0,"151":0,"152":0,"153":0,"154":0,"155":0,"156":1,"157":0,"158":0,"159":0,"160":0,"161":0,"162":0,"163":1,"164":2,"165":2,"166":2,"167":2,"168":2,"169":1,"170":1,"171":0,"172":0,"173":1},"f":{"0":2,"1":8,"2":2,"3":3,"4":2,"5":1,"6":1,"7":0,"8":2,"9":3,"10":3,"11":1,"12":0,"13":0,"14":0,"15":2},"b":{"0":[1,7],"1":[1,1],"2":[2,1],"3":[1,1],"4":[1,1],"5":[1,0],"6":[1,0],"7":[1,1],"8":[1,0],"9":[1,2],"10":[3,2],"11":[2,2],"12":[2,2],"13":[2,2],"14":[2,2],"15":[2,2],"16":[2,2],"17":[2,2],"18":[1,1],"19":[1,1],"20":[0,0],"21":[1,1],"22":[1,2],"23":[1,1],"24":[0,3],"25":[1,2],"26":[1,1],"27":[0,0],"28":[0,0],"29":[1,1]},"inputSourceMap":null,"_coverageSchema":"1a1c01bbd47fc00a2c39e90264f33305004495a9","hash":"21d227c26e136ceb0f53a48b01861142565cb392"}
,"C:\\Users\\sande\\Desktop\\cspl\\ado-repos\\Construction\\Source\\constructions-be\\routes\\clients_route.js": {"path":"C:\\Users\\sande\\Desktop\\cspl\\ado-repos\\Construction\\Source\\constructions-be\\routes\\clients_route.js","statementMap":{"0":{"start":{"line":1,"column":16},"end":{"line":1,"column":34}},"1":{"start":{"line":2,"column":15},"end":{"line":2,"column":31}},"2":{"start":{"line":51,"column":0},"end":{"line":63,"column":3}},"3":{"start":{"line":52,"column":13},"end":{"line":52,"column":19}},"4":{"start":{"line":53,"column":2},"end":{"line":62,"column":3}},"5":{"start":{"line":55,"column":19},"end":{"line":55,"column":58}},"6":{"start":{"line":56,"column":17},"end":{"line":56,"column":28}},"7":{"start":{"line":58,"column":4},"end":{"line":58,"column":19}},"8":{"start":{"line":60,"column":4},"end":{"line":60,"column":61}},"9":{"start":{"line":61,"column":4},"end":{"line":61,"column":54}},"10":{"start":{"line":88,"column":0},"end":{"line":103,"column":3}},"11":{"start":{"line":89,"column":13},"end":{"line":89,"column":19}},"12":{"start":{"line":90,"column":17},"end":{"line":90,"column":27}},"13":{"start":{"line":91,"column":2},"end":{"line":102,"column":3}},"14":{"start":{"line":92,"column":19},"end":{"line":92,"column":85}},"15":{"start":{"line":93,"column":17},"end":{"line":93,"column":28}},"16":{"start":{"line":95,"column":4},"end":{"line":97,"column":5}},"17":{"start":{"line":96,"column":6},"end":{"line":96,"column":65}},"18":{"start":{"line":98,"column":4},"end":{"line":98,"column":22}},"19":{"start":{"line":100,"column":4},"end":{"line":100,"column":56}},"20":{"start":{"line":101,"column":4},"end":{"line":101,"column":49}},"21":{"start":{"line":183,"column":0},"end":{"line":273,"column":3}},"22":{"start":{"line":184,"column":13},"end":{"line":184,"column":19}},"23":{"start":{"line":213,"column":6},"end":{"line":213,"column":14}},"24":{"start":{"line":215,"column":2},"end":{"line":217,"column":3}},"25":{"start":{"line":216,"column":4},"end":{"line":216,"column":70}},"26":{"start":{"line":219,"column":2},"end":{"line":272,"column":3}},"27":{"start":{"line":220,"column":18},"end":{"line":234,"column":5}},"28":{"start":{"line":236,"column":19},"end":{"line":264,"column":5}},"29":{"start":{"line":266,"column":19},"end":{"line":266,"column":48}},"30":{"start":{"line":268,"column":4},"end":{"line":268,"column":41}},"31":{"start":{"line":270,"column":4},"end":{"line":270,"column":50}},"32":{"start":{"line":271,"column":4},"end":{"line":271,"column":49}},"33":{"start":{"line":362,"column":0},"end":{"line":477,"column":3}},"34":{"start":{"line":363,"column":13},"end":{"line":363,"column":19}},"35":{"start":{"line":364,"column":17},"end":{"line":364,"column":27}},"36":{"start":{"line":393,"column":6},"end":{"line":393,"column":14}},"37":{"start":{"line":395,"column":2},"end":{"line":397,"column":3}},"38":{"start":{"line":396,"column":4},"end":{"line":396,"column":70}},"39":{"start":{"line":399,"column":2},"end":{"line":476,"column":3}},"40":{"start":{"line":400,"column":18},"end":{"line":433,"column":5}},"41":{"start":{"line":435,"column":19},"end":{"line":464,"column":5}},"42":{"start":{"line":466,"column":19},"end":{"line":466,"column":48}},"43":{"start":{"line":468,"column":4},"end":{"line":470,"column":5}},"44":{"start":{"line":469,"column":6},"end":{"line":469,"column":65}},"45":{"start":{"line":472,"column":4},"end":{"line":472,"column":29}},"46":{"start":{"line":474,"column":4},"end":{"line":474,"column":50}},"47":{"start":{"line":475,"column":4},"end":{"line":475,"column":49}},"48":{"start":{"line":500,"column":0},"end":{"line":519,"column":3}},"49":{"start":{"line":501,"column":13},"end":{"line":501,"column":19}},"50":{"start":{"line":502,"column":17},"end":{"line":502,"column":27}},"51":{"start":{"line":504,"column":2},"end":{"line":518,"column":3}},"52":{"start":{"line":505,"column":19},"end":{"line":508,"column":5}},"53":{"start":{"line":510,"column":4},"end":{"line":512,"column":5}},"54":{"start":{"line":511,"column":6},"end":{"line":511,"column":65}},"55":{"start":{"line":514,"column":4},"end":{"line":514,"column":57}},"56":{"start":{"line":516,"column":4},"end":{"line":516,"column":50}},"57":{"start":{"line":517,"column":4},"end":{"line":517,"column":49}},"58":{"start":{"line":541,"column":0},"end":{"line":555,"column":3}},"59":{"start":{"line":542,"column":13},"end":{"line":542,"column":19}},"60":{"start":{"line":543,"column":25},"end":{"line":543,"column":35}},"61":{"start":{"line":545,"column":2},"end":{"line":554,"column":3}},"62":{"start":{"line":546,"column":19},"end":{"line":549,"column":5}},"63":{"start":{"line":550,"column":4},"end":{"line":550,"column":26}},"64":{"start":{"line":552,"column":4},"end":{"line":552,"column":61}},"65":{"start":{"line":553,"column":4},"end":{"line":553,"column":54}},"66":{"start":{"line":575,"column":0},"end":{"line":596,"column":3}},"67":{"start":{"line":576,"column":13},"end":{"line":576,"column":19}},"68":{"start":{"line":577,"column":20},"end":{"line":577,"column":29}},"69":{"start":{"line":579,"column":2},"end":{"line":581,"column":3}},"70":{"start":{"line":580,"column":4},"end":{"line":580,"column":71}},"71":{"start":{"line":583,"column":2},"end":{"line":595,"column":3}},"72":{"start":{"line":584,"column":19},"end":{"line":590,"column":5}},"73":{"start":{"line":591,"column":4},"end":{"line":591,"column":26}},"74":{"start":{"line":593,"column":4},"end":{"line":593,"column":61}},"75":{"start":{"line":594,"column":4},"end":{"line":594,"column":54}},"76":{"start":{"line":610,"column":0},"end":{"line":620,"column":3}},"77":{"start":{"line":611,"column":13},"end":{"line":611,"column":19}},"78":{"start":{"line":613,"column":2},"end":{"line":619,"column":3}},"79":{"start":{"line":614,"column":19},"end":{"line":614,"column":81}},"80":{"start":{"line":615,"column":4},"end":{"line":615,"column":26}},"81":{"start":{"line":617,"column":4},"end":{"line":617,"column":61}},"82":{"start":{"line":618,"column":4},"end":{"line":618,"column":54}},"83":{"start":{"line":641,"column":0},"end":{"line":655,"column":3}},"84":{"start":{"line":642,"column":13},"end":{"line":642,"column":19}},"85":{"start":{"line":643,"column":19},"end":{"line":643,"column":29}},"86":{"start":{"line":645,"column":2},"end":{"line":654,"column":3}},"87":{"start":{"line":646,"column":19},"end":{"line":649,"column":5}},"88":{"start":{"line":650,"column":4},"end":{"line":650,"column":26}},"89":{"start":{"line":652,"column":4},"end":{"line":652,"column":61}},"90":{"start":{"line":653,"column":4},"end":{"line":653,"column":54}},"91":{"start":{"line":657,"column":0},"end":{"line":657,"column":24}}},"fnMap":{"0":{"name":"(anonymous_0)","decl":{"start":{"line":51,"column":23},"end":{"line":51,"column":24}},"loc":{"start":{"line":51,"column":43},"end":{"line":63,"column":1}},"line":51},"1":{"name":"(anonymous_1)","decl":{"start":{"line":88,"column":27},"end":{"line":88,"column":28}},"loc":{"start":{"line":88,"column":47},"end":{"line":103,"column":1}},"line":88},"2":{"name":"(anonymous_2)","decl":{"start":{"line":183,"column":24},"end":{"line":183,"column":25}},"loc":{"start":{"line":183,"column":44},"end":{"line":273,"column":1}},"line":183},"3":{"name":"(anonymous_3)","decl":{"start":{"line":362,"column":27},"end":{"line":362,"column":28}},"loc":{"start":{"line":362,"column":47},"end":{"line":477,"column":1}},"line":362},"4":{"name":"(anonymous_4)","decl":{"start":{"line":500,"column":30},"end":{"line":500,"column":31}},"loc":{"start":{"line":500,"column":50},"end":{"line":519,"column":1}},"line":500},"5":{"name":"(anonymous_5)","decl":{"start":{"line":541,"column":40},"end":{"line":541,"column":41}},"loc":{"start":{"line":541,"column":60},"end":{"line":555,"column":1}},"line":541},"6":{"name":"(anonymous_6)","decl":{"start":{"line":575,"column":30},"end":{"line":575,"column":31}},"loc":{"start":{"line":575,"column":50},"end":{"line":596,"column":1}},"line":575},"7":{"name":"(anonymous_7)","decl":{"start":{"line":610,"column":30},"end":{"line":610,"column":31}},"loc":{"start":{"line":610,"column":50},"end":{"line":620,"column":1}},"line":610},"8":{"name":"(anonymous_8)","decl":{"start":{"line":641,"column":38},"end":{"line":641,"column":39}},"loc":{"start":{"line":641,"column":58},"end":{"line":655,"column":1}},"line":641}},"branchMap":{"0":{"loc":{"start":{"line":95,"column":4},"end":{"line":97,"column":5}},"type":"if","locations":[{"start":{"line":95,"column":4},"end":{"line":97,"column":5}},{"start":{},"end":{}}],"line":95},"1":{"loc":{"start":{"line":215,"column":2},"end":{"line":217,"column":3}},"type":"if","locations":[{"start":{"line":215,"column":2},"end":{"line":217,"column":3}},{"start":{},"end":{}}],"line":215},"2":{"loc":{"start":{"line":251,"column":6},"end":{"line":251,"column":24}},"type":"binary-expr","locations":[{"start":{"line":251,"column":6},"end":{"line":251,"column":13}},{"start":{"line":251,"column":17},"end":{"line":251,"column":24}}],"line":251},"3":{"loc":{"start":{"line":259,"column":6},"end":{"line":259,"column":40}},"type":"cond-expr","locations":[{"start":{"line":259,"column":28},"end":{"line":259,"column":33}},{"start":{"line":259,"column":36},"end":{"line":259,"column":40}}],"line":259},"4":{"loc":{"start":{"line":395,"column":2},"end":{"line":397,"column":3}},"type":"if","locations":[{"start":{"line":395,"column":2},"end":{"line":397,"column":3}},{"start":{},"end":{}}],"line":395},"5":{"loc":{"start":{"line":450,"column":6},"end":{"line":450,"column":24}},"type":"binary-expr","locations":[{"start":{"line":450,"column":6},"end":{"line":450,"column":13}},{"start":{"line":450,"column":17},"end":{"line":450,"column":24}}],"line":450},"6":{"loc":{"start":{"line":458,"column":6},"end":{"line":458,"column":40}},"type":"cond-expr","locations":[{"start":{"line":458,"column":28},"end":{"line":458,"column":33}},{"start":{"line":458,"column":36},"end":{"line":458,"column":40}}],"line":458},"7":{"loc":{"start":{"line":468,"column":4},"end":{"line":470,"column":5}},"type":"if","locations":[{"start":{"line":468,"column":4},"end":{"line":470,"column":5}},{"start":{},"end":{}}],"line":468},"8":{"loc":{"start":{"line":510,"column":4},"end":{"line":512,"column":5}},"type":"if","locations":[{"start":{"line":510,"column":4},"end":{"line":512,"column":5}},{"start":{},"end":{}}],"line":510},"9":{"loc":{"start":{"line":579,"column":2},"end":{"line":581,"column":3}},"type":"if","locations":[{"start":{"line":579,"column":2},"end":{"line":581,"column":3}},{"start":{},"end":{}}],"line":579}},"s":{"0":2,"1":2,"2":2,"3":2,"4":2,"5":2,"6":2,"7":2,"8":0,"9":0,"10":2,"11":5,"12":5,"13":5,"14":5,"15":3,"16":3,"17":1,"18":2,"19":2,"20":2,"21":2,"22":4,"23":4,"24":4,"25":1,"26":3,"27":3,"28":3,"29":3,"30":3,"31":0,"32":0,"33":2,"34":1,"35":1,"36":1,"37":1,"38":0,"39":1,"40":1,"41":1,"42":1,"43":1,"44":0,"45":1,"46":0,"47":0,"48":2,"49":1,"50":1,"51":1,"52":1,"53":1,"54":0,"55":1,"56":0,"57":0,"58":2,"59":0,"60":0,"61":0,"62":0,"63":0,"64":0,"65":0,"66":2,"67":0,"68":0,"69":0,"70":0,"71":0,"72":0,"73":0,"74":0,"75":0,"76":2,"77":0,"78":0,"79":0,"80":0,"81":0,"82":0,"83":2,"84":0,"85":0,"86":0,"87":0,"88":0,"89":0,"90":0,"91":2},"f":{"0":2,"1":5,"2":4,"3":1,"4":1,"5":0,"6":0,"7":0,"8":0},"b":{"0":[1,2],"1":[1,3],"2":[3,3],"3":[0,3],"4":[0,1],"5":[1,1],"6":[0,1],"7":[0,1],"8":[0,1],"9":[0,0]},"inputSourceMap":null,"_coverageSchema":"1a1c01bbd47fc00a2c39e90264f33305004495a9","hash":"1a69fea40f6bbd005b1c9a2cf1bcbb8b9ab61883"}
,"C:\\Users\\sande\\Desktop\\cspl\\ado-repos\\Construction\\Source\\constructions-be\\routes\\items_route.js": {"path":"C:\\Users\\sande\\Desktop\\cspl\\ado-repos\\Construction\\Source\\constructions-be\\routes\\items_route.js","statementMap":{"0":{"start":{"line":1,"column":16},"end":{"line":1,"column":34}},"1":{"start":{"line":2,"column":15},"end":{"line":2,"column":31}},"2":{"start":{"line":26,"column":0},"end":{"line":35,"column":3}},"3":{"start":{"line":27,"column":13},"end":{"line":27,"column":19}},"4":{"start":{"line":29,"column":2},"end":{"line":34,"column":3}},"5":{"start":{"line":30,"column":19},"end":{"line":30,"column":79}},"6":{"start":{"line":31,"column":4},"end":{"line":31,"column":26}},"7":{"start":{"line":33,"column":4},"end":{"line":33,"column":54}},"8":{"start":{"line":57,"column":0},"end":{"line":70,"column":3}},"9":{"start":{"line":58,"column":13},"end":{"line":58,"column":19}},"10":{"start":{"line":59,"column":23},"end":{"line":59,"column":33}},"11":{"start":{"line":61,"column":2},"end":{"line":69,"column":3}},"12":{"start":{"line":62,"column":19},"end":{"line":65,"column":5}},"13":{"start":{"line":66,"column":4},"end":{"line":66,"column":26}},"14":{"start":{"line":68,"column":4},"end":{"line":68,"column":54}},"15":{"start":{"line":93,"column":0},"end":{"line":112,"column":3}},"16":{"start":{"line":94,"column":13},"end":{"line":94,"column":19}},"17":{"start":{"line":95,"column":20},"end":{"line":95,"column":29}},"18":{"start":{"line":97,"column":2},"end":{"line":99,"column":3}},"19":{"start":{"line":98,"column":4},"end":{"line":98,"column":71}},"20":{"start":{"line":101,"column":2},"end":{"line":111,"column":3}},"21":{"start":{"line":102,"column":19},"end":{"line":107,"column":5}},"22":{"start":{"line":108,"column":4},"end":{"line":108,"column":26}},"23":{"start":{"line":110,"column":4},"end":{"line":110,"column":54}},"24":{"start":{"line":144,"column":0},"end":{"line":153,"column":3}},"25":{"start":{"line":145,"column":13},"end":{"line":145,"column":19}},"26":{"start":{"line":146,"column":2},"end":{"line":152,"column":3}},"27":{"start":{"line":147,"column":19},"end":{"line":147,"column":73}},"28":{"start":{"line":148,"column":4},"end":{"line":148,"column":26}},"29":{"start":{"line":150,"column":4},"end":{"line":150,"column":61}},"30":{"start":{"line":151,"column":4},"end":{"line":151,"column":54}},"31":{"start":{"line":177,"column":0},"end":{"line":191,"column":3}},"32":{"start":{"line":178,"column":13},"end":{"line":178,"column":19}},"33":{"start":{"line":179,"column":17},"end":{"line":179,"column":27}},"34":{"start":{"line":180,"column":2},"end":{"line":190,"column":3}},"35":{"start":{"line":181,"column":19},"end":{"line":181,"column":81}},"36":{"start":{"line":183,"column":4},"end":{"line":185,"column":5}},"37":{"start":{"line":184,"column":6},"end":{"line":184,"column":63}},"38":{"start":{"line":186,"column":4},"end":{"line":186,"column":29}},"39":{"start":{"line":188,"column":4},"end":{"line":188,"column":56}},"40":{"start":{"line":189,"column":4},"end":{"line":189,"column":49}},"41":{"start":{"line":224,"column":0},"end":{"line":251,"column":3}},"42":{"start":{"line":225,"column":13},"end":{"line":225,"column":19}},"43":{"start":{"line":226,"column":79},"end":{"line":226,"column":87}},"44":{"start":{"line":228,"column":2},"end":{"line":230,"column":3}},"45":{"start":{"line":229,"column":4},"end":{"line":229,"column":68}},"46":{"start":{"line":232,"column":2},"end":{"line":250,"column":3}},"47":{"start":{"line":233,"column":19},"end":{"line":244,"column":5}},"48":{"start":{"line":246,"column":4},"end":{"line":246,"column":41}},"49":{"start":{"line":248,"column":4},"end":{"line":248,"column":50}},"50":{"start":{"line":249,"column":4},"end":{"line":249,"column":49}},"51":{"start":{"line":293,"column":0},"end":{"line":328,"column":3}},"52":{"start":{"line":294,"column":13},"end":{"line":294,"column":19}},"53":{"start":{"line":295,"column":17},"end":{"line":295,"column":27}},"54":{"start":{"line":296,"column":79},"end":{"line":296,"column":87}},"55":{"start":{"line":298,"column":2},"end":{"line":300,"column":3}},"56":{"start":{"line":299,"column":4},"end":{"line":299,"column":68}},"57":{"start":{"line":302,"column":2},"end":{"line":327,"column":3}},"58":{"start":{"line":303,"column":19},"end":{"line":317,"column":5}},"59":{"start":{"line":319,"column":4},"end":{"line":321,"column":5}},"60":{"start":{"line":320,"column":6},"end":{"line":320,"column":63}},"61":{"start":{"line":323,"column":4},"end":{"line":323,"column":29}},"62":{"start":{"line":325,"column":4},"end":{"line":325,"column":50}},"63":{"start":{"line":326,"column":4},"end":{"line":326,"column":49}},"64":{"start":{"line":351,"column":0},"end":{"line":370,"column":3}},"65":{"start":{"line":352,"column":13},"end":{"line":352,"column":19}},"66":{"start":{"line":353,"column":17},"end":{"line":353,"column":27}},"67":{"start":{"line":355,"column":2},"end":{"line":369,"column":3}},"68":{"start":{"line":356,"column":19},"end":{"line":359,"column":5}},"69":{"start":{"line":361,"column":4},"end":{"line":363,"column":5}},"70":{"start":{"line":362,"column":6},"end":{"line":362,"column":63}},"71":{"start":{"line":365,"column":4},"end":{"line":365,"column":55}},"72":{"start":{"line":367,"column":4},"end":{"line":367,"column":50}},"73":{"start":{"line":368,"column":4},"end":{"line":368,"column":49}},"74":{"start":{"line":372,"column":0},"end":{"line":372,"column":24}}},"fnMap":{"0":{"name":"(anonymous_0)","decl":{"start":{"line":26,"column":28},"end":{"line":26,"column":29}},"loc":{"start":{"line":26,"column":48},"end":{"line":35,"column":1}},"line":26},"1":{"name":"(anonymous_1)","decl":{"start":{"line":57,"column":40},"end":{"line":57,"column":41}},"loc":{"start":{"line":57,"column":60},"end":{"line":70,"column":1}},"line":57},"2":{"name":"(anonymous_2)","decl":{"start":{"line":93,"column":28},"end":{"line":93,"column":29}},"loc":{"start":{"line":93,"column":48},"end":{"line":112,"column":1}},"line":93},"3":{"name":"(anonymous_3)","decl":{"start":{"line":144,"column":21},"end":{"line":144,"column":22}},"loc":{"start":{"line":144,"column":41},"end":{"line":153,"column":1}},"line":144},"4":{"name":"(anonymous_4)","decl":{"start":{"line":177,"column":25},"end":{"line":177,"column":26}},"loc":{"start":{"line":177,"column":45},"end":{"line":191,"column":1}},"line":177},"5":{"name":"(anonymous_5)","decl":{"start":{"line":224,"column":22},"end":{"line":224,"column":23}},"loc":{"start":{"line":224,"column":42},"end":{"line":251,"column":1}},"line":224},"6":{"name":"(anonymous_6)","decl":{"start":{"line":293,"column":25},"end":{"line":293,"column":26}},"loc":{"start":{"line":293,"column":45},"end":{"line":328,"column":1}},"line":293},"7":{"name":"(anonymous_7)","decl":{"start":{"line":351,"column":28},"end":{"line":351,"column":29}},"loc":{"start":{"line":351,"column":48},"end":{"line":370,"column":1}},"line":351}},"branchMap":{"0":{"loc":{"start":{"line":97,"column":2},"end":{"line":99,"column":3}},"type":"if","locations":[{"start":{"line":97,"column":2},"end":{"line":99,"column":3}},{"start":{},"end":{}}],"line":97},"1":{"loc":{"start":{"line":183,"column":4},"end":{"line":185,"column":5}},"type":"if","locations":[{"start":{"line":183,"column":4},"end":{"line":185,"column":5}},{"start":{},"end":{}}],"line":183},"2":{"loc":{"start":{"line":228,"column":2},"end":{"line":230,"column":3}},"type":"if","locations":[{"start":{"line":228,"column":2},"end":{"line":230,"column":3}},{"start":{},"end":{}}],"line":228},"3":{"loc":{"start":{"line":239,"column":8},"end":{"line":239,"column":32}},"type":"binary-expr","locations":[{"start":{"line":239,"column":8},"end":{"line":239,"column":24}},{"start":{"line":239,"column":28},"end":{"line":239,"column":32}}],"line":239},"4":{"loc":{"start":{"line":240,"column":8},"end":{"line":240,"column":25}},"type":"binary-expr","locations":[{"start":{"line":240,"column":8},"end":{"line":240,"column":17}},{"start":{"line":240,"column":21},"end":{"line":240,"column":25}}],"line":240},"5":{"loc":{"start":{"line":241,"column":8},"end":{"line":241,"column":29}},"type":"binary-expr","locations":[{"start":{"line":241,"column":8},"end":{"line":241,"column":21}},{"start":{"line":241,"column":25},"end":{"line":241,"column":29}}],"line":241},"6":{"loc":{"start":{"line":242,"column":8},"end":{"line":242,"column":42}},"type":"cond-expr","locations":[{"start":{"line":242,"column":30},"end":{"line":242,"column":35}},{"start":{"line":242,"column":38},"end":{"line":242,"column":42}}],"line":242},"7":{"loc":{"start":{"line":298,"column":2},"end":{"line":300,"column":3}},"type":"if","locations":[{"start":{"line":298,"column":2},"end":{"line":300,"column":3}},{"start":{},"end":{}}],"line":298},"8":{"loc":{"start":{"line":311,"column":8},"end":{"line":311,"column":32}},"type":"binary-expr","locations":[{"start":{"line":311,"column":8},"end":{"line":311,"column":24}},{"start":{"line":311,"column":28},"end":{"line":311,"column":32}}],"line":311},"9":{"loc":{"start":{"line":312,"column":8},"end":{"line":312,"column":25}},"type":"binary-expr","locations":[{"start":{"line":312,"column":8},"end":{"line":312,"column":17}},{"start":{"line":312,"column":21},"end":{"line":312,"column":25}}],"line":312},"10":{"loc":{"start":{"line":313,"column":8},"end":{"line":313,"column":29}},"type":"binary-expr","locations":[{"start":{"line":313,"column":8},"end":{"line":313,"column":21}},{"start":{"line":313,"column":25},"end":{"line":313,"column":29}}],"line":313},"11":{"loc":{"start":{"line":314,"column":8},"end":{"line":314,"column":42}},"type":"cond-expr","locations":[{"start":{"line":314,"column":30},"end":{"line":314,"column":35}},{"start":{"line":314,"column":38},"end":{"line":314,"column":42}}],"line":314},"12":{"loc":{"start":{"line":319,"column":4},"end":{"line":321,"column":5}},"type":"if","locations":[{"start":{"line":319,"column":4},"end":{"line":321,"column":5}},{"start":{},"end":{}}],"line":319},"13":{"loc":{"start":{"line":361,"column":4},"end":{"line":363,"column":5}},"type":"if","locations":[{"start":{"line":361,"column":4},"end":{"line":363,"column":5}},{"start":{},"end":{}}],"line":361}},"s":{"0":2,"1":2,"2":2,"3":0,"4":0,"5":0,"6":0,"7":0,"8":2,"9":0,"10":0,"11":0,"12":0,"13":0,"14":0,"15":2,"16":0,"17":0,"18":0,"19":0,"20":0,"21":0,"22":0,"23":0,"24":2,"25":2,"26":2,"27":2,"28":2,"29":0,"30":0,"31":2,"32":4,"33":4,"34":4,"35":4,"36":4,"37":2,"38":2,"39":0,"40":0,"41":2,"42":4,"43":4,"44":4,"45":2,"46":2,"47":2,"48":2,"49":0,"50":0,"51":2,"52":4,"53":4,"54":4,"55":4,"56":0,"57":4,"58":4,"59":4,"60":2,"61":2,"62":0,"63":0,"64":2,"65":3,"66":3,"67":3,"68":3,"69":3,"70":1,"71":2,"72":0,"73":0,"74":2},"f":{"0":0,"1":0,"2":0,"3":2,"4":4,"5":4,"6":4,"7":3},"b":{"0":[0,0],"1":[2,2],"2":[2,2],"3":[2,0],"4":[2,0],"5":[2,0],"6":[0,2],"7":[0,4],"8":[4,2],"9":[4,2],"10":[4,2],"11":[2,2],"12":[2,2],"13":[1,2]},"inputSourceMap":null,"_coverageSchema":"1a1c01bbd47fc00a2c39e90264f33305004495a9","hash":"65cd5047f8aed34a15790b382a093f98f52a7669"}
,"C:\\Users\\sande\\Desktop\\cspl\\ado-repos\\Construction\\Source\\constructions-be\\routes\\lead_requirements_route.js": {"path":"C:\\Users\\sande\\Desktop\\cspl\\ado-repos\\Construction\\Source\\constructions-be\\routes\\lead_requirements_route.js","statementMap":{"0":{"start":{"line":1,"column":16},"end":{"line":1,"column":34}},"1":{"start":{"line":2,"column":15},"end":{"line":2,"column":31}},"2":{"start":{"line":23,"column":0},"end":{"line":33,"column":3}},"3":{"start":{"line":24,"column":13},"end":{"line":24,"column":19}},"4":{"start":{"line":25,"column":2},"end":{"line":32,"column":3}},"5":{"start":{"line":26,"column":19},"end":{"line":26,"column":93}},"6":{"start":{"line":27,"column":17},"end":{"line":27,"column":28}},"7":{"start":{"line":28,"column":4},"end":{"line":28,"column":19}},"8":{"start":{"line":30,"column":4},"end":{"line":30,"column":61}},"9":{"start":{"line":31,"column":4},"end":{"line":31,"column":54}},"10":{"start":{"line":58,"column":0},"end":{"line":73,"column":3}},"11":{"start":{"line":59,"column":13},"end":{"line":59,"column":19}},"12":{"start":{"line":60,"column":17},"end":{"line":60,"column":27}},"13":{"start":{"line":61,"column":2},"end":{"line":72,"column":3}},"14":{"start":{"line":62,"column":19},"end":{"line":62,"column":105}},"15":{"start":{"line":63,"column":17},"end":{"line":63,"column":28}},"16":{"start":{"line":65,"column":4},"end":{"line":67,"column":5}},"17":{"start":{"line":66,"column":6},"end":{"line":66,"column":75}},"18":{"start":{"line":68,"column":4},"end":{"line":68,"column":22}},"19":{"start":{"line":70,"column":4},"end":{"line":70,"column":56}},"20":{"start":{"line":71,"column":4},"end":{"line":71,"column":49}},"21":{"start":{"line":129,"column":0},"end":{"line":201,"column":3}},"22":{"start":{"line":130,"column":13},"end":{"line":130,"column":19}},"23":{"start":{"line":151,"column":6},"end":{"line":151,"column":14}},"24":{"start":{"line":153,"column":2},"end":{"line":155,"column":3}},"25":{"start":{"line":154,"column":4},"end":{"line":154,"column":89}},"26":{"start":{"line":157,"column":2},"end":{"line":200,"column":3}},"27":{"start":{"line":158,"column":18},"end":{"line":170,"column":5}},"28":{"start":{"line":172,"column":19},"end":{"line":192,"column":5}},"29":{"start":{"line":194,"column":19},"end":{"line":194,"column":48}},"30":{"start":{"line":196,"column":4},"end":{"line":196,"column":41}},"31":{"start":{"line":198,"column":4},"end":{"line":198,"column":50}},"32":{"start":{"line":199,"column":4},"end":{"line":199,"column":49}},"33":{"start":{"line":260,"column":0},"end":{"line":342,"column":3}},"34":{"start":{"line":261,"column":13},"end":{"line":261,"column":19}},"35":{"start":{"line":262,"column":17},"end":{"line":262,"column":27}},"36":{"start":{"line":280,"column":6},"end":{"line":280,"column":14}},"37":{"start":{"line":282,"column":2},"end":{"line":284,"column":3}},"38":{"start":{"line":283,"column":4},"end":{"line":283,"column":89}},"39":{"start":{"line":286,"column":2},"end":{"line":341,"column":3}},"40":{"start":{"line":287,"column":18},"end":{"line":309,"column":5}},"41":{"start":{"line":311,"column":19},"end":{"line":329,"column":5}},"42":{"start":{"line":331,"column":19},"end":{"line":331,"column":48}},"43":{"start":{"line":333,"column":4},"end":{"line":335,"column":5}},"44":{"start":{"line":334,"column":6},"end":{"line":334,"column":75}},"45":{"start":{"line":337,"column":4},"end":{"line":337,"column":29}},"46":{"start":{"line":339,"column":4},"end":{"line":339,"column":50}},"47":{"start":{"line":340,"column":4},"end":{"line":340,"column":49}},"48":{"start":{"line":365,"column":0},"end":{"line":384,"column":3}},"49":{"start":{"line":366,"column":13},"end":{"line":366,"column":19}},"50":{"start":{"line":367,"column":17},"end":{"line":367,"column":27}},"51":{"start":{"line":369,"column":2},"end":{"line":383,"column":3}},"52":{"start":{"line":370,"column":19},"end":{"line":373,"column":5}},"53":{"start":{"line":375,"column":4},"end":{"line":377,"column":5}},"54":{"start":{"line":376,"column":6},"end":{"line":376,"column":75}},"55":{"start":{"line":379,"column":4},"end":{"line":379,"column":67}},"56":{"start":{"line":381,"column":4},"end":{"line":381,"column":50}},"57":{"start":{"line":382,"column":4},"end":{"line":382,"column":49}},"58":{"start":{"line":405,"column":0},"end":{"line":419,"column":3}},"59":{"start":{"line":406,"column":13},"end":{"line":406,"column":19}},"60":{"start":{"line":407,"column":21},"end":{"line":407,"column":31}},"61":{"start":{"line":409,"column":2},"end":{"line":418,"column":3}},"62":{"start":{"line":410,"column":19},"end":{"line":413,"column":5}},"63":{"start":{"line":414,"column":4},"end":{"line":414,"column":26}},"64":{"start":{"line":416,"column":4},"end":{"line":416,"column":61}},"65":{"start":{"line":417,"column":4},"end":{"line":417,"column":54}},"66":{"start":{"line":440,"column":0},"end":{"line":454,"column":3}},"67":{"start":{"line":441,"column":13},"end":{"line":441,"column":19}},"68":{"start":{"line":442,"column":21},"end":{"line":442,"column":31}},"69":{"start":{"line":444,"column":2},"end":{"line":453,"column":3}},"70":{"start":{"line":445,"column":19},"end":{"line":448,"column":5}},"71":{"start":{"line":449,"column":4},"end":{"line":449,"column":26}},"72":{"start":{"line":451,"column":4},"end":{"line":451,"column":61}},"73":{"start":{"line":452,"column":4},"end":{"line":452,"column":54}},"74":{"start":{"line":474,"column":0},"end":{"line":495,"column":3}},"75":{"start":{"line":475,"column":13},"end":{"line":475,"column":19}},"76":{"start":{"line":476,"column":20},"end":{"line":476,"column":29}},"77":{"start":{"line":478,"column":2},"end":{"line":480,"column":3}},"78":{"start":{"line":479,"column":4},"end":{"line":479,"column":71}},"79":{"start":{"line":482,"column":2},"end":{"line":494,"column":3}},"80":{"start":{"line":483,"column":19},"end":{"line":489,"column":5}},"81":{"start":{"line":490,"column":4},"end":{"line":490,"column":26}},"82":{"start":{"line":492,"column":4},"end":{"line":492,"column":61}},"83":{"start":{"line":493,"column":4},"end":{"line":493,"column":54}},"84":{"start":{"line":497,"column":0},"end":{"line":497,"column":24}}},"fnMap":{"0":{"name":"(anonymous_0)","decl":{"start":{"line":23,"column":33},"end":{"line":23,"column":34}},"loc":{"start":{"line":23,"column":53},"end":{"line":33,"column":1}},"line":23},"1":{"name":"(anonymous_1)","decl":{"start":{"line":58,"column":37},"end":{"line":58,"column":38}},"loc":{"start":{"line":58,"column":57},"end":{"line":73,"column":1}},"line":58},"2":{"name":"(anonymous_2)","decl":{"start":{"line":129,"column":34},"end":{"line":129,"column":35}},"loc":{"start":{"line":129,"column":54},"end":{"line":201,"column":1}},"line":129},"3":{"name":"(anonymous_3)","decl":{"start":{"line":260,"column":37},"end":{"line":260,"column":38}},"loc":{"start":{"line":260,"column":57},"end":{"line":342,"column":1}},"line":260},"4":{"name":"(anonymous_4)","decl":{"start":{"line":365,"column":40},"end":{"line":365,"column":41}},"loc":{"start":{"line":365,"column":60},"end":{"line":384,"column":1}},"line":365},"5":{"name":"(anonymous_5)","decl":{"start":{"line":405,"column":46},"end":{"line":405,"column":47}},"loc":{"start":{"line":405,"column":66},"end":{"line":419,"column":1}},"line":405},"6":{"name":"(anonymous_6)","decl":{"start":{"line":440,"column":48},"end":{"line":440,"column":49}},"loc":{"start":{"line":440,"column":68},"end":{"line":454,"column":1}},"line":440},"7":{"name":"(anonymous_7)","decl":{"start":{"line":474,"column":40},"end":{"line":474,"column":41}},"loc":{"start":{"line":474,"column":60},"end":{"line":495,"column":1}},"line":474}},"branchMap":{"0":{"loc":{"start":{"line":65,"column":4},"end":{"line":67,"column":5}},"type":"if","locations":[{"start":{"line":65,"column":4},"end":{"line":67,"column":5}},{"start":{},"end":{}}],"line":65},"1":{"loc":{"start":{"line":153,"column":2},"end":{"line":155,"column":3}},"type":"if","locations":[{"start":{"line":153,"column":2},"end":{"line":155,"column":3}},{"start":{},"end":{}}],"line":153},"2":{"loc":{"start":{"line":153,"column":6},"end":{"line":153,"column":36}},"type":"binary-expr","locations":[{"start":{"line":153,"column":6},"end":{"line":153,"column":14}},{"start":{"line":153,"column":18},"end":{"line":153,"column":36}}],"line":153},"3":{"loc":{"start":{"line":180,"column":6},"end":{"line":180,"column":30}},"type":"binary-expr","locations":[{"start":{"line":180,"column":6},"end":{"line":180,"column":20}},{"start":{"line":180,"column":24},"end":{"line":180,"column":30}}],"line":180},"4":{"loc":{"start":{"line":190,"column":6},"end":{"line":190,"column":23}},"type":"binary-expr","locations":[{"start":{"line":190,"column":6},"end":{"line":190,"column":12}},{"start":{"line":190,"column":16},"end":{"line":190,"column":23}}],"line":190},"5":{"loc":{"start":{"line":282,"column":2},"end":{"line":284,"column":3}},"type":"if","locations":[{"start":{"line":282,"column":2},"end":{"line":284,"column":3}},{"start":{},"end":{}}],"line":282},"6":{"loc":{"start":{"line":282,"column":6},"end":{"line":282,"column":36}},"type":"binary-expr","locations":[{"start":{"line":282,"column":6},"end":{"line":282,"column":14}},{"start":{"line":282,"column":18},"end":{"line":282,"column":36}}],"line":282},"7":{"loc":{"start":{"line":326,"column":6},"end":{"line":326,"column":23}},"type":"binary-expr","locations":[{"start":{"line":326,"column":6},"end":{"line":326,"column":12}},{"start":{"line":326,"column":16},"end":{"line":326,"column":23}}],"line":326},"8":{"loc":{"start":{"line":333,"column":4},"end":{"line":335,"column":5}},"type":"if","locations":[{"start":{"line":333,"column":4},"end":{"line":335,"column":5}},{"start":{},"end":{}}],"line":333},"9":{"loc":{"start":{"line":375,"column":4},"end":{"line":377,"column":5}},"type":"if","locations":[{"start":{"line":375,"column":4},"end":{"line":377,"column":5}},{"start":{},"end":{}}],"line":375},"10":{"loc":{"start":{"line":478,"column":2},"end":{"line":480,"column":3}},"type":"if","locations":[{"start":{"line":478,"column":2},"end":{"line":480,"column":3}},{"start":{},"end":{}}],"line":478}},"s":{"0":1,"1":1,"2":1,"3":2,"4":2,"5":2,"6":1,"7":1,"8":1,"9":1,"10":1,"11":7,"12":7,"13":7,"14":7,"15":5,"16":5,"17":2,"18":3,"19":2,"20":2,"21":1,"22":4,"23":4,"24":4,"25":1,"26":3,"27":3,"28":3,"29":3,"30":2,"31":1,"32":1,"33":1,"34":4,"35":4,"36":4,"37":4,"38":1,"39":3,"40":3,"41":3,"42":3,"43":3,"44":1,"45":2,"46":0,"47":0,"48":1,"49":3,"50":3,"51":3,"52":3,"53":2,"54":1,"55":1,"56":1,"57":1,"58":1,"59":2,"60":2,"61":2,"62":2,"63":2,"64":0,"65":0,"66":1,"67":2,"68":2,"69":2,"70":2,"71":2,"72":0,"73":0,"74":1,"75":0,"76":0,"77":0,"78":0,"79":0,"80":0,"81":0,"82":0,"83":0,"84":1},"f":{"0":2,"1":7,"2":4,"3":4,"4":3,"5":2,"6":2,"7":0},"b":{"0":[2,3],"1":[1,3],"2":[4,3],"3":[3,2],"4":[3,2],"5":[1,3],"6":[4,3],"7":[3,2],"8":[1,2],"9":[1,1],"10":[0,0]},"inputSourceMap":null,"_coverageSchema":"1a1c01bbd47fc00a2c39e90264f33305004495a9","hash":"b9ab840871a6f77ced51e41989ccda77aa896aaa"}
,"C:\\Users\\sande\\Desktop\\cspl\\ado-repos\\Construction\\Source\\constructions-be\\routes\\project_boq_route.js": {"path":"C:\\Users\\sande\\Desktop\\cspl\\ado-repos\\Construction\\Source\\constructions-be\\routes\\project_boq_route.js","statementMap":{"0":{"start":{"line":1,"column":16},"end":{"line":1,"column":34}},"1":{"start":{"line":2,"column":15},"end":{"line":2,"column":31}},"2":{"start":{"line":66,"column":0},"end":{"line":90,"column":3}},"3":{"start":{"line":67,"column":13},"end":{"line":67,"column":19}},"4":{"start":{"line":68,"column":16},"end":{"line":68,"column":48}},"5":{"start":{"line":69,"column":17},"end":{"line":69,"column":48}},"6":{"start":{"line":71,"column":2},"end":{"line":89,"column":3}},"7":{"start":{"line":73,"column":24},"end":{"line":73,"column":83}},"8":{"start":{"line":74,"column":18},"end":{"line":74,"column":53}},"9":{"start":{"line":77,"column":19},"end":{"line":80,"column":5}},"10":{"start":{"line":82,"column":4},"end":{"line":85,"column":7}},"11":{"start":{"line":87,"column":4},"end":{"line":87,"column":61}},"12":{"start":{"line":88,"column":4},"end":{"line":88,"column":54}},"13":{"start":{"line":115,"column":0},"end":{"line":130,"column":3}},"14":{"start":{"line":116,"column":13},"end":{"line":116,"column":19}},"15":{"start":{"line":117,"column":17},"end":{"line":117,"column":27}},"16":{"start":{"line":118,"column":2},"end":{"line":129,"column":3}},"17":{"start":{"line":119,"column":19},"end":{"line":119,"column":86}},"18":{"start":{"line":120,"column":17},"end":{"line":120,"column":28}},"19":{"start":{"line":122,"column":4},"end":{"line":124,"column":5}},"20":{"start":{"line":123,"column":6},"end":{"line":123,"column":68}},"21":{"start":{"line":125,"column":4},"end":{"line":125,"column":22}},"22":{"start":{"line":127,"column":4},"end":{"line":127,"column":56}},"23":{"start":{"line":128,"column":4},"end":{"line":128,"column":49}},"24":{"start":{"line":194,"column":0},"end":{"line":300,"column":3}},"25":{"start":{"line":195,"column":13},"end":{"line":195,"column":19}},"26":{"start":{"line":215,"column":6},"end":{"line":215,"column":14}},"27":{"start":{"line":218,"column":2},"end":{"line":220,"column":3}},"28":{"start":{"line":219,"column":4},"end":{"line":219,"column":105}},"29":{"start":{"line":222,"column":2},"end":{"line":299,"column":3}},"30":{"start":{"line":224,"column":25},"end":{"line":224,"column":110}},"31":{"start":{"line":225,"column":4},"end":{"line":227,"column":5}},"32":{"start":{"line":226,"column":6},"end":{"line":226,"column":74}},"33":{"start":{"line":229,"column":25},"end":{"line":229,"column":110}},"34":{"start":{"line":230,"column":4},"end":{"line":232,"column":5}},"35":{"start":{"line":231,"column":6},"end":{"line":231,"column":74}},"36":{"start":{"line":234,"column":22},"end":{"line":234,"column":95}},"37":{"start":{"line":235,"column":4},"end":{"line":237,"column":5}},"38":{"start":{"line":236,"column":6},"end":{"line":236,"column":71}},"39":{"start":{"line":239,"column":19},"end":{"line":287,"column":5}},"40":{"start":{"line":289,"column":4},"end":{"line":289,"column":41}},"41":{"start":{"line":293,"column":4},"end":{"line":297,"column":5}},"42":{"start":{"line":294,"column":6},"end":{"line":296,"column":9}},"43":{"start":{"line":298,"column":4},"end":{"line":298,"column":49}},"44":{"start":{"line":346,"column":0},"end":{"line":441,"column":3}},"45":{"start":{"line":347,"column":13},"end":{"line":347,"column":19}},"46":{"start":{"line":348,"column":17},"end":{"line":348,"column":27}},"47":{"start":{"line":367,"column":6},"end":{"line":367,"column":14}},"48":{"start":{"line":370,"column":2},"end":{"line":372,"column":3}},"49":{"start":{"line":371,"column":4},"end":{"line":371,"column":105}},"50":{"start":{"line":374,"column":2},"end":{"line":440,"column":3}},"51":{"start":{"line":376,"column":24},"end":{"line":376,"column":96}},"52":{"start":{"line":377,"column":4},"end":{"line":379,"column":5}},"53":{"start":{"line":378,"column":6},"end":{"line":378,"column":68}},"54":{"start":{"line":382,"column":4},"end":{"line":386,"column":5}},"55":{"start":{"line":383,"column":6},"end":{"line":385,"column":9}},"56":{"start":{"line":388,"column":19},"end":{"line":429,"column":5}},"57":{"start":{"line":431,"column":4},"end":{"line":431,"column":29}},"58":{"start":{"line":434,"column":4},"end":{"line":438,"column":5}},"59":{"start":{"line":435,"column":6},"end":{"line":437,"column":9}},"60":{"start":{"line":439,"column":4},"end":{"line":439,"column":49}},"61":{"start":{"line":466,"column":0},"end":{"line":490,"column":3}},"62":{"start":{"line":467,"column":13},"end":{"line":467,"column":19}},"63":{"start":{"line":468,"column":17},"end":{"line":468,"column":27}},"64":{"start":{"line":470,"column":2},"end":{"line":489,"column":3}},"65":{"start":{"line":472,"column":24},"end":{"line":472,"column":96}},"66":{"start":{"line":473,"column":4},"end":{"line":475,"column":5}},"67":{"start":{"line":474,"column":6},"end":{"line":474,"column":68}},"68":{"start":{"line":478,"column":4},"end":{"line":482,"column":5}},"69":{"start":{"line":479,"column":6},"end":{"line":481,"column":9}},"70":{"start":{"line":484,"column":19},"end":{"line":484,"column":84}},"71":{"start":{"line":486,"column":4},"end":{"line":486,"column":60}},"72":{"start":{"line":488,"column":4},"end":{"line":488,"column":49}},"73":{"start":{"line":518,"column":0},"end":{"line":539,"column":3}},"74":{"start":{"line":519,"column":13},"end":{"line":519,"column":19}},"75":{"start":{"line":520,"column":24},"end":{"line":520,"column":34}},"76":{"start":{"line":521,"column":21},"end":{"line":521,"column":30}},"77":{"start":{"line":523,"column":2},"end":{"line":538,"column":3}},"78":{"start":{"line":524,"column":16},"end":{"line":524,"column":65}},"79":{"start":{"line":525,"column":24},"end":{"line":525,"column":35}},"80":{"start":{"line":527,"column":4},"end":{"line":530,"column":5}},"81":{"start":{"line":528,"column":6},"end":{"line":528,"column":34}},"82":{"start":{"line":529,"column":6},"end":{"line":529,"column":31}},"83":{"start":{"line":532,"column":4},"end":{"line":532,"column":37}},"84":{"start":{"line":534,"column":19},"end":{"line":534,"column":53}},"85":{"start":{"line":535,"column":4},"end":{"line":535,"column":26}},"86":{"start":{"line":537,"column":4},"end":{"line":537,"column":54}},"87":{"start":{"line":562,"column":0},"end":{"line":575,"column":3}},"88":{"start":{"line":563,"column":13},"end":{"line":563,"column":19}},"89":{"start":{"line":564,"column":24},"end":{"line":564,"column":34}},"90":{"start":{"line":566,"column":2},"end":{"line":574,"column":3}},"91":{"start":{"line":567,"column":19},"end":{"line":570,"column":5}},"92":{"start":{"line":571,"column":4},"end":{"line":571,"column":26}},"93":{"start":{"line":573,"column":4},"end":{"line":573,"column":54}},"94":{"start":{"line":598,"column":0},"end":{"line":611,"column":3}},"95":{"start":{"line":599,"column":13},"end":{"line":599,"column":19}},"96":{"start":{"line":600,"column":21},"end":{"line":600,"column":31}},"97":{"start":{"line":602,"column":2},"end":{"line":610,"column":3}},"98":{"start":{"line":603,"column":19},"end":{"line":606,"column":5}},"99":{"start":{"line":607,"column":4},"end":{"line":607,"column":26}},"100":{"start":{"line":609,"column":4},"end":{"line":609,"column":54}},"101":{"start":{"line":634,"column":0},"end":{"line":647,"column":3}},"102":{"start":{"line":635,"column":13},"end":{"line":635,"column":19}},"103":{"start":{"line":636,"column":21},"end":{"line":636,"column":31}},"104":{"start":{"line":638,"column":2},"end":{"line":646,"column":3}},"105":{"start":{"line":639,"column":19},"end":{"line":642,"column":5}},"106":{"start":{"line":643,"column":4},"end":{"line":643,"column":26}},"107":{"start":{"line":645,"column":4},"end":{"line":645,"column":54}},"108":{"start":{"line":683,"column":0},"end":{"line":724,"column":3}},"109":{"start":{"line":684,"column":13},"end":{"line":684,"column":19}},"110":{"start":{"line":685,"column":17},"end":{"line":685,"column":27}},"111":{"start":{"line":686,"column":26},"end":{"line":686,"column":34}},"112":{"start":{"line":688,"column":2},"end":{"line":690,"column":3}},"113":{"start":{"line":689,"column":4},"end":{"line":689,"column":73}},"114":{"start":{"line":692,"column":2},"end":{"line":723,"column":3}},"115":{"start":{"line":694,"column":24},"end":{"line":694,"column":96}},"116":{"start":{"line":695,"column":4},"end":{"line":697,"column":5}},"117":{"start":{"line":696,"column":6},"end":{"line":696,"column":68}},"118":{"start":{"line":700,"column":26},"end":{"line":700,"column":115}},"119":{"start":{"line":701,"column":4},"end":{"line":703,"column":5}},"120":{"start":{"line":702,"column":6},"end":{"line":702,"column":75}},"121":{"start":{"line":705,"column":19},"end":{"line":713,"column":5}},"122":{"start":{"line":715,"column":4},"end":{"line":715,"column":29}},"123":{"start":{"line":717,"column":4},"end":{"line":721,"column":5}},"124":{"start":{"line":718,"column":6},"end":{"line":720,"column":9}},"125":{"start":{"line":722,"column":4},"end":{"line":722,"column":49}},"126":{"start":{"line":766,"column":0},"end":{"line":860,"column":3}},"127":{"start":{"line":767,"column":13},"end":{"line":767,"column":19}},"128":{"start":{"line":768,"column":17},"end":{"line":768,"column":27}},"129":{"start":{"line":769,"column":55},"end":{"line":769,"column":63}},"130":{"start":{"line":771,"column":2},"end":{"line":773,"column":3}},"131":{"start":{"line":772,"column":4},"end":{"line":772,"column":72}},"132":{"start":{"line":775,"column":2},"end":{"line":859,"column":3}},"133":{"start":{"line":777,"column":4},"end":{"line":777,"column":28}},"134":{"start":{"line":780,"column":24},"end":{"line":783,"column":5}},"135":{"start":{"line":785,"column":4},"end":{"line":788,"column":5}},"136":{"start":{"line":786,"column":6},"end":{"line":786,"column":33}},"137":{"start":{"line":787,"column":6},"end":{"line":787,"column":68}},"138":{"start":{"line":790,"column":21},"end":{"line":790,"column":40}},"139":{"start":{"line":791,"column":28},"end":{"line":791,"column":57}},"140":{"start":{"line":792,"column":24},"end":{"line":792,"column":43}},"141":{"start":{"line":795,"column":19},"end":{"line":843,"column":5}},"142":{"start":{"line":846,"column":4},"end":{"line":846,"column":29}},"143":{"start":{"line":848,"column":4},"end":{"line":848,"column":41}},"144":{"start":{"line":851,"column":4},"end":{"line":851,"column":31}},"145":{"start":{"line":853,"column":4},"end":{"line":857,"column":5}},"146":{"start":{"line":854,"column":6},"end":{"line":856,"column":9}},"147":{"start":{"line":858,"column":4},"end":{"line":858,"column":49}},"148":{"start":{"line":885,"column":0},"end":{"line":915,"column":3}},"149":{"start":{"line":886,"column":13},"end":{"line":886,"column":19}},"150":{"start":{"line":887,"column":17},"end":{"line":887,"column":27}},"151":{"start":{"line":889,"column":2},"end":{"line":914,"column":3}},"152":{"start":{"line":890,"column":19},"end":{"line":905,"column":5}},"153":{"start":{"line":907,"column":4},"end":{"line":909,"column":5}},"154":{"start":{"line":908,"column":6},"end":{"line":908,"column":68}},"155":{"start":{"line":911,"column":4},"end":{"line":911,"column":29}},"156":{"start":{"line":913,"column":4},"end":{"line":913,"column":54}},"157":{"start":{"line":938,"column":0},"end":{"line":990,"column":3}},"158":{"start":{"line":939,"column":13},"end":{"line":939,"column":19}},"159":{"start":{"line":940,"column":24},"end":{"line":940,"column":34}},"160":{"start":{"line":942,"column":2},"end":{"line":989,"column":3}},"161":{"start":{"line":944,"column":25},"end":{"line":944,"column":123}},"162":{"start":{"line":945,"column":4},"end":{"line":947,"column":5}},"163":{"start":{"line":946,"column":6},"end":{"line":946,"column":66}},"164":{"start":{"line":949,"column":24},"end":{"line":949,"column":57}},"165":{"start":{"line":951,"column":19},"end":{"line":964,"column":5}},"166":{"start":{"line":967,"column":4},"end":{"line":978,"column":5}},"167":{"start":{"line":968,"column":6},"end":{"line":977,"column":9}},"168":{"start":{"line":981,"column":20},"end":{"line":984,"column":5}},"169":{"start":{"line":986,"column":4},"end":{"line":986,"column":22}},"170":{"start":{"line":988,"column":4},"end":{"line":988,"column":54}},"171":{"start":{"line":1013,"column":0},"end":{"line":1036,"column":3}},"172":{"start":{"line":1014,"column":13},"end":{"line":1014,"column":19}},"173":{"start":{"line":1015,"column":24},"end":{"line":1015,"column":34}},"174":{"start":{"line":1017,"column":2},"end":{"line":1035,"column":3}},"175":{"start":{"line":1018,"column":19},"end":{"line":1030,"column":5}},"176":{"start":{"line":1032,"column":4},"end":{"line":1032,"column":26}},"177":{"start":{"line":1034,"column":4},"end":{"line":1034,"column":54}},"178":{"start":{"line":1059,"column":0},"end":{"line":1083,"column":3}},"179":{"start":{"line":1060,"column":13},"end":{"line":1060,"column":19}},"180":{"start":{"line":1061,"column":24},"end":{"line":1061,"column":34}},"181":{"start":{"line":1063,"column":2},"end":{"line":1082,"column":3}},"182":{"start":{"line":1064,"column":19},"end":{"line":1077,"column":5}},"183":{"start":{"line":1079,"column":4},"end":{"line":1079,"column":26}},"184":{"start":{"line":1081,"column":4},"end":{"line":1081,"column":54}},"185":{"start":{"line":1130,"column":0},"end":{"line":1202,"column":3}},"186":{"start":{"line":1131,"column":13},"end":{"line":1131,"column":19}},"187":{"start":{"line":1132,"column":22},"end":{"line":1132,"column":30}},"188":{"start":{"line":1134,"column":2},"end":{"line":1136,"column":3}},"189":{"start":{"line":1135,"column":4},"end":{"line":1135,"column":78}},"190":{"start":{"line":1139,"column":2},"end":{"line":1146,"column":3}},"191":{"start":{"line":1139,"column":15},"end":{"line":1139,"column":16}},"192":{"start":{"line":1140,"column":18},"end":{"line":1140,"column":28}},"193":{"start":{"line":1141,"column":4},"end":{"line":1145,"column":5}},"194":{"start":{"line":1142,"column":6},"end":{"line":1144,"column":9}},"195":{"start":{"line":1148,"column":2},"end":{"line":1201,"column":3}},"196":{"start":{"line":1150,"column":4},"end":{"line":1150,"column":28}},"197":{"start":{"line":1152,"column":27},"end":{"line":1152,"column":29}},"198":{"start":{"line":1155,"column":4},"end":{"line":1185,"column":5}},"199":{"start":{"line":1156,"column":21},"end":{"line":1182,"column":7}},"200":{"start":{"line":1184,"column":6},"end":{"line":1184,"column":42}},"201":{"start":{"line":1188,"column":4},"end":{"line":1188,"column":29}},"202":{"start":{"line":1190,"column":4},"end":{"line":1190,"column":41}},"203":{"start":{"line":1193,"column":4},"end":{"line":1193,"column":31}},"204":{"start":{"line":1195,"column":4},"end":{"line":1199,"column":5}},"205":{"start":{"line":1196,"column":6},"end":{"line":1198,"column":9}},"206":{"start":{"line":1200,"column":4},"end":{"line":1200,"column":49}},"207":{"start":{"line":1242,"column":0},"end":{"line":1352,"column":3}},"208":{"start":{"line":1243,"column":13},"end":{"line":1243,"column":19}},"209":{"start":{"line":1244,"column":74},"end":{"line":1244,"column":82}},"210":{"start":{"line":1246,"column":2},"end":{"line":1250,"column":3}},"211":{"start":{"line":1247,"column":4},"end":{"line":1249,"column":7}},"212":{"start":{"line":1252,"column":2},"end":{"line":1351,"column":3}},"213":{"start":{"line":1254,"column":4},"end":{"line":1254,"column":28}},"214":{"start":{"line":1256,"column":27},"end":{"line":1256,"column":29}},"215":{"start":{"line":1259,"column":25},"end":{"line":1259,"column":110}},"216":{"start":{"line":1260,"column":4},"end":{"line":1263,"column":5}},"217":{"start":{"line":1261,"column":6},"end":{"line":1261,"column":33}},"218":{"start":{"line":1262,"column":6},"end":{"line":1262,"column":74}},"219":{"start":{"line":1266,"column":22},"end":{"line":1266,"column":95}},"220":{"start":{"line":1267,"column":4},"end":{"line":1270,"column":5}},"221":{"start":{"line":1268,"column":6},"end":{"line":1268,"column":33}},"222":{"start":{"line":1269,"column":6},"end":{"line":1269,"column":71}},"223":{"start":{"line":1273,"column":4},"end":{"line":1335,"column":5}},"224":{"start":{"line":1275,"column":25},"end":{"line":1278,"column":7}},"225":{"start":{"line":1280,"column":6},"end":{"line":1282,"column":7}},"226":{"start":{"line":1281,"column":8},"end":{"line":1281,"column":17}},"227":{"start":{"line":1284,"column":19},"end":{"line":1284,"column":37}},"228":{"start":{"line":1288,"column":8},"end":{"line":1289,"column":61}},"229":{"start":{"line":1291,"column":6},"end":{"line":1293,"column":7}},"230":{"start":{"line":1292,"column":8},"end":{"line":1292,"column":17}},"231":{"start":{"line":1296,"column":21},"end":{"line":1332,"column":7}},"232":{"start":{"line":1334,"column":6},"end":{"line":1334,"column":42}},"233":{"start":{"line":1338,"column":4},"end":{"line":1338,"column":29}},"234":{"start":{"line":1340,"column":4},"end":{"line":1340,"column":41}},"235":{"start":{"line":1343,"column":4},"end":{"line":1343,"column":31}},"236":{"start":{"line":1345,"column":4},"end":{"line":1349,"column":5}},"237":{"start":{"line":1346,"column":6},"end":{"line":1348,"column":9}},"238":{"start":{"line":1350,"column":4},"end":{"line":1350,"column":49}},"239":{"start":{"line":1392,"column":0},"end":{"line":1500,"column":3}},"240":{"start":{"line":1393,"column":13},"end":{"line":1393,"column":19}},"241":{"start":{"line":1394,"column":74},"end":{"line":1394,"column":82}},"242":{"start":{"line":1396,"column":2},"end":{"line":1400,"column":3}},"243":{"start":{"line":1397,"column":4},"end":{"line":1399,"column":7}},"244":{"start":{"line":1402,"column":2},"end":{"line":1499,"column":3}},"245":{"start":{"line":1404,"column":4},"end":{"line":1404,"column":28}},"246":{"start":{"line":1406,"column":27},"end":{"line":1406,"column":29}},"247":{"start":{"line":1409,"column":25},"end":{"line":1409,"column":110}},"248":{"start":{"line":1410,"column":4},"end":{"line":1413,"column":5}},"249":{"start":{"line":1411,"column":6},"end":{"line":1411,"column":33}},"250":{"start":{"line":1412,"column":6},"end":{"line":1412,"column":74}},"251":{"start":{"line":1416,"column":22},"end":{"line":1416,"column":95}},"252":{"start":{"line":1417,"column":4},"end":{"line":1420,"column":5}},"253":{"start":{"line":1418,"column":6},"end":{"line":1418,"column":33}},"254":{"start":{"line":1419,"column":6},"end":{"line":1419,"column":71}},"255":{"start":{"line":1423,"column":4},"end":{"line":1483,"column":5}},"256":{"start":{"line":1425,"column":25},"end":{"line":1428,"column":7}},"257":{"start":{"line":1430,"column":6},"end":{"line":1432,"column":7}},"258":{"start":{"line":1431,"column":8},"end":{"line":1431,"column":17}},"259":{"start":{"line":1434,"column":19},"end":{"line":1434,"column":37}},"260":{"start":{"line":1437,"column":6},"end":{"line":1439,"column":7}},"261":{"start":{"line":1438,"column":8},"end":{"line":1438,"column":17}},"262":{"start":{"line":1442,"column":21},"end":{"line":1480,"column":7}},"263":{"start":{"line":1482,"column":6},"end":{"line":1482,"column":42}},"264":{"start":{"line":1486,"column":4},"end":{"line":1486,"column":29}},"265":{"start":{"line":1488,"column":4},"end":{"line":1488,"column":41}},"266":{"start":{"line":1491,"column":4},"end":{"line":1491,"column":31}},"267":{"start":{"line":1493,"column":4},"end":{"line":1497,"column":5}},"268":{"start":{"line":1494,"column":6},"end":{"line":1496,"column":9}},"269":{"start":{"line":1498,"column":4},"end":{"line":1498,"column":49}},"270":{"start":{"line":1530,"column":0},"end":{"line":1654,"column":3}},"271":{"start":{"line":1531,"column":13},"end":{"line":1531,"column":19}},"272":{"start":{"line":1532,"column":24},"end":{"line":1532,"column":34}},"273":{"start":{"line":1533,"column":21},"end":{"line":1533,"column":30}},"274":{"start":{"line":1535,"column":2},"end":{"line":1653,"column":3}},"275":{"start":{"line":1537,"column":25},"end":{"line":1540,"column":5}},"276":{"start":{"line":1542,"column":4},"end":{"line":1544,"column":5}},"277":{"start":{"line":1543,"column":6},"end":{"line":1543,"column":66}},"278":{"start":{"line":1546,"column":20},"end":{"line":1546,"column":40}},"279":{"start":{"line":1549,"column":16},"end":{"line":1574,"column":5}},"280":{"start":{"line":1576,"column":24},"end":{"line":1576,"column":35}},"281":{"start":{"line":1578,"column":4},"end":{"line":1581,"column":5}},"282":{"start":{"line":1579,"column":6},"end":{"line":1579,"column":36}},"283":{"start":{"line":1580,"column":6},"end":{"line":1580,"column":31}},"284":{"start":{"line":1583,"column":4},"end":{"line":1583,"column":90}},"285":{"start":{"line":1585,"column":19},"end":{"line":1585,"column":53}},"286":{"start":{"line":1588,"column":26},"end":{"line":1588,"column":28}},"287":{"start":{"line":1589,"column":22},"end":{"line":1589,"column":23}},"288":{"start":{"line":1591,"column":4},"end":{"line":1625,"column":7}},"289":{"start":{"line":1592,"column":25},"end":{"line":1592,"column":72}},"290":{"start":{"line":1594,"column":6},"end":{"line":1601,"column":7}},"291":{"start":{"line":1595,"column":8},"end":{"line":1600,"column":10}},"292":{"start":{"line":1603,"column":6},"end":{"line":1618,"column":9}},"293":{"start":{"line":1621,"column":6},"end":{"line":1624,"column":7}},"294":{"start":{"line":1622,"column":8},"end":{"line":1622,"column":80}},"295":{"start":{"line":1623,"column":8},"end":{"line":1623,"column":52}},"296":{"start":{"line":1628,"column":21},"end":{"line":1628,"column":49}},"297":{"start":{"line":1631,"column":19},"end":{"line":1648,"column":5}},"298":{"start":{"line":1643,"column":41},"end":{"line":1643,"column":63}},"299":{"start":{"line":1644,"column":44},"end":{"line":1644,"column":69}},"300":{"start":{"line":1645,"column":43},"end":{"line":1645,"column":67}},"301":{"start":{"line":1650,"column":4},"end":{"line":1650,"column":21}},"302":{"start":{"line":1652,"column":4},"end":{"line":1652,"column":54}},"303":{"start":{"line":1656,"column":0},"end":{"line":1656,"column":24}}},"fnMap":{"0":{"name":"(anonymous_0)","decl":{"start":{"line":66,"column":19},"end":{"line":66,"column":20}},"loc":{"start":{
[...]
":237,"column":5}},{"start":{"line":235,"column":11},"end":{"line":237,"column":5}}],"line":229},"6":{"loc":{"start":{"line":229,"column":8},"end":{"line":229,"column":70}},"type":"binary-expr","locations":[{"start":{"line":229,"column":8},"end":{"line":229,"column":27}},{"start":{"line":229,"column":31},"end":{"line":229,"column":70}}],"line":229},"7":{"loc":{"start":{"line":235,"column":11},"end":{"line":237,"column":5}},"type":"if","locations":[{"start":{"line":235,"column":11},"end":{"line":237,"column":5}},{"start":{},"end":{}}],"line":235},"8":{"loc":{"start":{"line":288,"column":4},"end":{"line":290,"column":5}},"type":"if","locations":[{"start":{"line":288,"column":4},"end":{"line":290,"column":5}},{"start":{},"end":{}}],"line":288},"9":{"loc":{"start":{"line":288,"column":8},"end":{"line":288,"column":58}},"type":"binary-expr","locations":[{"start":{"line":288,"column":8},"end":{"line":288,"column":23}},{"start":{"line":288,"column":27},"end":{"line":288,"column":58}}],"line":288},"10":{"loc":{"start":{"line":320,"column":4},"end":{"line":322,"column":5}},"type":"if","locations":[{"start":{"line":320,"column":4},"end":{"line":322,"column":5}},{"start":{},"end":{}}],"line":320},"11":{"loc":{"start":{"line":323,"column":4},"end":{"line":325,"column":5}},"type":"if","locations":[{"start":{"line":323,"column":4},"end":{"line":325,"column":5}},{"start":{},"end":{}}],"line":323},"12":{"loc":{"start":{"line":326,"column":4},"end":{"line":328,"column":5}},"type":"if","locations":[{"start":{"line":326,"column":4},"end":{"line":328,"column":5}},{"start":{},"end":{}}],"line":326},"13":{"loc":{"start":{"line":385,"column":4},"end":{"line":387,"column":5}},"type":"if","locations":[{"start":{"line":385,"column":4},"end":{"line":387,"column":5}},{"start":{},"end":{}}],"line":385},"14":{"loc":{"start":{"line":385,"column":8},"end":{"line":385,"column":58}},"type":"binary-expr","locations":[{"start":{"line":385,"column":8},"end":{"line":385,"column":23}},{"start":{"line":385,"column":27},"end":{"line":385,"column":58}}],"line":385},"15":{"loc":{"start":{"line":417,"column":4},"end":{"line":419,"column":5}},"type":"if","locations":[{"start":{"line":417,"column":4},"end":{"line":419,"column":5}},{"start":{},"end":{}}],"line":417},"16":{"loc":{"start":{"line":424,"column":4},"end":{"line":426,"column":5}},"type":"if","locations":[{"start":{"line":424,"column":4},"end":{"line":426,"column":5}},{"start":{},"end":{}}],"line":424},"17":{"loc":{"start":{"line":427,"column":4},"end":{"line":429,"column":5}},"type":"if","locations":[{"start":{"line":427,"column":4},"end":{"line":429,"column":5}},{"start":{},"end":{}}],"line":427},"18":{"loc":{"start":{"line":430,"column":4},"end":{"line":432,"column":5}},"type":"if","locations":[{"start":{"line":430,"column":4},"end":{"line":432,"column":5}},{"start":{},"end":{}}],"line":430},"19":{"loc":{"start":{"line":471,"column":4},"end":{"line":473,"column":5}},"type":"if","locations":[{"start":{"line":471,"column":4},"end":{"line":473,"column":5}},{"start":{},"end":{}}],"line":471},"20":{"loc":{"start":{"line":478,"column":4},"end":{"line":480,"column":5}},"type":"if","locations":[{"start":{"line":478,"column":4},"end":{"line":480,"column":5}},{"start":{},"end":{}}],"line":478},"21":{"loc":{"start":{"line":523,"column":6},"end":{"line":531,"column":7}},"type":"if","locations":[{"start":{"line":523,"column":6},"end":{"line":531,"column":7}},{"start":{"line":529,"column":13},"end":{"line":531,"column":7}}],"line":523},"22":{"loc":{"start":{"line":523,"column":10},"end":{"line":523,"column":72}},"type":"binary-expr","locations":[{"start":{"line":523,"column":10},"end":{"line":523,"column":29}},{"start":{"line":523,"column":33},"end":{"line":523,"column":72}}],"line":523},"23":{"loc":{"start":{"line":529,"column":13},"end":{"line":531,"column":7}},"type":"if","locations":[{"start":{"line":529,"column":13},"end":{"line":531,"column":7}},{"start":{},"end":{}}],"line":529},"24":{"loc":{"start":{"line":578,"column":2},"end":{"line":580,"column":3}},"type":"if","locations":[{"start":{"line":578,"column":2},"end":{"line":580,"column":3}},{"start":{},"end":{}}],"line":578},"25":{"loc":{"start":{"line":578,"column":6},"end":{"line":578,"column":26}},"type":"binary-expr","locations":[{"start":{"line":578,"column":6},"end":{"line":578,"column":16}},{"start":{"line":578,"column":20},"end":{"line":578,"column":26}}],"line":578},"26":{"loc":{"start":{"line":590,"column":6},"end":{"line":598,"column":7}},"type":"if","locations":[{"start":{"line":590,"column":6},"end":{"line":598,"column":7}},{"start":{"line":596,"column":13},"end":{"line":598,"column":7}}],"line":590},"27":{"loc":{"start":{"line":590,"column":10},"end":{"line":590,"column":72}},"type":"binary-expr","locations":[{"start":{"line":590,"column":10},"end":{"line":590,"column":29}},{"start":{"line":590,"column":33},"end":{"line":590,"column":72}}],"line":590},"28":{"loc":{"start":{"line":596,"column":13},"end":{"line":598,"column":7}},"type":"if","locations":[{"start":{"line":596,"column":13},"end":{"line":598,"column":7}},{"start":{},"end":{}}],"line":596},"29":{"loc":{"start":{"line":649,"column":4},"end":{"line":652,"column":5}},"type":"if","locations":[{"start":{"line":649,"column":4},"end":{"line":652,"column":5}},{"start":{},"end":{}}],"line":649},"30":{"loc":{"start":{"line":658,"column":6},"end":{"line":666,"column":7}},"type":"if","locations":[{"start":{"line":658,"column":6},"end":{"line":666,"column":7}},{"start":{"line":664,"column":13},"end":{"line":666,"column":7}}],"line":658},"31":{"loc":{"start":{"line":658,"column":10},"end":{"line":658,"column":72}},"type":"binary-expr","locations":[{"start":{"line":658,"column":10},"end":{"line":658,"column":29}},{"start":{"line":658,"column":33},"end":{"line":658,"column":72}}],"line":658},"32":{"loc":{"start":{"line":664,"column":13},"end":{"line":666,"column":7}},"type":"if","locations":[{"start":{"line":664,"column":13},"end":{"line":666,"column":7}},{"start":{},"end":{}}],"line":664},"33":{"loc":{"start":{"line":673,"column":4},"end":{"line":675,"column":5}},"type":"if","locations":[{"start":{"line":673,"column":4},"end":{"line":675,"column":5}},{"start":{},"end":{}}],"line":673},"34":{"loc":{"start":{"line":713,"column":4},"end":{"line":716,"column":5}},"type":"if","locations":[{"start":{"line":713,"column":4},"end":{"line":716,"column":5}},{"start":{},"end":{}}],"line":713},"35":{"loc":{"start":{"line":722,"column":6},"end":{"line":730,"column":7}},"type":"if","locations":[{"start":{"line":722,"column":6},"end":{"line":730,"column":7}},{"start":{"line":728,"column":13},"end":{"line":730,"column":7}}],"line":722},"36":{"loc":{"start":{"line":722,"column":10},"end":{"line":722,"column":72}},"type":"binary-expr","locations":[{"start":{"line":722,"column":10},"end":{"line":722,"column":29}},{"start":{"line":722,"column":33},"end":{"line":722,"column":72}}],"line":722},"37":{"loc":{"start":{"line":728,"column":13},"end":{"line":730,"column":7}},"type":"if","locations":[{"start":{"line":728,"column":13},"end":{"line":730,"column":7}},{"start":{},"end":{}}],"line":728},"38":{"loc":{"start":{"line":821,"column":25},"end":{"line":821,"column":38}},"type":"binary-expr","locations":[{"start":{"line":821,"column":25},"end":{"line":821,"column":33}},{"start":{"line":821,"column":37},"end":{"line":821,"column":38}}],"line":821},"39":{"loc":{"start":{"line":829,"column":25},"end":{"line":829,"column":38}},"type":"binary-expr","locations":[{"start":{"line":829,"column":25},"end":{"line":829,"column":33}},{"start":{"line":829,"column":37},"end":{"line":829,"column":38}}],"line":829},"40":{"loc":{"start":{"line":834,"column":27},"end":{"line":834,"column":62}},"type":"binary-expr","locations":[{"start":{"line":834,"column":27},"end":{"line":834,"column":57}},{"start":{"line":834,"column":61},"end":{"line":834,"column":62}}],"line":834},"41":{"loc":{"start":{"line":835,"column":28},"end":{"line":835,"column":62}},"type":"binary-expr","locations":[{"start":{"line":835,"column":28},"end":{"line":835,"column":57}},{"start":{"line":835,"column":61},"end":{"line":835,"column":62}}],"line":835},"42":{"loc":{"start":{"line":836,"column":30},"end":{"line":836,"column":66}},"type":"binary-expr","locations":[{"start":{"line":836,"column":30},"end":{"line":836,"column":61}},{"start":{"line":836,"column":65},"end":{"line":836,"column":66}}],"line":836}},"s":{"0":1,"1":1,"2":0,"3":0,"4":0,"5":0,"6":0,"7":0,"8":0,"9":0,"10":0,"11":0,"12":0,"13":0,"14":0,"15":0,"16":0,"17":0,"18":1,"19":1,"20":0,"21":0,"22":0,"23":0,"24":0,"25":0,"26":0,"27":0,"28":0,"29":0,"30":0,"31":0,"32":0,"33":0,"34":1,"35":0,"36":0,"37":0,"38":0,"39":0,"40":0,"41":0,"42":0,"43":0,"44":0,"45":0,"46":0,"47":0,"48":0,"49":0,"50":0,"51":1,"52":0,"53":0,"54":0,"55":0,"56":0,"57":0,"58":0,"59":0,"60":0,"61":0,"62":0,"63":0,"64":0,"65":0,"66":0,"67":0,"68":1,"69":0,"70":0,"71":0,"72":0,"73":0,"74":0,"75":0,"76":0,"77":0,"78":0,"79":0,"80":0,"81":0,"82":0,"83":0,"84":0,"85":0,"86":0,"87":0,"88":1,"89":0,"90":0,"91":0,"92":0,"93":0,"94":0,"95":0,"96":0,"97":0,"98":0,"99":0,"100":1,"101":0,"102":0,"103":0,"104":0,"105":0,"106":0,"107":0,"108":0,"109":0,"110":0,"111":0,"112":0,"113":0,"114":0,"115":0,"116":1,"117":0,"118":0,"119":0,"120":0,"121":0,"122":0,"123":0,"124":0,"125":0,"126":0,"127":0,"128":0,"129":0,"130":0,"131":0,"132":0,"133":0,"134":1,"135":0,"136":0,"137":0,"138":0,"139":0,"140":0,"141":0,"142":0,"143":0,"144":0,"145":0,"146":0,"147":0,"148":0,"149":0,"150":0,"151":0,"152":0,"153":0,"154":0,"155":0,"156":0,"157":0,"158":1,"159":0,"160":0,"161":0,"162":0,"163":0,"164":0,"165":0,"166":0,"167":0,"168":0,"169":0,"170":0,"171":0,"172":0,"173":0,"174":0,"175":0,"176":0,"177":0,"178":0,"179":1,"180":0,"181":0,"182":0,"183":0,"184":0,"185":0,"186":0,"187":0,"188":0,"189":0,"190":0,"191":0,"192":0,"193":0,"194":0,"195":1},"f":{"0":0,"1":0,"2":0,"3":0,"4":0,"5":0,"6":0,"7":0,"8":0,"9":0,"10":0,"11":0,"12":0,"13":0,"14":0,"15":0,"16":0,"17":0,"18":0},"b":{"0":[0,0],"1":[0,0],"2":[0,0],"3":[0,0],"4":[0,0],"5":[0,0],"6":[0,0],"7":[0,0],"8":[0,0],"9":[0,0],"10":[0,0],"11":[0,0],"12":[0,0],"13":[0,0],"14":[0,0],"15":[0,0],"16":[0,0],"17":[0,0],"18":[0,0],"19":[0,0],"20":[0,0],"21":[0,0],"22":[0,0],"23":[0,0],"24":[0,0],"25":[0,0],"26":[0,0],"27":[0,0],"28":[0,0],"29":[0,0],"30":[0,0],"31":[0,0],"32":[0,0],"33":[0,0],"34":[0,0],"35":[0,0],"36":[0,0],"37":[0,0],"38":[0,0],"39":[0,0],"40":[0,0],"41":[0,0],"42":[0,0]},"inputSourceMap":null,"_coverageSchema":"1a1c01bbd47fc00a2c39e90264f33305004495a9","hash":"240b8277f2ccc2490f98ef19f1dd5ea685e5cdd1"}
,"C:\\Users\\sande\\Desktop\\cspl\\ado-repos\\Construction\\Source\\constructions-be\\routes\\vendors_route.js": {"path":"C:\\Users\\sande\\Desktop\\cspl\\ado-repos\\Construction\\Source\\constructions-be\\routes\\vendors_route.js","statementMap":{"0":{"start":{"line":1,"column":16},"end":{"line":1,"column":34}},"1":{"start":{"line":2,"column":15},"end":{"line":2,"column":31}},"2":{"start":{"line":25,"column":0},"end":{"line":34,"column":3}},"3":{"start":{"line":26,"column":13},"end":{"line":26,"column":19}},"4":{"start":{"line":27,"column":2},"end":{"line":33,"column":3}},"5":{"start":{"line":28,"column":19},"end":{"line":28,"column":58}},"6":{"start":{"line":29,"column":4},"end":{"line":29,"column":26}},"7":{"start":{"line":31,"column":4},"end":{"line":31,"column":58}},"8":{"start":{"line":32,"column":4},"end":{"line":32,"column":61}},"9":{"start":{"line":59,"column":0},"end":{"line":72,"column":3}},"10":{"start":{"line":60,"column":13},"end":{"line":60,"column":19}},"11":{"start":{"line":61,"column":17},"end":{"line":61,"column":27}},"12":{"start":{"line":62,"column":2},"end":{"line":71,"column":3}},"13":{"start":{"line":63,"column":19},"end":{"line":63,"column":85}},"14":{"start":{"line":64,"column":4},"end":{"line":66,"column":5}},"15":{"start":{"line":65,"column":6},"end":{"line":65,"column":65}},"16":{"start":{"line":67,"column":4},"end":{"line":67,"column":29}},"17":{"start":{"line":69,"column":4},"end":{"line":69,"column":57}},"18":{"start":{"line":70,"column":4},"end":{"line":70,"column":61}},"19":{"start":{"line":97,"column":0},"end":{"line":112,"column":3}},"20":{"start":{"line":98,"column":13},"end":{"line":98,"column":19}},"21":{"start":{"line":99,"column":27},"end":{"line":99,"column":37}},"22":{"start":{"line":101,"column":2},"end":{"line":111,"column":3}},"23":{"start":{"line":102,"column":19},"end":{"line":105,"column":5}},"24":{"start":{"line":107,"column":4},"end":{"line":107,"column":26}},"25":{"start":{"line":109,"column":4},"end":{"line":109,"column":66}},"26":{"start":{"line":110,"column":4},"end":{"line":110,"column":61}},"27":{"start":{"line":157,"column":0},"end":{"line":192,"column":3}},"28":{"start":{"line":158,"column":13},"end":{"line":158,"column":19}},"29":{"start":{"line":162,"column":6},"end":{"line":162,"column":14}},"30":{"start":{"line":164,"column":2},"end":{"line":166,"column":3}},"31":{"start":{"line":165,"column":4},"end":{"line":165,"column":70}},"32":{"start":{"line":168,"column":2},"end":{"line":191,"column":3}},"33":{"start":{"line":169,"column":19},"end":{"line":176,"column":5}},"34":{"start":{"line":178,"column":4},"end":{"line":178,"column":41}},"35":{"start":{"line":180,"column":4},"end":{"line":180,"column":57}},"36":{"start":{"line":181,"column":4},"end":{"line":183,"column":5}},"37":{"start":{"line":182,"column":6},"end":{"line":182,"column":72}},"38":{"start":{"line":184,"column":4},"end":{"line":186,"column":5}},"39":{"start":{"line":185,"column":6},"end":{"line":185,"column":68}},"40":{"start":{"line":187,"column":4},"end":{"line":189,"column":5}},"41":{"start":{"line":188,"column":6},"end":{"line":188,"column":70}},"42":{"start":{"line":190,"column":4},"end":{"line":190,"column":61}},"43":{"start":{"line":244,"column":0},"end":{"line":286,"column":3}},"44":{"start":{"line":245,"column":13},"end":{"line":245,"column":19}},"45":{"start":{"line":246,"column":17},"end":{"line":246,"column":27}},"46":{"start":{"line":250,"column":6},"end":{"line":250,"column":14}},"47":{"start":{"line":252,"column":2},"end":{"line":254,"column":3}},"48":{"start":{"line":253,"column":4},"end":{"line":253,"column":70}},"49":{"start":{"line":256,"column":2},"end":{"line":285,"column":3}},"50":{"start":{"line":257,"column":19},"end":{"line":269,"column":5}},"51":{"start":{"line":271,"column":4},"end":{"line":273,"column":5}},"52":{"start":{"line":272,"column":6},"end":{"line":272,"column":65}},"53":{"start":{"line":275,"column":4},"end":{"line":275,"column":29}},"54":{"start":{"line":277,"column":4},"end":{"line":277,"column":57}},"55":{"start":{"line":278,"column":4},"end":{"line":280,"column":5}},"56":{"start":{"line":279,"column":6},"end":{"line":279,"column":72}},"57":{"start":{"line":281,"column":4},"end":{"line":283,"column":5}},"58":{"start":{"line":282,"column":6},"end":{"line":282,"column":68}},"59":{"start":{"line":284,"column":4},"end":{"line":284,"column":61}},"60":{"start":{"line":309,"column":0},"end":{"line":331,"column":3}},"61":{"start":{"line":310,"column":13},"end":{"line":310,"column":19}},"62":{"start":{"line":311,"column":17},"end":{"line":311,"column":27}},"63":{"start":{"line":313,"column":2},"end":{"line":330,"column":3}},"64":{"start":{"line":314,"column":19},"end":{"line":317,"column":5}},"65":{"start":{"line":319,"column":4},"end":{"line":321,"column":5}},"66":{"start":{"line":320,"column":6},"end":{"line":320,"column":65}},"67":{"start":{"line":323,"column":4},"end":{"line":323,"column":27}},"68":{"start":{"line":325,"column":4},"end":{"line":325,"column":57}},"69":{"start":{"line":326,"column":4},"end":{"line":328,"column":5}},"70":{"start":{"line":327,"column":6},"end":{"line":327,"column":102}},"71":{"start":{"line":329,"column":4},"end":{"line":329,"column":61}},"72":{"start":{"line":333,"column":0},"end":{"line":333,"column":24}}},"fnMap":{"0":{"name":"(anonymous_0)","decl":{"start":{"line":25,"column":23},"end":{"line":25,"column":24}},"loc":{"start":{"line":25,"column":43},"end":{"line":34,"column":1}},"line":25},"1":{"name":"(anonymous_1)","decl":{"start":{"line":59,"column":27},"end":{"line":59,"column":28}},"loc":{"start":{"line":59,"column":47},"end":{"line":72,"column":1}},"line":59},"2":{"name":"(anonymous_2)","decl":{"start":{"line":97,"column":42},"end":{"line":97,"column":43}},"loc":{"start":{"line":97,"column":62},"end":{"line":112,"column":1}},"line":97},"3":{"name":"(anonymous_3)","decl":{"start":{"line":157,"column":24},"end":{"line":157,"column":25}},"loc":{"start":{"line":157,"column":44},"end":{"line":192,"column":1}},"line":157},"4":{"name":"(anonymous_4)","decl":{"start":{"line":244,"column":27},"end":{"line":244,"column":28}},"loc":{"start":{"line":244,"column":47},"end":{"line":286,"column":1}},"line":244},"5":{"name":"(anonymous_5)","decl":{"start":{"line":309,"column":30},"end":{"line":309,"column":31}},"loc":{"start":{"line":309,"column":50},"end":{"line":331,"column":1}},"line":309}},"branchMap":{"0":{"loc":{"start":{"line":64,"column":4},"end":{"line":66,"column":5}},"type":"if","locations":[{"start":{"line":64,"column":4},"end":{"line":66,"column":5}},{"start":{},"end":{}}],"line":64},"1":{"loc":{"start":{"line":164,"column":2},"end":{"line":166,"column":3}},"type":"if","locations":[{"start":{"line":164,"column":2},"end":{"line":166,"column":3}},{"start":{},"end":{}}],"line":164},"2":{"loc":{"start":{"line":181,"column":4},"end":{"line":183,"column":5}},"type":"if","locations":[{"start":{"line":181,"column":4},"end":{"line":183,"column":5}},{"start":{},"end":{}}],"line":181},"3":{"loc":{"start":{"line":184,"column":4},"end":{"line":186,"column":5}},"type":"if","locations":[{"start":{"line":184,"column":4},"end":{"line":186,"column":5}},{"start":{},"end":{}}],"line":184},"4":{"loc":{"start":{"line":187,"column":4},"end":{"line":189,"column":5}},"type":"if","locations":[{"start":{"line":187,"column":4},"end":{"line":189,"column":5}},{"start":{},"end":{}}],"line":187},"5":{"loc":{"start":{"line":252,"column":2},"end":{"line":254,"column":3}},"type":"if","locations":[{"start":{"line":252,"column":2},"end":{"line":254,"column":3}},{"start":{},"end":{}}],"line":252},"6":{"loc":{"start":{"line":271,"column":4},"end":{"line":273,"column":5}},"type":"if","locations":[{"start":{"line":271,"column":4},"end":{"line":273,"column":5}},{"start":{},"end":{}}],"line":271},"7":{"loc":{"start":{"line":278,"column":4},"end":{"line":280,"column":5}},"type":"if","locations":[{"start":{"line":278,"column":4},"end":{"line":280,"column":5}},{"start":{},"end":{}}],"line":278},"8":{"loc":{"start":{"line":281,"column":4},"end":{"line":283,"column":5}},"type":"if","locations":[{"start":{"line":281,"column":4},"end":{"line":283,"column":5}},{"start":{},"end":{}}],"line":281},"9":{"loc":{"start":{"line":319,"column":4},"end":{"line":321,"column":5}},"type":"if","locations":[{"start":{"line":319,"column":4},"end":{"line":321,"column":5}},{"start":{},"end":{}}],"line":319},"10":{"loc":{"start":{"line":326,"column":4},"end":{"line":328,"column":5}},"type":"if","locations":[{"start":{"line":326,"column":4},"end":{"line":328,"column":5}},{"start":{},"end":{}}],"line":326}},"s":{"0":1,"1":1,"2":1,"3":2,"4":2,"5":2,"6":1,"7":1,"8":1,"9":1,"10":3,"11":3,"12":3,"13":3,"14":2,"15":1,"16":1,"17":1,"18":1,"19":1,"20":3,"21":3,"22":3,"23":3,"24":2,"25":1,"26":1,"27":1,"28":7,"29":7,"30":7,"31":1,"32":6,"33":6,"34":2,"35":4,"36":4,"37":1,"38":3,"39":1,"40":2,"41":1,"42":1,"43":1,"44":7,"45":7,"46":7,"47":7,"48":1,"49":6,"50":6,"51":3,"52":1,"53":2,"54":3,"55":3,"56":1,"57":2,"58":1,"59":1,"60":1,"61":4,"62":4,"63":4,"64":4,"65":2,"66":1,"67":1,"68":2,"69":2,"70":1,"71":1,"72":1},"f":{"0":2,"1":3,"2":3,"3":7,"4":7,"5":4},"b":{"0":[1,1],"1":[1,6],"2":[1,3],"3":[1,2],"4":[1,1],"5":[1,6],"6":[1,2],"7":[1,2],"8":[1,1],"9":[1,1],"10":[1,1]},"inputSourceMap":null,"_coverageSchema":"1a1c01bbd47fc00a2c39e90264f33305004495a9","hash":"4bc721795f14a8ec83fef3a5381ce01c01749441"}
}
