TN:
SF:routes\client_requirements_route.js
FN:59,(anonymous_0)
FN:94,(anonymous_1)
FN:248,(anonymous_2)
FN:561,(anonymous_3)
FN:795,(anonymous_4)
FN:835,(anonymous_5)
FN:871,(anonymous_6)
FN:907,(anonymous_7)
FN:962,(anonymous_8)
FN:1029,(anonymous_9)
FN:1111,(anonymous_10)
FN:1191,(anonymous_11)
FN:1232,(anonymous_12)
FN:1266,(anonymous_13)
FN:1292,(anonymous_14)
FN:1337,(anonymous_15)
FNF:16
FNH:12
FNDA:2,(anonymous_0)
FNDA:8,(anonymous_1)
FNDA:2,(anonymous_2)
FNDA:3,(anonymous_3)
FNDA:2,(anonymous_4)
FNDA:1,(anonymous_5)
FNDA:1,(anonymous_6)
FNDA:0,(anonymous_7)
FNDA:2,(anonymous_8)
FNDA:3,(anonymous_9)
FNDA:3,(anonymous_10)
FNDA:1,(anonymous_11)
FNDA:0,(anonymous_12)
FNDA:0,(anonymous_13)
FNDA:0,(anonymous_14)
FNDA:2,(anonymous_15)
DA:1,1
DA:2,1
DA:59,1
DA:60,2
DA:61,2
DA:62,2
DA:63,1
DA:64,1
DA:66,1
DA:67,1
DA:94,1
DA:95,8
DA:96,8
DA:97,8
DA:98,8
DA:99,8
DA:101,8
DA:102,1
DA:104,7
DA:106,0
DA:107,0
DA:248,1
DA:249,2
DA:304,2
DA:306,2
DA:307,1
DA:310,1
DA:311,1
DA:336,1
DA:392,1
DA:394,1
DA:396,0
DA:397,0
DA:561,1
DA:562,3
DA:563,3
DA:624,3
DA:626,3
DA:627,1
DA:630,2
DA:631,2
DA:698,2
DA:761,2
DA:763,2
DA:764,1
DA:767,1
DA:769,0
DA:770,0
DA:795,1
DA:796,2
DA:797,2
DA:799,2
DA:800,2
DA:805,2
DA:806,1
DA:809,1
DA:811,0
DA:812,0
DA:835,1
DA:836,1
DA:837,1
DA:839,1
DA:840,1
DA:844,1
DA:846,0
DA:847,0
DA:871,1
DA:872,1
DA:873,1
DA:875,1
DA:876,1
DA:880,1
DA:882,0
DA:883,0
DA:907,1
DA:908,0
DA:909,0
DA:911,0
DA:912,0
DA:915,0
DA:916,0
DA:924,0
DA:926,0
DA:927,0
DA:962,1
DA:963,2
DA:964,2
DA:965,2
DA:967,2
DA:968,2
DA:980,2
DA:982,2
DA:983,1
DA:986,1
DA:991,0
DA:992,0
DA:1029,1
DA:1030,3
DA:1031,3
DA:1032,3
DA:1034,3
DA:1036,3
DA:1041,3
DA:1042,1
DA:1045,2
DA:1046,1
DA:1049,1
DA:1062,1
DA:1064,1
DA:1069,0
DA:1070,0
DA:1111,1
DA:1112,3
DA:1113,3
DA:1114,3
DA:1116,3
DA:1118,3
DA:1123,3
DA:1124,0
DA:1127,3
DA:1128,1
DA:1131,2
DA:1134,2
DA:1135,1
DA:1145,1
DA:1147,1
DA:1157,1
DA:1160,2
DA:1162,2
DA:1167,0
DA:1168,0
DA:1191,1
DA:1192,1
DA:1193,1
DA:1195,1
DA:1196,1
DA:1200,1
DA:1202,0
DA:1203,0
DA:1232,1
DA:1233,0
DA:1234,0
DA:1236,0
DA:1237,0
DA:1240,0
DA:1241,0
DA:1247,0
DA:1249,0
DA:1250,0
DA:1266,1
DA:1267,0
DA:1269,0
DA:1270,0
DA:1273,0
DA:1275,0
DA:1276,0
DA:1292,1
DA:1293,0
DA:1295,0
DA:1296,0
DA:1309,0
DA:1311,0
DA:1312,0
DA:1337,1
DA:1338,2
DA:1339,2
DA:1341,2
DA:1342,2
DA:1357,2
DA:1358,1
DA:1361,1
DA:1363,0
DA:1364,0
DA:1368,1
LF:174
LH:121
BRDA:101,0,0,1
BRDA:101,0,1,7
BRDA:306,1,0,1
BRDA:306,1,1,1
BRDA:306,2,0,2
BRDA:306,2,1,1
BRDA:352,3,0,1
BRDA:352,3,1,1
BRDA:368,4,0,1
BRDA:368,4,1,1
BRDA:369,5,0,1
BRDA:369,5,1,0
BRDA:370,6,0,1
BRDA:370,6,1,0
BRDA:371,7,0,1
BRDA:371,7,1,1
BRDA:381,8,0,1
BRDA:381,8,1,0
BRDA:626,9,0,1
BRDA:626,9,1,2
BRDA:626,10,0,3
BRDA:626,10,1,2
BRDA:714,11,0,2
BRDA:714,11,1,2
BRDA:730,12,0,2
BRDA:730,12,1,2
BRDA:731,13,0,2
BRDA:731,13,1,2
BRDA:732,14,0,2
BRDA:732,14,1,2
BRDA:733,15,0,2
BRDA:733,15,1,2
BRDA:747,16,0,2
BRDA:747,16,1,2
BRDA:748,17,0,2
BRDA:748,17,1,2
BRDA:763,18,0,1
BRDA:763,18,1,1
BRDA:805,19,0,1
BRDA:805,19,1,1
BRDA:911,20,0,0
BRDA:911,20,1,0
BRDA:982,21,0,1
BRDA:982,21,1,1
BRDA:1041,22,0,1
BRDA:1041,22,1,2
BRDA:1045,23,0,1
BRDA:1045,23,1,1
BRDA:1123,24,0,0
BRDA:1123,24,1,3
BRDA:1127,25,0,1
BRDA:1127,25,1,2
BRDA:1134,26,0,1
BRDA:1134,26,1,1
BRDA:1236,27,0,0
BRDA:1236,27,1,0
BRDA:1236,28,0,0
BRDA:1236,28,1,0
BRDA:1357,29,0,1
BRDA:1357,29,1,1
BRF:60
BRH:50
end_of_record
TN:
SF:routes\clients_route.js
FN:51,(anonymous_0)
FN:88,(anonymous_1)
FN:183,(anonymous_2)
FN:362,(anonymous_3)
FN:500,(anonymous_4)
FN:541,(anonymous_5)
FN:575,(anonymous_6)
FN:610,(anonymous_7)
FN:641,(anonymous_8)
FNF:9
FNH:5
FNDA:2,(anonymous_0)
FNDA:5,(anonymous_1)
FNDA:4,(anonymous_2)
FNDA:1,(anonymous_3)
FNDA:1,(anonymous_4)
FNDA:0,(anonymous_5)
FNDA:0,(anonymous_6)
FNDA:0,(anonymous_7)
FNDA:0,(anonymous_8)
DA:1,2
DA:2,2
DA:51,2
DA:52,2
DA:53,2
DA:55,2
DA:56,2
DA:58,2
DA:60,0
DA:61,0
DA:88,2
DA:89,5
DA:90,5
DA:91,5
DA:92,5
DA:93,3
DA:95,3
DA:96,1
DA:98,2
DA:100,2
DA:101,2
DA:183,2
DA:184,4
DA:213,4
DA:215,4
DA:216,1
DA:219,3
DA:220,3
DA:236,3
DA:266,3
DA:268,3
DA:270,0
DA:271,0
DA:362,2
DA:363,1
DA:364,1
DA:393,1
DA:395,1
DA:396,0
DA:399,1
DA:400,1
DA:435,1
DA:466,1
DA:468,1
DA:469,0
DA:472,1
DA:474,0
DA:475,0
DA:500,2
DA:501,1
DA:502,1
DA:504,1
DA:505,1
DA:510,1
DA:511,0
DA:514,1
DA:516,0
DA:517,0
DA:541,2
DA:542,0
DA:543,0
DA:545,0
DA:546,0
DA:550,0
DA:552,0
DA:553,0
DA:575,2
DA:576,0
DA:577,0
DA:579,0
DA:580,0
DA:583,0
DA:584,0
DA:591,0
DA:593,0
DA:594,0
DA:610,2
DA:611,0
DA:613,0
DA:614,0
DA:615,0
DA:617,0
DA:618,0
DA:641,2
DA:642,0
DA:643,0
DA:645,0
DA:646,0
DA:650,0
DA:652,0
DA:653,0
DA:657,2
LF:92
LH:52
BRDA:95,0,0,1
BRDA:95,0,1,2
BRDA:215,1,0,1
BRDA:215,1,1,3
BRDA:251,2,0,3
BRDA:251,2,1,3
BRDA:259,3,0,0
BRDA:259,3,1,3
BRDA:395,4,0,0
BRDA:395,4,1,1
BRDA:450,5,0,1
BRDA:450,5,1,1
BRDA:458,6,0,0
BRDA:458,6,1,1
BRDA:468,7,0,0
BRDA:468,7,1,1
BRDA:510,8,0,0
BRDA:510,8,1,1
BRDA:579,9,0,0
BRDA:579,9,1,0
BRF:20
BRH:13
end_of_record
TN:
SF:routes\items_route.js
FN:26,(anonymous_0)
FN:57,(anonymous_1)
FN:93,(anonymous_2)
FN:144,(anonymous_3)
FN:177,(anonymous_4)
FN:224,(anonymous_5)
FN:293,(anonymous_6)
FN:351,(anonymous_7)
FNF:8
FNH:5
FNDA:0,(anonymous_0)
FNDA:0,(anonymous_1)
FNDA:0,(anonymous_2)
FNDA:2,(anonymous_3)
FNDA:4,(anonymous_4)
FNDA:4,(anonymous_5)
FNDA:4,(anonymous_6)
FNDA:3,(anonymous_7)
DA:1,2
DA:2,2
DA:26,2
DA:27,0
DA:29,0
DA:30,0
DA:31,0
DA:33,0
DA:57,2
DA:58,0
DA:59,0
DA:61,0
DA:62,0
DA:66,0
DA:68,0
DA:93,2
DA:94,0
DA:95,0
DA:97,0
DA:98,0
DA:101,0
DA:102,0
DA:108,0
DA:110,0
DA:144,2
DA:145,2
DA:146,2
DA:147,2
DA:148,2
DA:150,0
DA:151,0
DA:177,2
DA:178,4
DA:179,4
DA:180,4
DA:181,4
DA:183,4
DA:184,2
DA:186,2
DA:188,0
DA:189,0
DA:224,2
DA:225,4
DA:226,4
DA:228,4
DA:229,2
DA:232,2
DA:233,2
DA:246,2
DA:248,0
DA:249,0
DA:293,2
DA:294,4
DA:295,4
DA:296,4
DA:298,4
DA:299,0
DA:302,4
DA:303,4
DA:319,4
DA:320,2
DA:323,2
DA:325,0
DA:326,0
DA:351,2
DA:352,3
DA:353,3
DA:355,3
DA:356,3
DA:361,3
DA:362,1
DA:365,2
DA:367,0
DA:368,0
DA:372,2
LF:75
LH:45
BRDA:97,0,0,0
BRDA:97,0,1,0
BRDA:183,1,0,2
BRDA:183,1,1,2
BRDA:228,2,0,2
BRDA:228,2,1,2
BRDA:239,3,0,2
BRDA:239,3,1,0
BRDA:240,4,0,2
BRDA:240,4,1,0
BRDA:241,5,0,2
BRDA:241,5,1,0
BRDA:242,6,0,0
BRDA:242,6,1,2
BRDA:298,7,0,0
BRDA:298,7,1,4
BRDA:311,8,0,4
BRDA:311,8,1,2
BRDA:312,9,0,4
BRDA:312,9,1,2
BRDA:313,10,0,4
BRDA:313,10,1,2
BRDA:314,11,0,2
BRDA:314,11,1,2
BRDA:319,12,0,2
BRDA:319,12,1,2
BRDA:361,13,0,1
BRDA:361,13,1,2
BRF:28
BRH:21
end_of_record
TN:
SF:routes\lead_requirements_route.js
FN:23,(anonymous_0)
FN:58,(anonymous_1)
FN:129,(anonymous_2)
FN:260,(anonymous_3)
FN:365,(anonymous_4)
FN:405,(anonymous_5)
FN:440,(anonymous_6)
FN:474,(anonymous_7)
FNF:8
FNH:7
FNDA:2,(anonymous_0)
FNDA:7,(anonymous_1)
FNDA:4,(anonymous_2)
FNDA:4,(anonymous_3)
FNDA:3,(anonymous_4)
FNDA:2,(anonymous_5)
FNDA:2,(anonymous_6)
FNDA:0,(anonymous_7)
DA:1,1
DA:2,1
DA:23,1
DA:24,2
DA:25,2
DA:26,2
DA:27,1
DA:28,1
DA:30,1
DA:31,1
DA:58,1
DA:59,7
DA:60,7
DA:61,7
DA:62,7
DA:63,5
DA:65,5
DA:66,2
DA:68,3
DA:70,2
DA:71,2
DA:129,1
DA:130,4
DA:151,4
DA:153,4
DA:154,1
DA:157,3
DA:158,3
DA:172,3
DA:194,3
DA:196,2
DA:198,1
DA:199,1
DA:260,1
DA:261,4
DA:262,4
DA:280,4
DA:282,4
DA:283,1
DA:286,3
DA:287,3
DA:311,3
DA:331,3
DA:333,3
DA:334,1
DA:337,2
DA:339,0
DA:340,0
DA:365,1
DA:366,3
DA:367,3
DA:369,3
DA:370,3
DA:375,2
DA:376,1
DA:379,1
DA:381,1
DA:382,1
DA:405,1
DA:406,2
DA:407,2
DA:409,2
DA:410,2
DA:414,2
DA:416,0
DA:417,0
DA:440,1
DA:441,2
DA:442,2
DA:444,2
DA:445,2
DA:449,2
DA:451,0
DA:452,0
DA:474,1
DA:475,0
DA:476,0
DA:478,0
DA:479,0
DA:482,0
DA:483,0
DA:490,0
DA:492,0
DA:493,0
DA:497,1
LF:85
LH:70
BRDA:65,0,0,2
BRDA:65,0,1,3
BRDA:153,1,0,1
BRDA:153,1,1,3
BRDA:153,2,0,4
BRDA:153,2,1,3
BRDA:180,3,0,3
BRDA:180,3,1,2
BRDA:190,4,0,3
BRDA:190,4,1,2
BRDA:282,5,0,1
BRDA:282,5,1,3
BRDA:282,6,0,4
BRDA:282,6,1,3
BRDA:326,7,0,3
BRDA:326,7,1,2
BRDA:333,8,0,1
BRDA:333,8,1,2
BRDA:375,9,0,1
BRDA:375,9,1,1
BRDA:478,10,0,0
BRDA:478,10,1,0
BRF:22
BRH:20
end_of_record
TN:
SF:routes\project_boq_route.js
FN:66,(anonymous_0)
FN:115,(anonymous_1)
FN:194,(anonymous_2)
FN:346,(anonymous_3)
FN:466,(anonymous_4)
FN:518,(anonymous_5)
FN:562,(anonymous_6)
FN:598,(anonymous_7)
FN:634,(anonymous_8)
FN:683,(anonymous_9)
FN:766,(anonymous_10)
FN:885,(anonymous_11)
FN:938,(anonymous_12)
FN:1013,(anonymous_13)
FN:1059,(anonymous_14)
FN:1130,(anonymous_15)
FN:1242,(anonymous_16)
FN:1392,(anonymous_17)
FN:1530,(anonymous_18)
FN:1591,(anonymous_19)
FN:1643,(anonymous_20)
FN:1644,(anonymous_21)
FN:1645,(anonymous_22)
FNF:23
FNH:23
FNDA:3,(anonymous_0)
FNDA:2,(anonymous_1)
FNDA:4,(anonymous_2)
FNDA:3,(anonymous_3)
FNDA:3,(anonymous_4)
FNDA:2,(anonymous_5)
FNDA:1,(anonymous_6)
FNDA:1,(anonymous_7)
FNDA:1,(anonymous_8)
FNDA:4,(anonymous_9)
FNDA:4,(anonymous_10)
FNDA:2,(anonymous_11)
FNDA:3,(anonymous_12)
FNDA:1,(anonymous_13)
FNDA:1,(anonymous_14)
FNDA:4,(anonymous_15)
FNDA:3,(anonymous_16)
FNDA:2,(anonymous_17)
FNDA:3,(anonymous_18)
FNDA:2,(anonymous_19)
FNDA:2,(anonymous_20)
FNDA:2,(anonymous_21)
FNDA:2,(anonymous_22)
DA:1,1
DA:2,1
DA:66,1
DA:67,3
DA:68,3
DA:69,3
DA:71,3
DA:73,3
DA:74,2
DA:77,2
DA:82,2
DA:87,1
DA:88,1
DA:115,1
DA:116,2
DA:117,2
DA:118,2
DA:119,2
DA:120,2
DA:122,2
DA:123,1
DA:125,1
DA:127,0
DA:128,0
DA:194,1
DA:195,4
DA:215,4
DA:218,4
DA:219,1
DA:222,3
DA:224,3
DA:225,3
DA:226,1
DA:229,2
DA:230,2
DA:231,0
DA:234,2
DA:235,2
DA:236,0
DA:239,2
DA:289,1
DA:293,1
DA:294,1
DA:298,0
DA:346,1
DA:347,3
DA:348,3
DA:367,3
DA:370,3
DA:371,0
DA:374,3
DA:376,3
DA:377,3
DA:378,1
DA:382,2
DA:383,1
DA:388,1
DA:431,1
DA:434,0
DA:435,0
DA:439,0
DA:466,1
DA:467,3
DA:468,3
DA:470,3
DA:472,3
DA:473,3
DA:474,1
DA:478,2
DA:479,1
DA:484,1
DA:486,1
DA:488,0
DA:518,1
DA:519,2
DA:520,2
DA:521,2
DA:523,2
DA:524,2
DA:525,2
DA:527,2
DA:528,1
DA:529,1
DA:532,2
DA:534,2
DA:535,2
DA:537,0
DA:562,1
DA:563,1
DA:564,1
DA:566,1
DA:567,1
DA:571,1
DA:573,0
DA:598,1
DA:599,1
DA:600,1
DA:602,1
DA:603,1
DA:607,1
DA:609,0
DA:634,1
DA:635,1
DA:636,1
DA:638,1
DA:639,1
DA:643,1
DA:645,0
DA:683,1
DA:684,4
DA:685,4
DA:686,4
DA:688,4
DA:689,1
DA:692,3
DA:694,3
DA:695,3
DA:696,1
DA:700,2
DA:701,2
DA:702,1
DA:705,1
DA:715,1
DA:717,0
DA:718,0
DA:722,0
DA:766,1
DA:767,4
DA:768,4
DA:769,4
DA:771,4
DA:772,1
DA:775,3
DA:777,3
DA:780,3
DA:785,3
DA:786,1
DA:787,1
DA:790,2
DA:791,2
DA:792,2
DA:795,2
DA:846,1
DA:848,1
DA:851,1
DA:853,1
DA:854,1
DA:858,0
DA:885,1
DA:886,2
DA:887,2
DA:889,2
DA:890,2
DA:907,2
DA:908,1
DA:911,1
DA:913,0
DA:938,1
DA:939,3
DA:940,3
DA:942,3
DA:944,3
DA:945,3
DA:946,1
DA:949,2
DA:951,2
DA:967,2
DA:968,1
DA:981,1
DA:986,1
DA:988,0
DA:1013,1
DA:1014,1
DA:1015,1
DA:1017,1
DA:1018,1
DA:1032,1
DA:1034,0
DA:1059,1
DA:1060,1
DA:1061,1
DA:1063,1
DA:1064,1
DA:1079,1
DA:1081,0
DA:1130,1
DA:1131,4
DA:1132,4
DA:1134,4
DA:1135,1
DA:1139,3
DA:1140,4
DA:1141,4
DA:1142,1
DA:1148,2
DA:1150,2
DA:1152,2
DA:1155,2
DA:1156,3
DA:1184,2
DA:1188,1
DA:1190,1
DA:1193,1
DA:1195,1
DA:1196,1
DA:1200,0
DA:1242,1
DA:1243,3
DA:1244,3
DA:1246,3
DA:1247,1
DA:1252,2
DA:1254,2
DA:1256,2
DA:1259,2
DA:1260,2
DA:1261,0
DA:1262,0
DA:1266,2
DA:1267,2
DA:1268,0
DA:1269,0
DA:1273,2
DA:1275,2
DA:1280,2
DA:1281,0
DA:1284,2
DA:1288,2
DA:1291,2
DA:1292,1
DA:1296,1
DA:1334,1
DA:1338,2
DA:1340,2
DA:1343,0
DA:1345,0
DA:1346,0
DA:1350,0
DA:1392,1
DA:1393,2
DA:1394,2
DA:1396,2
DA:1397,0
DA:1402,2
DA:1404,2
DA:1406,2
DA:1409,2
DA:1410,2
DA:1411,0
DA:1412,0
DA:1416,2
DA:1417,2
DA:1418,0
DA:1419,0
DA:1423,2
DA:1425,2
DA:1430,2
DA:1431,0
DA:1434,2
DA:1437,2
DA:1438,1
DA:1442,1
DA:1482,1
DA:1486,2
DA:1488,2
DA:1491,0
DA:1493,0
DA:1494,0
DA:1498,0
DA:1530,1
DA:1531,3
DA:1532,3
DA:1533,3
DA:1535,3
DA:1537,3
DA:1542,3
DA:1543,1
DA:1546,2
DA:1549,2
DA:1576,2
DA:1578,2
DA:1579,1
DA:1580,1
DA:1583,2
DA:1585,2
DA:1588,2
DA:1589,2
DA:1591,2
DA:1592,2
DA:1594,2
DA:1595,1
DA:1603,2
DA:1621,2
DA:1622,2
DA:1623,2
DA:1628,2
DA:1631,2
DA:1643,2
DA:1644,2
DA:1645,2
DA:1650,2
DA:1652,0
DA:1656,1
LF:303
LH:260
BRDA:68,0,0,3
BRDA:68,0,1,2
BRDA:69,1,0,3
BRDA:69,1,1,3
BRDA:122,2,0,1
BRDA:122,2,1,1
BRDA:218,3,0,1
BRDA:218,3,1,3
BRDA:218,4,0,4
BRDA:218,4,1,4
BRDA:218,4,2,4
BRDA:218,4,3,3
BRDA:225,5,0,1
BRDA:225,5,1,2
BRDA:230,6,0,0
BRDA:230,6,1,2
BRDA:235,7,0,0
BRDA:235,7,1,2
BRDA:269,8,0,2
BRDA:269,8,1,1
BRDA:270,9,0,2
BRDA:270,9,1,1
BRDA:271,10,0,2
BRDA:271,10,1,1
BRDA:272,11,0,2
BRDA:272,11,1,1
BRDA:273,12,0,2
BRDA:273,12,1,1
BRDA:274,13,0,2
BRDA:274,13,1,1
BRDA:275,14,0,2
BRDA:275,14,1,1
BRDA:276,15,0,2
BRDA:276,15,1,1
BRDA:277,16,0,2
BRDA:277,16,1,2
BRDA:279,17,0,2
BRDA:279,17,1,1
BRDA:280,18,0,2
BRDA:280,18,1,2
BRDA:281,19,0,2
BRDA:281,19,1,1
BRDA:284,20,0,2
BRDA:284,20,1,1
BRDA:285,21,0,2
BRDA:285,21,1,1
BRDA:293,22,0,1
BRDA:293,22,1,0
BRDA:370,23,0,0
BRDA:370,23,1,3
BRDA:370,24,0,3
BRDA:370,24,1,3
BRDA:370,24,2,3
BRDA:370,24,3,3
BRDA:377,25,0,1
BRDA:377,25,1,2
BRDA:382,26,0,1
BRDA:382,26,1,1
BRDA:413,27,0,1
BRDA:413,27,1,1
BRDA:414,28,0,1
BRDA:414,28,1,1
BRDA:415,29,0,1
BRDA:415,29,1,1
BRDA:416,30,0,1
BRDA:416,30,1,1
BRDA:417,31,0,1
BRDA:417,31,1,1
BRDA:418,32,0,1
BRDA:418,32,1,1
BRDA:419,33,0,1
BRDA:419,33,1,1
BRDA:420,34,0,1
BRDA:420,34,1,1
BRDA:421,35,0,1
BRDA:421,35,1,1
BRDA:423,36,0,1
BRDA:423,36,1,0
BRDA:424,37,0,1
BRDA:424,37,1,1
BRDA:425,38,0,1
BRDA:425,38,1,0
BRDA:426,39,0,1
BRDA:426,39,1,0
BRDA:434,40,0,0
BRDA:434,40,1,0
BRDA:473,41,0,1
BRDA:473,41,1,2
BRDA:478,42,0,1
BRDA:478,42,1,1
BRDA:527,43,0,1
BRDA:527,43,1,1
BRDA:688,44,0,1
BRDA:688,44,1,3
BRDA:695,45,0,1
BRDA:695,45,1,2
BRDA:701,46,0,1
BRDA:701,46,1,1
BRDA:717,47,0,0
BRDA:717,47,1,0
BRDA:771,48,0,1
BRDA:771,48,1,3
BRDA:785,49,0,1
BRDA:785,49,1,2
BRDA:791,50,0,2
BRDA:791,50,1,2
BRDA:834,51,0,2
BRDA:834,51,1,1
BRDA:837,52,0,2
BRDA:837,52,1,1
BRDA:840,53,0,2
BRDA:840,53,1,2
BRDA:853,54,0,1
BRDA:853,54,1,0
BRDA:907,55,0,1
BRDA:907,55,1,1
BRDA:945,56,0,1
BRDA:945,56,1,2
BRDA:967,57,0,1
BRDA:967,57,1,1
BRDA:1134,58,0,1
BRDA:1134,58,1,3
BRDA:1134,59,0,4
BRDA:1134,59,1,4
BRDA:1134,59,2,3
BRDA:1141,60,0,1
BRDA:1141,60,1,3
BRDA:1141,61,0,4
BRDA:1141,61,1,4
BRDA:1141,61,2,4
BRDA:1141,61,3,3
BRDA:1176,62,0,3
BRDA:1176,62,1,1
BRDA:1177,63,0,3
BRDA:1177,63,1,1
BRDA:1178,64,0,3
BRDA:1178,64,1,3
BRDA:1195,65,0,1
BRDA:1195,65,1,0
BRDA:1246,66,0,1
BRDA:1246,66,1,2
BRDA:1246,67,0,3
BRDA:1246,67,1,3
BRDA:1246,67,2,2
BRDA:1246,67,3,2
BRDA:1246,67,4,2
BRDA:1260,68,0,0
BRDA:1260,68,1,2
BRDA:1267,69,0,0
BRDA:1267,69,1,2
BRDA:1280,70,0,0
BRDA:1280,70,1,2
BRDA:1288,71,0,2
BRDA:1288,71,1,1
BRDA:1289,72,0,2
BRDA:1289,72,1,1
BRDA:1291,73,0,1
BRDA:1291,73,1,1
BRDA:1327,74,0,1
BRDA:1327,74,1,0
BRDA:1328,75,0,1
BRDA:1328,75,1,0
BRDA:1345,76,0,0
BRDA:1345,76,1,0
BRDA:1396,77,0,0
BRDA:1396,77,1,2
BRDA:1396,78,0,2
BRDA:1396,78,1,2
BRDA:1396,78,2,2
BRDA:1396,78,3,2
BRDA:1396,78,4,2
BRDA:1410,79,0,0
BRDA:1410,79,1,2
BRDA:1417,80,0,0
BRDA:1417,80,1,2
BRDA:1430,81,0,0
BRDA:1430,81,1,2
BRDA:1437,82,0,1
BRDA:1437,82,1,1
BRDA:1437,83,0,2
BRDA:1437,83,1,1
BRDA:1475,84,0,1
BRDA:1475,84,1,0
BRDA:1476,85,0,1
BRDA:1476,85,1,0
BRDA:1493,86,0,0
BRDA:1493,86,1,0
BRDA:1542,87,0,1
BRDA:1542,87,1,2
BRDA:1578,88,0,1
BRDA:1578,88,1,1
BRDA:1594,89,0,1
BRDA:1594,89,1,1
BRDA:1621,90,0,2
BRDA:1621,90,1,0
BRDA:1641,91,0,2
BRDA:1641,91,1,1
BRF:197
BRH:168
end_of_record
TN:
SF:routes\project_material_costing_route.js
FN:68,(anonymous_0)
FN:145,(anonymous_1)
FN:200,(anonymous_2)
FN:299,(anonymous_3)
FN:431,(anonymous_4)
FN:519,(anonymous_5)
FN:572,(anonymous_6)
FN:623,(anonymous_7)
FNF:8
FNH:8
FNDA:4,(anonymous_0)
FNDA:2,(anonymous_1)
FNDA:3,(anonymous_2)
FNDA:12,(anonymous_3)
FNDA:3,(anonymous_4)
FNDA:3,(anonymous_5)
FNDA:3,(anonymous_6)
FNDA:4,(anonymous_7)
DA:1,1
DA:2,1
DA:68,1
DA:69,4
DA:70,4
DA:72,4
DA:73,4
DA:90,4
DA:91,4
DA:93,4
DA:94,1
DA:95,1
DA:98,4
DA:99,1
DA:100,1
DA:103,4
DA:104,1
DA:105,1
DA:108,4
DA:109,2
DA:112,4
DA:114,4
DA:115,3
DA:117,1
DA:118,1
DA:145,1
DA:146,2
DA:147,2
DA:148,2
DA:149,2
DA:167,2
DA:168,1
DA:170,1
DA:172,0
DA:173,0
DA:200,1
DA:201,3
DA:202,3
DA:204,3
DA:206,3
DA:208,3
DA:209,1
DA:212,2
DA:224,2
DA:226,0
DA:227,0
DA:299,1
DA:300,12
DA:306,12
DA:309,12
DA:310,1
DA:312,11
DA:313,1
DA:315,10
DA:316,1
DA:318,9
DA:319,1
DA:321,8
DA:322,1
DA:324,7
DA:325,1
DA:327,6
DA:328,1
DA:331,5
DA:333,5
DA:334,5
DA:335,1
DA:339,4
DA:340,4
DA:341,1
DA:345,3
DA:346,3
DA:347,1
DA:351,2
DA:352,2
DA:353,2
DA:354,2
DA:355,2
DA:357,2
DA:375,2
DA:377,0
DA:378,0
DA:431,1
DA:432,3
DA:433,3
DA:437,3
DA:439,3
DA:441,3
DA:443,3
DA:444,1
DA:447,2
DA:450,2
DA:451,2
DA:452,2
DA:453,2
DA:456,2
DA:457,2
DA:458,2
DA:459,2
DA:460,2
DA:462,2
DA:478,2
DA:480,0
DA:481,0
DA:519,1
DA:520,3
DA:521,3
DA:522,3
DA:524,3
DA:525,1
DA:528,2
DA:529,2
DA:538,2
DA:539,1
DA:542,1
DA:544,0
DA:545,0
DA:572,1
DA:573,3
DA:574,3
DA:576,3
DA:578,3
DA:583,3
DA:584,1
DA:587,2
DA:588,1
DA:593,1
DA:595,1
DA:597,0
DA:598,0
DA:623,1
DA:624,4
DA:625,4
DA:627,4
DA:628,4
DA:630,4
DA:631,1
DA:634,3
DA:651,2
DA:653,1
DA:654,1
DA:658,1
LF:142
LH:130
BRDA:93,0,0,1
BRDA:93,0,1,3
BRDA:98,1,0,1
BRDA:98,1,1,3
BRDA:103,2,0,1
BRDA:103,2,1,3
BRDA:108,3,0,2
BRDA:108,3,1,2
BRDA:167,4,0,1
BRDA:167,4,1,1
BRDA:208,5,0,1
BRDA:208,5,1,2
BRDA:304,6,0,11
BRDA:304,7,0,11
BRDA:309,8,0,1
BRDA:309,8,1,11
BRDA:312,9,0,1
BRDA:312,9,1,10
BRDA:315,10,0,1
BRDA:315,10,1,9
BRDA:318,11,0,1
BRDA:318,11,1,8
BRDA:321,12,0,1
BRDA:321,12,1,7
BRDA:324,13,0,1
BRDA:324,13,1,6
BRDA:327,14,0,1
BRDA:327,14,1,5
BRDA:334,15,0,1
BRDA:334,15,1,4
BRDA:340,16,0,1
BRDA:340,16,1,3
BRDA:346,17,0,1
BRDA:346,17,1,2
BRDA:443,18,0,1
BRDA:443,18,1,2
BRDA:450,19,0,1
BRDA:450,19,1,1
BRDA:451,20,0,2
BRDA:451,20,1,0
BRDA:452,21,0,1
BRDA:452,21,1,1
BRDA:453,22,0,0
BRDA:453,22,1,2
BRDA:524,23,0,1
BRDA:524,23,1,2
BRDA:538,24,0,1
BRDA:538,24,1,1
BRDA:583,25,0,1
BRDA:583,25,1,2
BRDA:587,26,0,1
BRDA:587,26,1,1
BRDA:630,27,0,1
BRDA:630,27,1,3
BRF:54
BRH:52
end_of_record
TN:
SF:routes\room_dimensions_route.js
FN:5,checkTableExists
FN:22,ensureTableExists
FN:163,(anonymous_2)
FN:169,(anonymous_3)
FN:218,(anonymous_4)
FN:271,(anonymous_5)
FN:367,(anonymous_6)
FN:461,(anonymous_7)
FN:511,(anonymous_8)
FN:522,(anonymous_9)
FN:574,(anonymous_10)
FN:589,(anonymous_11)
FN:640,(anonymous_12)
FN:657,(anonymous_13)
FN:705,(anonymous_14)
FN:721,(anonymous_15)
FN:776,(anonymous_16)
FN:818,(anonymous_17)
FN:826,(anonymous_18)
FNF:19
FNH:0
FNDA:0,checkTableExists
FNDA:0,ensureTableExists
FNDA:0,(anonymous_2)
FNDA:0,(anonymous_3)
FNDA:0,(anonymous_4)
FNDA:0,(anonymous_5)
FNDA:0,(anonymous_6)
FNDA:0,(anonymous_7)
FNDA:0,(anonymous_8)
FNDA:0,(anonymous_9)
FNDA:0,(anonymous_10)
FNDA:0,(anonymous_11)
FNDA:0,(anonymous_12)
FNDA:0,(anonymous_13)
FNDA:0,(anonymous_14)
FNDA:0,(anonymous_15)
FNDA:0,(anonymous_16)
FNDA:0,(anonymous_17)
FNDA:0,(anonymous_18)
DA:1,1
DA:2,1
DA:6,0
DA:7,0
DA:14,0
DA:16,0
DA:17,0
DA:23,0
DA:25,0
DA:26,0
DA:28,0
DA:30,0
DA:43,0
DA:118,0
DA:124,0
DA:127,0
DA:129,0
DA:130,0
DA:138,1
DA:163,1
DA:164,0
DA:165,0
DA:166,0
DA:169,0
DA:171,0
DA:172,0
DA:174,0
DA:177,0
DA:179,0
DA:180,0
DA:182,0
DA:185,0
DA:187,0
DA:188,0
DA:218,1
DA:219,0
DA:220,0
DA:221,0
DA:222,0
DA:223,0
DA:224,0
DA:228,0
DA:229,0
DA:230,0
DA:231,0
DA:233,0
DA:235,0
DA:236,0
DA:239,0
DA:241,0
DA:242,0
DA:271,1
DA:272,0
DA:283,0
DA:285,0
DA:287,0
DA:288,0
DA:289,0
DA:292,0
DA:317,0
DA:319,0
DA:320,0
DA:321,0
DA:323,0
DA:324,0
DA:326,0
DA:327,0
DA:329,0
DA:367,1
DA:368,0
DA:369,0
DA:380,0
DA:382,0
DA:384,0
DA:385,0
DA:386,0
DA:389,0
DA:417,0
DA:418,0
DA:421,0
DA:423,0
DA:424,0
DA:425,0
DA:427,0
DA:428,0
DA:430,0
DA:431,0
DA:433,0
DA:461,1
DA:462,0
DA:463,0
DA:465,0
DA:466,0
DA:471,0
DA:472,0
DA:475,0
DA:477,0
DA:478,0
DA:479,0
DA:481,0
DA:511,1
DA:512,0
DA:513,0
DA:515,0
DA:516,0
DA:522,0
DA:523,0
DA:524,0
DA:525,0
DA:527,0
DA:529,0
DA:530,0
DA:532,0
DA:535,0
DA:537,0
DA:538,0
DA:574,1
DA:575,0
DA:576,0
DA:578,0
DA:579,0
DA:582,0
DA:583,0
DA:589,0
DA:590,0
DA:591,0
DA:592,0
DA:594,0
DA:596,0
DA:597,0
DA:599,0
DA:602,0
DA:604,0
DA:605,0
DA:640,1
DA:641,0
DA:642,0
DA:643,0
DA:645,0
DA:646,0
DA:647,0
DA:649,0
DA:650,0
DA:651,0
DA:654,0
DA:657,0
DA:658,0
DA:659,0
DA:660,0
DA:662,0
DA:664,0
DA:665,0
DA:667,0
DA:670,0
DA:672,0
DA:673,0
DA:674,0
DA:676,0
DA:705,1
DA:706,0
DA:707,0
DA:709,0
DA:710,0
DA:711,0
DA:713,0
DA:714,0
DA:715,0
DA:718,0
DA:721,0
DA:722,0
DA:723,0
DA:724,0
DA:726,0
DA:728,0
DA:729,0
DA:731,0
DA:734,0
DA:736,0
DA:737,0
DA:776,1
DA:777,0
DA:778,0
DA:780,0
DA:782,0
DA:793,0
DA:805,0
DA:817,0
DA:818,0
DA:819,0
DA:825,0
DA:826,0
DA:827,0
DA:833,0
DA:841,0
DA:842,0
DA:849,1
LF:196
LH:14
BRDA:28,0,0,0
BRDA:28,0,1,0
BRDA:171,1,0,0
BRDA:171,1,1,0
BRDA:171,2,0,0
BRDA:171,2,1,0
BRDA:179,3,0,0
BRDA:179,3,1,0
BRDA:223,4,0,0
BRDA:223,4,1,0
BRDA:229,5,0,0
BRDA:229,5,1,0
BRDA:229,6,0,0
BRDA:229,6,1,0
BRDA:235,7,0,0
BRDA:235,7,1,0
BRDA:288,8,0,0
BRDA:288,8,1,0
BRDA:288,9,0,0
BRDA:288,9,1,0
BRDA:320,10,0,0
BRDA:320,10,1,0
BRDA:323,11,0,0
BRDA:323,11,1,0
BRDA:326,12,0,0
BRDA:326,12,1,0
BRDA:385,13,0,0
BRDA:385,13,1,0
BRDA:385,14,0,0
BRDA:385,14,1,0
BRDA:417,15,0,0
BRDA:417,15,1,0
BRDA:424,16,0,0
BRDA:424,16,1,0
BRDA:427,17,0,0
BRDA:427,17,1,0
BRDA:430,18,0,0
BRDA:430,18,1,0
BRDA:471,19,0,0
BRDA:471,19,1,0
BRDA:478,20,0,0
BRDA:478,20,1,0
BRDA:523,21,0,0
BRDA:523,21,1,0
BRDA:523,22,0,0
BRDA:523,22,1,0
BRDA:529,23,0,0
BRDA:529,23,1,0
BRDA:578,24,0,0
BRDA:578,24,1,0
BRDA:578,25,0,0
BRDA:578,25,1,0
BRDA:590,26,0,0
BRDA:590,26,1,0
BRDA:590,27,0,0
BRDA:590,27,1,0
BRDA:596,28,0,0
BRDA:596,28,1,0
BRDA:649,29,0,0
BRDA:649,29,1,0
BRDA:658,30,0,0
BRDA:658,30,1,0
BRDA:658,31,0,0
BRDA:658,31,1,0
BRDA:664,32,0,0
BRDA:664,32,1,0
BRDA:673,33,0,0
BRDA:673,33,1,0
BRDA:713,34,0,0
BRDA:713,34,1,0
BRDA:722,35,0,0
BRDA:722,35,1,0
BRDA:722,36,0,0
BRDA:722,36,1,0
BRDA:728,37,0,0
BRDA:728,37,1,0
BRDA:821,38,0,0
BRDA:821,38,1,0
BRDA:829,39,0,0
BRDA:829,39,1,0
BRDA:834,40,0,0
BRDA:834,40,1,0
BRDA:835,41,0,0
BRDA:835,41,1,0
BRDA:836,42,0,0
BRDA:836,42,1,0
BRF:86
BRH:0
end_of_record
TN:
SF:routes\vendors_route.js
FN:25,(anonymous_0)
FN:59,(anonymous_1)
FN:97,(anonymous_2)
FN:157,(anonymous_3)
FN:244,(anonymous_4)
FN:309,(anonymous_5)
FNF:6
FNH:6
FNDA:2,(anonymous_0)
FNDA:3,(anonymous_1)
FNDA:3,(anonymous_2)
FNDA:7,(anonymous_3)
FNDA:7,(anonymous_4)
FNDA:4,(anonymous_5)
DA:1,1
DA:2,1
DA:25,1
DA:26,2
DA:27,2
DA:28,2
DA:29,1
DA:31,1
DA:32,1
DA:59,1
DA:60,3
DA:61,3
DA:62,3
DA:63,3
DA:64,2
DA:65,1
DA:67,1
DA:69,1
DA:70,1
DA:97,1
DA:98,3
DA:99,3
DA:101,3
DA:102,3
DA:107,2
DA:109,1
DA:110,1
DA:157,1
DA:158,7
DA:162,7
DA:164,7
DA:165,1
DA:168,6
DA:169,6
DA:178,2
DA:180,4
DA:181,4
DA:182,1
DA:184,3
DA:185,1
DA:187,2
DA:188,1
DA:190,1
DA:244,1
DA:245,7
DA:246,7
DA:250,7
DA:252,7
DA:253,1
DA:256,6
DA:257,6
DA:271,3
DA:272,1
DA:275,2
DA:277,3
DA:278,3
DA:279,1
DA:281,2
DA:282,1
DA:284,1
DA:309,1
DA:310,4
DA:311,4
DA:313,4
DA:314,4
DA:319,2
DA:320,1
DA:323,1
DA:325,2
DA:326,2
DA:327,1
DA:329,1
DA:333,1
LF:73
LH:73
BRDA:64,0,0,1
BRDA:64,0,1,1
BRDA:164,1,0,1
BRDA:164,1,1,6
BRDA:181,2,0,1
BRDA:181,2,1,3
BRDA:184,3,0,1
BRDA:184,3,1,2
BRDA:187,4,0,1
BRDA:187,4,1,1
BRDA:252,5,0,1
BRDA:252,5,1,6
BRDA:271,6,0,1
BRDA:271,6,1,2
BRDA:278,7,0,1
BRDA:278,7,1,2
BRDA:281,8,0,1
BRDA:281,8,1,1
BRDA:319,9,0,1
BRDA:319,9,1,1
BRDA:326,10,0,1
BRDA:326,10,1,1
BRF:22
BRH:22
end_of_record
